/data/leuven/380/vsc38053/miniconda3/envs/mmaction_clean/lib/python3.10/site-packages/mmengine/optim/optimizer/zero_optimizer.py:11: DeprecationWarning: `TorchScript` support for functional optimizers is deprecated and will be removed in a future PyTorch release. Consider using the `torch.compile` optimizer instead.
  from torch.distributed.optim import \
/data/leuven/380/vsc38053/miniconda3/envs/mmaction_clean/lib/python3.10/site-packages/mmcv/cnn/bricks/transformer.py:33: UserWarning: Fail to import ``MultiScaleDeformableAttention`` from ``mmcv.ops.multi_scale_deform_attn``, You should install ``mmcv`` rather than ``mmcv-lite`` if you need this module. 
  warnings.warn('Fail to import ``MultiScaleDeformableAttention`` from '
Traceback (most recent call last):
  File "/vsc-hard-mounts/leuven-data/380/vsc38053/RD_Project/mmaction2/tools/train.py", line 143, in <module>
    main()
  File "/vsc-hard-mounts/leuven-data/380/vsc38053/RD_Project/mmaction2/tools/train.py", line 132, in main
    runner = Runner.from_cfg(cfg)
  File "/data/leuven/380/vsc38053/miniconda3/envs/mmaction_clean/lib/python3.10/site-packages/mmengine/runner/runner.py", line 462, in from_cfg
    runner = cls(
  File "/data/leuven/380/vsc38053/miniconda3/envs/mmaction_clean/lib/python3.10/site-packages/mmengine/runner/runner.py", line 429, in __init__
    self.model = self.build_model(model)
  File "/data/leuven/380/vsc38053/miniconda3/envs/mmaction_clean/lib/python3.10/site-packages/mmengine/runner/runner.py", line 836, in build_model
    model = MODELS.build(model)
  File "/data/leuven/380/vsc38053/miniconda3/envs/mmaction_clean/lib/python3.10/site-packages/mmengine/registry/registry.py", line 570, in build
    return self.build_func(cfg, *args, **kwargs, registry=self)
  File "/data/leuven/380/vsc38053/miniconda3/envs/mmaction_clean/lib/python3.10/site-packages/mmengine/registry/build_functions.py", line 232, in build_model_from_cfg
    return build_from_cfg(cfg, registry, default_args)
  File "/data/leuven/380/vsc38053/miniconda3/envs/mmaction_clean/lib/python3.10/site-packages/mmengine/registry/build_functions.py", line 98, in build_from_cfg
    obj_cls = registry.get(obj_type)
  File "/data/leuven/380/vsc38053/miniconda3/envs/mmaction_clean/lib/python3.10/site-packages/mmengine/registry/registry.py", line 451, in get
    self.import_from_location()
  File "/data/leuven/380/vsc38053/miniconda3/envs/mmaction_clean/lib/python3.10/site-packages/mmengine/registry/registry.py", line 376, in import_from_location
    import_module(loc)
  File "/data/leuven/380/vsc38053/miniconda3/envs/mmaction_clean/lib/python3.10/importlib/__init__.py", line 126, in import_module
    return _bootstrap._gcd_import(name[level:], package, level)
  File "<frozen importlib._bootstrap>", line 1050, in _gcd_import
  File "<frozen importlib._bootstrap>", line 1027, in _find_and_load
  File "<frozen importlib._bootstrap>", line 1006, in _find_and_load_unlocked
  File "<frozen importlib._bootstrap>", line 688, in _load_unlocked
  File "<frozen importlib._bootstrap_external>", line 883, in exec_module
  File "<frozen importlib._bootstrap>", line 241, in _call_with_frames_removed
  File "/vsc-hard-mounts/leuven-data/380/vsc38053/RD_Project/mmaction2/mmaction/models/__init__.py", line 8, in <module>
    from .multimodal import *  # noqa: F401,F403
  File "/vsc-hard-mounts/leuven-data/380/vsc38053/RD_Project/mmaction2/mmaction/models/multimodal/__init__.py", line 2, in <module>
    from mmaction.utils.dependency import WITH_MULTIMODAL
  File "/vsc-hard-mounts/leuven-data/380/vsc38053/RD_Project/mmaction2/mmaction/utils/dependency.py", line 6, in <module>
    from importlib_metadata import PackageNotFoundError, distribution
ModuleNotFoundError: No module named 'importlib_metadata'
