SLURM_JOB_ID: 65450375
SLURM_JOB_USER: vsc38053
SLURM_JOB_ACCOUNT: lp_edu_rdlab
SLURM_JOB_NAME: x3d_epic_wice
SLURM_CLUSTER_NAME: wice
SLURM_JOB_PARTITION: interactive
SLURM_NNODES: 1
SLURM_NODELIST: k28i16
SLURM_JOB_CPUS_PER_NODE: 4
SLURM_JOB_GPUS: 0
Date: Sun Nov 16 14:47:09 CET 2025
Walltime: 00-12:00:00
========================================================================
11/16 14:47:22 - mmengine - INFO - 
------------------------------------------------------------
System environment:
    sys.platform: linux
    Python: 3.10.19 (main, Oct 21 2025, 16:43:05) [GCC 11.2.0]
    CUDA available: True
    MUSA available: False
    numpy_random_seed: 18947685
    GPU 0: NVIDIA A100 80GB PCIe MIG 1g.10gb
    CUDA_HOME: None
    GCC: gcc (GCC) 8.5.0 20210514 (Red Hat 8.5.0-28)
    PyTorch: 2.9.1+cu128
    PyTorch compiling details: PyTorch built with:
  - GCC 13.3
  - C++ Version: 201703
  - Intel(R) oneAPI Math Kernel Library Version 2024.2-Product Build 20240605 for Intel(R) 64 architecture applications
  - Intel(R) MKL-DNN v3.7.1 (Git Hash 8d263e693366ef8db40acc569cc7d8edf644556d)
  - OpenMP 201511 (a.k.a. OpenMP 4.5)
  - LAPACK is enabled (usually provided by MKL)
  - NNPACK is enabled
  - CPU capability usage: AVX512
  - CUDA Runtime 12.8
  - NVCC architecture flags: -gencode;arch=compute_70,code=sm_70;-gencode;arch=compute_75,code=sm_75;-gencode;arch=compute_80,code=sm_80;-gencode;arch=compute_86,code=sm_86;-gencode;arch=compute_90,code=sm_90;-gencode;arch=compute_100,code=sm_100;-gencode;arch=compute_120,code=sm_120
  - CuDNN 91.0.2  (built against CUDA 12.9)
    - Built with CuDNN 90.8
  - Magma 2.6.1
  - Build settings: BLAS_INFO=mkl, BUILD_TYPE=Release, COMMIT_SHA=5811a8d7da873dd699ff6687092c225caffcf1bb, CUDA_VERSION=12.8, CUDNN_VERSION=9.8.0, CXX_COMPILER=/opt/rh/gcc-toolset-13/root/usr/bin/c++, CXX_FLAGS= -fvisibility-inlines-hidden -DUSE_PTHREADPOOL -DNDEBUG -DUSE_KINETO -DLIBKINETO_NOROCTRACER -DLIBKINETO_NOXPUPTI=ON -DUSE_FBGEMM -DUSE_PYTORCH_QNNPACK -DUSE_XNNPACK -DSYMBOLICATE_MOBILE_DEBUG_HANDLE -O2 -fPIC -DC10_NODEPRECATED -Wall -Wextra -Werror=return-type -Werror=non-virtual-dtor -Werror=range-loop-construct -Werror=bool-operation -Wnarrowing -Wno-missing-field-initializers -Wno-unknown-pragmas -Wno-unused-parameter -Wno-strict-overflow -Wno-strict-aliasing -Wno-stringop-overflow -Wsuggest-override -Wno-psabi -Wno-error=old-style-cast -faligned-new -Wno-maybe-uninitialized -fno-math-errno -fno-trapping-math -Werror=format -Wno-dangling-reference -Wno-error=dangling-reference -Wno-stringop-overflow, LAPACK_INFO=mkl, PERF_WITH_AVX=1, PERF_WITH_AVX2=1, TORCH_VERSION=2.9.1, USE_CUDA=ON, USE_CUDNN=ON, USE_CUSPARSELT=1, USE_GFLAGS=OFF, USE_GLOG=OFF, USE_GLOO=ON, USE_MKL=ON, USE_MKLDNN=ON, USE_MPI=OFF, USE_NCCL=1, USE_NNPACK=ON, USE_OPENMP=ON, USE_ROCM=OFF, USE_ROCM_KERNEL_ASSERT=OFF, USE_XCCL=OFF, USE_XPU=OFF, 

    TorchVision: 0.24.1+cu128
    OpenCV: 4.12.0
    MMEngine: 0.10.7

Runtime environment:
    cudnn_benchmark: False
    mp_cfg: {'mp_start_method': 'fork', 'opencv_num_threads': 0}
    dist_cfg: {'backend': 'nccl'}
    seed: 18947685
    diff_rank_seed: False
    deterministic: False
    Distributed launcher: none
    Distributed training: False
    GPU number: 1
------------------------------------------------------------

11/16 14:47:23 - mmengine - INFO - Config:
ann_file_test = '/data/leuven/380/vsc38053/RD_Project/epic-kitchens-data/epic100_val_verb_list_exist.txt'
ann_file_train = '/data/leuven/380/vsc38053/RD_Project/epic-kitchens-data/epic100_train_verb_list_exist.txt'
ann_file_val = '/data/leuven/380/vsc38053/RD_Project/epic-kitchens-data/epic100_val_verb_list_exist.txt'
data_root = '/data/leuven/380/vsc38053/RD_Project/epic-kitchens-data/videos_640x360'
data_root_val = '/data/leuven/380/vsc38053/RD_Project/epic-kitchens-data/videos_640x360'
dataset_type = 'VideoDataset'
default_hooks = dict(
    checkpoint=dict(interval=1, save_best='auto', type='CheckpointHook'),
    logger=dict(ignore_last=False, interval=20, type='LoggerHook'),
    param_scheduler=dict(type='ParamSchedulerHook'),
    runtime_info=dict(type='RuntimeInfoHook'),
    sampler_seed=dict(type='DistSamplerSeedHook'),
    sync_buffers=dict(type='SyncBuffersHook'),
    timer=dict(type='IterTimerHook'))
default_scope = 'mmaction'
env_cfg = dict(
    cudnn_benchmark=False,
    dist_cfg=dict(backend='nccl'),
    mp_cfg=dict(mp_start_method='fork', opencv_num_threads=0))
launcher = 'none'
load_from = None
log_level = 'INFO'
log_processor = dict(by_epoch=True, type='LogProcessor', window_size=20)
model = dict(
    backbone=dict(gamma_b=2.25, gamma_d=2.2, gamma_w=1.0, type='X3D'),
    cls_head=dict(
        average_clips='prob',
        dropout_ratio=0.5,
        fc1_bias=False,
        in_channels=432,
        num_classes=97,
        spatial_type='avg',
        type='X3DHead'),
    data_preprocessor=dict(
        format_shape='NCTHW',
        mean=[
            114.75,
            114.75,
            114.75,
        ],
        std=[
            57.38,
            57.38,
            57.38,
        ],
        type='ActionDataPreprocessor'),
    test_cfg=None,
    train_cfg=None,
    type='Recognizer3D')
optim_wrapper = dict(
    clip_grad=dict(max_norm=40, norm_type=2),
    optimizer=dict(lr=0.01, momentum=0.9, type='SGD', weight_decay=0.0001))
param_scheduler = [
    dict(T_max=30, by_epoch=True, eta_min=0.0, type='CosineAnnealingLR'),
]
randomness = dict(deterministic=False, diff_rank_seed=False, seed=None)
resume = False
test_cfg = dict(type='TestLoop')
test_dataloader = dict(
    batch_size=1,
    dataset=dict(
        ann_file=
        '/data/leuven/380/vsc38053/RD_Project/epic-kitchens-data/epic100_val_verb_list_exist.txt',
        data_prefix=dict(
            video=
            '/data/leuven/380/vsc38053/RD_Project/epic-kitchens-data/videos_640x360'
        ),
        pipeline=[
            dict(type='DecordInit'),
            dict(
                clip_len=13,
                frame_interval=6,
                num_clips=10,
                test_mode=True,
                type='SampleFrames'),
            dict(type='DecordDecode'),
            dict(scale=(
                -1,
                182,
            ), type='Resize'),
            dict(crop_size=182, type='ThreeCrop'),
            dict(input_format='NCTHW', type='FormatShape'),
            dict(type='PackActionInputs'),
        ],
        test_mode=True,
        type='VideoDataset'),
    num_workers=4,
    persistent_workers=True,
    sampler=dict(shuffle=False, type='DefaultSampler'))
test_evaluator = dict(type='AccMetric')
test_pipeline = [
    dict(type='DecordInit'),
    dict(
        clip_len=13,
        frame_interval=6,
        num_clips=10,
        test_mode=True,
        type='SampleFrames'),
    dict(type='DecordDecode'),
    dict(scale=(
        -1,
        182,
    ), type='Resize'),
    dict(crop_size=182, type='ThreeCrop'),
    dict(input_format='NCTHW', type='FormatShape'),
    dict(type='PackActionInputs'),
]
train_cfg = dict(
    max_epochs=30, type='EpochBasedTrainLoop', val_begin=1, val_interval=1)
train_dataloader = dict(
    batch_size=8,
    dataset=dict(
        ann_file=
        '/data/leuven/380/vsc38053/RD_Project/epic-kitchens-data/epic100_train_verb_list_exist.txt',
        data_prefix=dict(
            video=
            '/data/leuven/380/vsc38053/RD_Project/epic-kitchens-data/videos_640x360'
        ),
        pipeline=[
            dict(type='DecordInit'),
            dict(
                clip_len=13,
                frame_interval=6,
                num_clips=1,
                type='SampleFrames'),
            dict(type='DecordDecode'),
            dict(scale=(
                -1,
                182,
            ), type='Resize'),
            dict(
                area_range=(
                    0.8,
                    1.0,
                ),
                aspect_ratio_range=(
                    0.75,
                    1.3333333333333333,
                ),
                type='RandomResizedCrop'),
            dict(keep_ratio=False, scale=(
                182,
                182,
            ), type='Resize'),
            dict(flip_ratio=0.5, type='Flip'),
            dict(input_format='NCTHW', type='FormatShape'),
            dict(type='PackActionInputs'),
        ],
        type='VideoDataset'),
    num_workers=4,
    persistent_workers=True,
    sampler=dict(shuffle=True, type='DefaultSampler'))
train_pipeline = [
    dict(type='DecordInit'),
    dict(clip_len=13, frame_interval=6, num_clips=1, type='SampleFrames'),
    dict(type='DecordDecode'),
    dict(scale=(
        -1,
        182,
    ), type='Resize'),
    dict(
        area_range=(
            0.8,
            1.0,
        ),
        aspect_ratio_range=(
            0.75,
            1.3333333333333333,
        ),
        type='RandomResizedCrop'),
    dict(keep_ratio=False, scale=(
        182,
        182,
    ), type='Resize'),
    dict(flip_ratio=0.5, type='Flip'),
    dict(input_format='NCTHW', type='FormatShape'),
    dict(type='PackActionInputs'),
]
val_cfg = dict(type='ValLoop')
val_dataloader = dict(
    batch_size=8,
    dataset=dict(
        ann_file=
        '/data/leuven/380/vsc38053/RD_Project/epic-kitchens-data/epic100_val_verb_list_exist.txt',
        data_prefix=dict(
            video=
            '/data/leuven/380/vsc38053/RD_Project/epic-kitchens-data/videos_640x360'
        ),
        pipeline=[
            dict(type='DecordInit'),
            dict(
                clip_len=13,
                frame_interval=6,
                num_clips=1,
                test_mode=True,
                type='SampleFrames'),
            dict(type='DecordDecode'),
            dict(scale=(
                -1,
                182,
            ), type='Resize'),
            dict(crop_size=182, type='CenterCrop'),
            dict(input_format='NCTHW', type='FormatShape'),
            dict(type='PackActionInputs'),
        ],
        test_mode=True,
        type='VideoDataset'),
    num_workers=4,
    persistent_workers=True,
    sampler=dict(shuffle=False, type='DefaultSampler'))
val_evaluator = dict(type='AccMetric')
val_pipeline = [
    dict(type='DecordInit'),
    dict(
        clip_len=13,
        frame_interval=6,
        num_clips=1,
        test_mode=True,
        type='SampleFrames'),
    dict(type='DecordDecode'),
    dict(scale=(
        -1,
        182,
    ), type='Resize'),
    dict(crop_size=182, type='CenterCrop'),
    dict(input_format='NCTHW', type='FormatShape'),
    dict(type='PackActionInputs'),
]
vis_backends = [
    dict(type='LocalVisBackend'),
]
visualizer = dict(
    type='ActionVisualizer', vis_backends=[
        dict(type='LocalVisBackend'),
    ])
work_dir = './work_dirs/x3d_s_epic100_13x6x1_rgb'

11/16 14:47:24 - mmengine - INFO - Distributed training is not used, all SyncBatchNorm (SyncBN) layers in the model will be automatically reverted to BatchNormXd layers if they are used.
11/16 14:47:24 - mmengine - INFO - Hooks will be executed in the following order:
before_run:
(VERY_HIGH   ) RuntimeInfoHook                    
(BELOW_NORMAL) LoggerHook                         
 -------------------- 
before_train:
(VERY_HIGH   ) RuntimeInfoHook                    
(NORMAL      ) IterTimerHook                      
(VERY_LOW    ) CheckpointHook                     
 -------------------- 
before_train_epoch:
(VERY_HIGH   ) RuntimeInfoHook                    
(NORMAL      ) IterTimerHook                      
(NORMAL      ) DistSamplerSeedHook                
 -------------------- 
before_train_iter:
(VERY_HIGH   ) RuntimeInfoHook                    
(NORMAL      ) IterTimerHook                      
 -------------------- 
after_train_iter:
(VERY_HIGH   ) RuntimeInfoHook                    
(NORMAL      ) IterTimerHook                      
(BELOW_NORMAL) LoggerHook                         
(LOW         ) ParamSchedulerHook                 
(VERY_LOW    ) CheckpointHook                     
 -------------------- 
after_train_epoch:
(NORMAL      ) IterTimerHook                      
(NORMAL      ) SyncBuffersHook                    
(LOW         ) ParamSchedulerHook                 
(VERY_LOW    ) CheckpointHook                     
 -------------------- 
before_val:
(VERY_HIGH   ) RuntimeInfoHook                    
 -------------------- 
before_val_epoch:
(NORMAL      ) IterTimerHook                      
(NORMAL      ) SyncBuffersHook                    
 -------------------- 
before_val_iter:
(NORMAL      ) IterTimerHook                      
 -------------------- 
after_val_iter:
(NORMAL      ) IterTimerHook                      
(BELOW_NORMAL) LoggerHook                         
 -------------------- 
after_val_epoch:
(VERY_HIGH   ) RuntimeInfoHook                    
(NORMAL      ) IterTimerHook                      
(BELOW_NORMAL) LoggerHook                         
(LOW         ) ParamSchedulerHook                 
(VERY_LOW    ) CheckpointHook                     
 -------------------- 
after_val:
(VERY_HIGH   ) RuntimeInfoHook                    
 -------------------- 
after_train:
(VERY_HIGH   ) RuntimeInfoHook                    
(VERY_LOW    ) CheckpointHook                     
 -------------------- 
before_test:
(VERY_HIGH   ) RuntimeInfoHook                    
 -------------------- 
before_test_epoch:
(NORMAL      ) IterTimerHook                      
 -------------------- 
before_test_iter:
(NORMAL      ) IterTimerHook                      
 -------------------- 
after_test_iter:
(NORMAL      ) IterTimerHook                      
(BELOW_NORMAL) LoggerHook                         
 -------------------- 
after_test_epoch:
(VERY_HIGH   ) RuntimeInfoHook                    
(NORMAL      ) IterTimerHook                      
(BELOW_NORMAL) LoggerHook                         
 -------------------- 
after_test:
(VERY_HIGH   ) RuntimeInfoHook                    
 -------------------- 
after_run:
(BELOW_NORMAL) LoggerHook                         
 -------------------- 
11/16 14:47:25 - mmengine - WARNING - "FileClient" will be deprecated in future. Please use io functions in https://mmengine.readthedocs.io/en/latest/api/fileio.html#file-io
11/16 14:47:25 - mmengine - WARNING - "HardDiskBackend" is the alias of "LocalBackend" and the former will be deprecated in future.
11/16 14:47:25 - mmengine - INFO - Checkpoints will be saved to /vsc-hard-mounts/leuven-data/380/vsc38053/RD_Project/mmaction2/work_dirs/x3d_s_epic100_13x6x1_rgb.
11/16 14:48:23 - mmengine - INFO - Epoch(train)  [1][  20/3558]  lr: 1.0000e-02  eta: 3 days, 13:15:47  time: 2.8762  data_time: 2.0144  memory: 4116  grad_norm: 3.1691  loss: 3.9736  top1_acc: 0.0000  top5_acc: 0.6250  loss_cls: 3.9736
11/16 14:49:11 - mmengine - INFO - Epoch(train)  [1][  40/3558]  lr: 1.0000e-02  eta: 3 days, 6:11:04  time: 2.3996  data_time: 1.9552  memory: 4116  grad_norm: 4.2568  loss: 3.5076  top1_acc: 0.3750  top5_acc: 0.6250  loss_cls: 3.5076
11/16 14:50:11 - mmengine - INFO - Epoch(train)  [1][  60/3558]  lr: 1.0000e-02  eta: 3 days, 9:39:29  time: 2.9910  data_time: 2.5408  memory: 4116  grad_norm: 3.7220  loss: 3.1427  top1_acc: 0.0000  top5_acc: 0.6250  loss_cls: 3.1427
