SLURM_JOB_ID: 65450963
SLURM_JOB_USER: vsc38053
SLURM_JOB_ACCOUNT: lp_edu_rdlab
SLURM_JOB_NAME: x3d_epic_pairs_wice
SLURM_CLUSTER_NAME: wice
SLURM_JOB_PARTITION: interactive
SLURM_NNODES: 1
SLURM_NODELIST: k28i14
SLURM_JOB_CPUS_PER_NODE: 4
SLURM_JOB_GPUS: 2
Date: Sun Nov 16 18:57:36 CET 2025
Walltime: 00-12:00:00
========================================================================
11/16 18:57:48 - mmengine - INFO - 
------------------------------------------------------------
System environment:
    sys.platform: linux
    Python: 3.10.19 (main, Oct 21 2025, 16:43:05) [GCC 11.2.0]
    CUDA available: True
    MUSA available: False
    numpy_random_seed: 974827298
    GPU 0: NVIDIA A100 80GB PCIe MIG 1g.10gb
    CUDA_HOME: None
    GCC: gcc (GCC) 8.5.0 20210514 (Red Hat 8.5.0-28)
    PyTorch: 2.1.0+cu118
    PyTorch compiling details: PyTorch built with:
  - GCC 9.3
  - C++ Version: 201703
  - Intel(R) oneAPI Math Kernel Library Version 2022.2-Product Build 20220804 for Intel(R) 64 architecture applications
  - Intel(R) MKL-DNN v3.1.1 (Git Hash 64f6bcbcbab628e96f33a62c3e975f8535a7bde4)
  - OpenMP 201511 (a.k.a. OpenMP 4.5)
  - LAPACK is enabled (usually provided by MKL)
  - NNPACK is enabled
  - CPU capability usage: AVX512
  - CUDA Runtime 11.8
  - NVCC architecture flags: -gencode;arch=compute_50,code=sm_50;-gencode;arch=compute_60,code=sm_60;-gencode;arch=compute_70,code=sm_70;-gencode;arch=compute_75,code=sm_75;-gencode;arch=compute_80,code=sm_80;-gencode;arch=compute_86,code=sm_86;-gencode;arch=compute_37,code=sm_37;-gencode;arch=compute_90,code=sm_90
  - CuDNN 8.7
  - Magma 2.6.1
  - Build settings: BLAS_INFO=mkl, BUILD_TYPE=Release, CUDA_VERSION=11.8, CUDNN_VERSION=8.7.0, CXX_COMPILER=/opt/rh/devtoolset-9/root/usr/bin/c++, CXX_FLAGS= -D_GLIBCXX_USE_CXX11_ABI=0 -fabi-version=11 -fvisibility-inlines-hidden -DUSE_PTHREADPOOL -DNDEBUG -DUSE_KINETO -DLIBKINETO_NOROCTRACER -DUSE_FBGEMM -DUSE_QNNPACK -DUSE_PYTORCH_QNNPACK -DUSE_XNNPACK -DSYMBOLICATE_MOBILE_DEBUG_HANDLE -O2 -fPIC -Wall -Wextra -Werror=return-type -Werror=non-virtual-dtor -Werror=bool-operation -Wnarrowing -Wno-missing-field-initializers -Wno-type-limits -Wno-array-bounds -Wno-unknown-pragmas -Wno-unused-parameter -Wno-unused-function -Wno-unused-result -Wno-strict-overflow -Wno-strict-aliasing -Wno-stringop-overflow -Wno-psabi -Wno-error=pedantic -Wno-error=old-style-cast -Wno-invalid-partial-specialization -Wno-unused-private-field -Wno-aligned-allocation-unavailable -Wno-missing-braces -fdiagnostics-color=always -faligned-new -Wno-unused-but-set-variable -Wno-maybe-uninitialized -fno-math-errno -fno-trapping-math -Werror=format -Werror=cast-function-type -Wno-stringop-overflow, LAPACK_INFO=mkl, PERF_WITH_AVX=1, PERF_WITH_AVX2=1, PERF_WITH_AVX512=1, TORCH_DISABLE_GPU_ASSERTS=ON, TORCH_VERSION=2.1.0, USE_CUDA=ON, USE_CUDNN=ON, USE_EXCEPTION_PTR=1, USE_GFLAGS=OFF, USE_GLOG=OFF, USE_MKL=ON, USE_MKLDNN=ON, USE_MPI=OFF, USE_NCCL=1, USE_NNPACK=ON, USE_OPENMP=ON, USE_ROCM=OFF, 

    TorchVision: 0.16.0+cu118
    OpenCV: 4.12.0
    MMEngine: 0.10.7

Runtime environment:
    cudnn_benchmark: False
    mp_cfg: {'mp_start_method': 'fork', 'opencv_num_threads': 0}
    dist_cfg: {'backend': 'nccl'}
    seed: 974827298
    diff_rank_seed: False
    deterministic: False
    Distributed launcher: none
    Distributed training: False
    GPU number: 1
------------------------------------------------------------

11/16 18:57:49 - mmengine - INFO - Config:
ann_file_test = '/data/leuven/380/vsc38053/RD_Project/epic-kitchens-data/epic100_train_action_list.txt'
ann_file_train = '/data/leuven/380/vsc38053/RD_Project/epic-kitchens-data/epic100_train_action_list.txt'
ann_file_val = '/data/leuven/380/vsc38053/RD_Project/epic-kitchens-data/epic100_train_action_list.txt'
data_root = '/data/leuven/380/vsc38053/RD_Project/epic-kitchens-data/videos_640x360'
data_root_val = '/data/leuven/380/vsc38053/RD_Project/epic-kitchens-data/videos_640x360'
dataset_type = 'VideoDataset'
default_hooks = dict(
    checkpoint=dict(interval=1, save_best='auto', type='CheckpointHook'),
    logger=dict(ignore_last=False, interval=20, type='LoggerHook'),
    param_scheduler=dict(type='ParamSchedulerHook'),
    runtime_info=dict(type='RuntimeInfoHook'),
    sampler_seed=dict(type='DistSamplerSeedHook'),
    sync_buffers=dict(type='SyncBuffersHook'),
    timer=dict(type='IterTimerHook'))
default_scope = 'mmaction'
env_cfg = dict(
    cudnn_benchmark=False,
    dist_cfg=dict(backend='nccl'),
    mp_cfg=dict(mp_start_method='fork', opencv_num_threads=0))
launcher = 'none'
load_from = None
log_level = 'INFO'
log_processor = dict(by_epoch=True, type='LogProcessor', window_size=20)
model = dict(
    backbone=dict(gamma_b=2.25, gamma_d=2.2, gamma_w=1.0, type='X3D'),
    cls_head=dict(
        average_clips='prob',
        dropout_ratio=0.5,
        fc1_bias=False,
        in_channels=432,
        num_classes=2349,
        spatial_type='avg',
        type='X3DHead'),
    data_preprocessor=dict(
        format_shape='NCTHW',
        mean=[
            114.75,
            114.75,
            114.75,
        ],
        std=[
            57.38,
            57.38,
            57.38,
        ],
        type='ActionDataPreprocessor'),
    test_cfg=None,
    train_cfg=None,
    type='Recognizer3D')
optim_wrapper = dict(
    clip_grad=dict(max_norm=40, norm_type=2),
    optimizer=dict(lr=0.01, momentum=0.9, type='SGD', weight_decay=0.0001))
param_scheduler = [
    dict(T_max=30, by_epoch=True, eta_min=0.0, type='CosineAnnealingLR'),
]
randomness = dict(deterministic=False, diff_rank_seed=False, seed=None)
resume = False
test_cfg = dict(type='TestLoop')
test_dataloader = dict(
    batch_size=1,
    dataset=dict(
        ann_file=
        '/data/leuven/380/vsc38053/RD_Project/epic-kitchens-data/epic100_train_action_list.txt',
        data_prefix=dict(
            video=
            '/data/leuven/380/vsc38053/RD_Project/epic-kitchens-data/videos_640x360'
        ),
        pipeline=[
            dict(type='DecordInit'),
            dict(
                clip_len=13,
                frame_interval=6,
                num_clips=10,
                test_mode=True,
                type='SampleFrames'),
            dict(type='DecordDecode'),
            dict(scale=(
                -1,
                182,
            ), type='Resize'),
            dict(crop_size=182, type='ThreeCrop'),
            dict(input_format='NCTHW', type='FormatShape'),
            dict(type='PackActionInputs'),
        ],
        test_mode=True,
        type='VideoDataset'),
    num_workers=2,
    persistent_workers=False,
    sampler=dict(shuffle=False, type='DefaultSampler'))
test_evaluator = dict(type='AccMetric')
test_pipeline = [
    dict(type='DecordInit'),
    dict(
        clip_len=13,
        frame_interval=6,
        num_clips=10,
        test_mode=True,
        type='SampleFrames'),
    dict(type='DecordDecode'),
    dict(scale=(
        -1,
        182,
    ), type='Resize'),
    dict(crop_size=182, type='ThreeCrop'),
    dict(input_format='NCTHW', type='FormatShape'),
    dict(type='PackActionInputs'),
]
train_cfg = dict(
    max_epochs=3, type='EpochBasedTrainLoop', val_begin=1, val_interval=1)
train_dataloader = dict(
    batch_size=4,
    dataset=dict(
        ann_file=
        '/data/leuven/380/vsc38053/RD_Project/epic-kitchens-data/epic100_train_action_list.txt',
        data_prefix=dict(
            video=
            '/data/leuven/380/vsc38053/RD_Project/epic-kitchens-data/videos_640x360'
        ),
        pipeline=[
            dict(type='DecordInit'),
            dict(
                clip_len=13,
                frame_interval=6,
                num_clips=1,
                type='SampleFrames'),
            dict(type='DecordDecode'),
            dict(scale=(
                -1,
                182,
            ), type='Resize'),
            dict(
                area_range=(
                    0.8,
                    1.0,
                ),
                aspect_ratio_range=(
                    0.75,
                    1.3333333333333333,
                ),
                type='RandomResizedCrop'),
            dict(keep_ratio=False, scale=(
                182,
                182,
            ), type='Resize'),
            dict(flip_ratio=0.5, type='Flip'),
            dict(input_format='NCTHW', type='FormatShape'),
            dict(type='PackActionInputs'),
        ],
        type='VideoDataset'),
    num_workers=2,
    persistent_workers=False,
    sampler=dict(shuffle=True, type='DefaultSampler'))
train_pipeline = [
    dict(type='DecordInit'),
    dict(clip_len=13, frame_interval=6, num_clips=1, type='SampleFrames'),
    dict(type='DecordDecode'),
    dict(scale=(
        -1,
        182,
    ), type='Resize'),
    dict(
        area_range=(
            0.8,
            1.0,
        ),
        aspect_ratio_range=(
            0.75,
            1.3333333333333333,
        ),
        type='RandomResizedCrop'),
    dict(keep_ratio=False, scale=(
        182,
        182,
    ), type='Resize'),
    dict(flip_ratio=0.5, type='Flip'),
    dict(input_format='NCTHW', type='FormatShape'),
    dict(type='PackActionInputs'),
]
val_cfg = dict(type='ValLoop')
val_dataloader = dict(
    batch_size=4,
    dataset=dict(
        ann_file=
        '/data/leuven/380/vsc38053/RD_Project/epic-kitchens-data/epic100_train_action_list.txt',
        data_prefix=dict(
            video=
            '/data/leuven/380/vsc38053/RD_Project/epic-kitchens-data/videos_640x360'
        ),
        pipeline=[
            dict(type='DecordInit'),
            dict(
                clip_len=13,
                frame_interval=6,
                num_clips=1,
                test_mode=True,
                type='SampleFrames'),
            dict(type='DecordDecode'),
            dict(scale=(
                -1,
                182,
            ), type='Resize'),
            dict(crop_size=182, type='CenterCrop'),
            dict(input_format='NCTHW', type='FormatShape'),
            dict(type='PackActionInputs'),
        ],
        test_mode=True,
        type='VideoDataset'),
    num_workers=2,
    persistent_workers=False,
    sampler=dict(shuffle=False, type='DefaultSampler'))
val_evaluator = dict(type='AccMetric')
val_pipeline = [
    dict(type='DecordInit'),
    dict(
        clip_len=13,
        frame_interval=6,
        num_clips=1,
        test_mode=True,
        type='SampleFrames'),
    dict(type='DecordDecode'),
    dict(scale=(
        -1,
        182,
    ), type='Resize'),
    dict(crop_size=182, type='CenterCrop'),
    dict(input_format='NCTHW', type='FormatShape'),
    dict(type='PackActionInputs'),
]
vis_backends = [
    dict(type='LocalVisBackend'),
]
visualizer = dict(
    type='ActionVisualizer', vis_backends=[
        dict(type='LocalVisBackend'),
    ])
work_dir = './work_dirs/x3d_s_epic100_13x6x1_rgb_pairs'

11/16 18:57:49 - mmengine - INFO - Distributed training is not used, all SyncBatchNorm (SyncBN) layers in the model will be automatically reverted to BatchNormXd layers if they are used.
11/16 18:57:49 - mmengine - INFO - Hooks will be executed in the following order:
before_run:
(VERY_HIGH   ) RuntimeInfoHook                    
(BELOW_NORMAL) LoggerHook                         
 -------------------- 
before_train:
(VERY_HIGH   ) RuntimeInfoHook                    
(NORMAL      ) IterTimerHook                      
(VERY_LOW    ) CheckpointHook                     
 -------------------- 
before_train_epoch:
(VERY_HIGH   ) RuntimeInfoHook                    
(NORMAL      ) IterTimerHook                      
(NORMAL      ) DistSamplerSeedHook                
 -------------------- 
before_train_iter:
(VERY_HIGH   ) RuntimeInfoHook                    
(NORMAL      ) IterTimerHook                      
 -------------------- 
after_train_iter:
(VERY_HIGH   ) RuntimeInfoHook                    
(NORMAL      ) IterTimerHook                      
(BELOW_NORMAL) LoggerHook                         
(LOW         ) ParamSchedulerHook                 
(VERY_LOW    ) CheckpointHook                     
 -------------------- 
after_train_epoch:
(NORMAL      ) IterTimerHook                      
(NORMAL      ) SyncBuffersHook                    
(LOW         ) ParamSchedulerHook                 
(VERY_LOW    ) CheckpointHook                     
 -------------------- 
before_val:
(VERY_HIGH   ) RuntimeInfoHook                    
 -------------------- 
before_val_epoch:
(NORMAL      ) IterTimerHook                      
(NORMAL      ) SyncBuffersHook                    
 -------------------- 
before_val_iter:
(NORMAL      ) IterTimerHook                      
 -------------------- 
after_val_iter:
(NORMAL      ) IterTimerHook                      
(BELOW_NORMAL) LoggerHook                         
 -------------------- 
after_val_epoch:
(VERY_HIGH   ) RuntimeInfoHook                    
(NORMAL      ) IterTimerHook                      
(BELOW_NORMAL) LoggerHook                         
(LOW         ) ParamSchedulerHook                 
(VERY_LOW    ) CheckpointHook                     
 -------------------- 
after_val:
(VERY_HIGH   ) RuntimeInfoHook                    
 -------------------- 
after_train:
(VERY_HIGH   ) RuntimeInfoHook                    
(VERY_LOW    ) CheckpointHook                     
 -------------------- 
before_test:
(VERY_HIGH   ) RuntimeInfoHook                    
 -------------------- 
before_test_epoch:
(NORMAL      ) IterTimerHook                      
 -------------------- 
before_test_iter:
(NORMAL      ) IterTimerHook                      
 -------------------- 
after_test_iter:
(NORMAL      ) IterTimerHook                      
(BELOW_NORMAL) LoggerHook                         
 -------------------- 
after_test_epoch:
(VERY_HIGH   ) RuntimeInfoHook                    
(NORMAL      ) IterTimerHook                      
(BELOW_NORMAL) LoggerHook                         
 -------------------- 
after_test:
(VERY_HIGH   ) RuntimeInfoHook                    
 -------------------- 
after_run:
(BELOW_NORMAL) LoggerHook                         
 -------------------- 
11/16 18:57:51 - mmengine - WARNING - "FileClient" will be deprecated in future. Please use io functions in https://mmengine.readthedocs.io/en/latest/api/fileio.html#file-io
11/16 18:57:51 - mmengine - WARNING - "HardDiskBackend" is the alias of "LocalBackend" and the former will be deprecated in future.
11/16 18:57:51 - mmengine - INFO - Checkpoints will be saved to /vsc-hard-mounts/leuven-data/380/vsc38053/RD_Project/mmaction2/work_dirs/x3d_s_epic100_13x6x1_rgb_pairs.
11/16 18:58:18 - mmengine - INFO - Epoch(train) [1][  20/7116]  lr: 1.0000e-02  eta: 8:01:12  time: 1.3537  data_time: 0.8341  memory: 2254  grad_norm: 2.8950  loss: 7.7379  top1_acc: 0.0000  top5_acc: 0.0000  loss_cls: 7.7379
11/16 18:58:44 - mmengine - INFO - Epoch(train) [1][  40/7116]  lr: 1.0000e-02  eta: 7:49:41  time: 1.2914  data_time: 1.0720  memory: 2254  grad_norm: 5.3311  loss: 7.4716  top1_acc: 0.0000  top5_acc: 0.0000  loss_cls: 7.4716
11/16 18:59:06 - mmengine - INFO - Epoch(train) [1][  60/7116]  lr: 1.0000e-02  eta: 7:21:25  time: 1.0873  data_time: 0.8679  memory: 2254  grad_norm: 6.5699  loss: 7.4547  top1_acc: 0.0000  top5_acc: 0.0000  loss_cls: 7.4547
11/16 18:59:32 - mmengine - INFO - Epoch(train) [1][  80/7116]  lr: 1.0000e-02  eta: 7:25:31  time: 1.2951  data_time: 1.0757  memory: 2254  grad_norm: 6.8987  loss: 7.0988  top1_acc: 0.0000  top5_acc: 0.0000  loss_cls: 7.0988
11/16 18:59:58 - mmengine - INFO - Epoch(train) [1][ 100/7116]  lr: 1.0000e-02  eta: 7:29:23  time: 1.3173  data_time: 1.0979  memory: 2254  grad_norm: 6.2263  loss: 7.2386  top1_acc: 0.0000  top5_acc: 0.0000  loss_cls: 7.2386
11/16 19:00:22 - mmengine - INFO - Epoch(train) [1][ 120/7116]  lr: 1.0000e-02  eta: 7:23:05  time: 1.1695  data_time: 0.9501  memory: 2254  grad_norm: 6.0166  loss: 7.2898  top1_acc: 0.0000  top5_acc: 0.0000  loss_cls: 7.2898
11/16 19:00:45 - mmengine - INFO - Epoch(train) [1][ 140/7116]  lr: 1.0000e-02  eta: 7:18:29  time: 1.1693  data_time: 0.9499  memory: 2254  grad_norm: 5.8552  loss: 7.1176  top1_acc: 0.0000  top5_acc: 0.0000  loss_cls: 7.1176
11/16 19:01:06 - mmengine - INFO - Epoch(train) [1][ 160/7116]  lr: 1.0000e-02  eta: 7:09:17  time: 1.0415  data_time: 0.8220  memory: 2254  grad_norm: 6.2404  loss: 7.0339  top1_acc: 0.0000  top5_acc: 0.0000  loss_cls: 7.0339
11/16 19:01:25 - mmengine - INFO - Epoch(train) [1][ 180/7116]  lr: 1.0000e-02  eta: 6:58:00  time: 0.9383  data_time: 0.7188  memory: 2254  grad_norm: 5.5909  loss: 7.1012  top1_acc: 0.0000  top5_acc: 0.0000  loss_cls: 7.1012
11/16 19:01:46 - mmengine - INFO - Epoch(train) [1][ 200/7116]  lr: 1.0000e-02  eta: 6:53:57  time: 1.0811  data_time: 0.8617  memory: 2254  grad_norm: 6.4446  loss: 6.6986  top1_acc: 0.0000  top5_acc: 0.0000  loss_cls: 6.6986
11/16 19:02:09 - mmengine - INFO - Epoch(train) [1][ 220/7116]  lr: 1.0000e-02  eta: 6:52:49  time: 1.1514  data_time: 0.9320  memory: 2254  grad_norm: 5.2723  loss: 7.1801  top1_acc: 0.0000  top5_acc: 0.0000  loss_cls: 7.1801
11/16 19:02:29 - mmengine - INFO - Epoch(train) [1][ 240/7116]  lr: 1.0000e-02  eta: 6:46:37  time: 0.9742  data_time: 0.7548  memory: 2254  grad_norm: 5.9315  loss: 6.9601  top1_acc: 0.0000  top5_acc: 0.0000  loss_cls: 6.9601
11/16 19:02:49 - mmengine - INFO - Epoch(train) [1][ 260/7116]  lr: 1.0000e-02  eta: 6:42:43  time: 1.0256  data_time: 0.8062  memory: 2254  grad_norm: 5.4834  loss: 7.1852  top1_acc: 0.0000  top5_acc: 0.0000  loss_cls: 7.1852
11/16 19:03:10 - mmengine - INFO - Epoch(train) [1][ 280/7116]  lr: 1.0000e-02  eta: 6:39:01  time: 1.0137  data_time: 0.7942  memory: 2254  grad_norm: 6.0461  loss: 6.8467  top1_acc: 0.0000  top5_acc: 0.0000  loss_cls: 6.8467
11/16 19:03:32 - mmengine - INFO - Epoch(train) [1][ 300/7116]  lr: 1.0000e-02  eta: 6:38:43  time: 1.1394  data_time: 0.9198  memory: 2254  grad_norm: 5.3970  loss: 7.1148  top1_acc: 0.0000  top5_acc: 0.0000  loss_cls: 7.1148
11/16 19:03:55 - mmengine - INFO - Epoch(train) [1][ 320/7116]  lr: 1.0000e-02  eta: 6:38:35  time: 1.1484  data_time: 0.9289  memory: 2254  grad_norm: 6.2915  loss: 6.8245  top1_acc: 0.0000  top5_acc: 0.0000  loss_cls: 6.8245
11/16 19:04:16 - mmengine - INFO - Epoch(train) [1][ 340/7116]  lr: 1.0000e-02  eta: 6:36:22  time: 1.0480  data_time: 0.8286  memory: 2254  grad_norm: 5.6986  loss: 6.8208  top1_acc: 0.0000  top5_acc: 0.0000  loss_cls: 6.8208
11/16 19:04:40 - mmengine - INFO - Epoch(train) [1][ 360/7116]  lr: 1.0000e-02  eta: 6:37:06  time: 1.1889  data_time: 0.9694  memory: 2254  grad_norm: 4.8813  loss: 7.2562  top1_acc: 0.0000  top5_acc: 0.0000  loss_cls: 7.2562
11/16 19:05:03 - mmengine - INFO - Epoch(train) [1][ 380/7116]  lr: 1.0000e-02  eta: 6:37:19  time: 1.1673  data_time: 0.9477  memory: 2254  grad_norm: 4.9901  loss: 6.9846  top1_acc: 0.0000  top5_acc: 0.0000  loss_cls: 6.9846
11/16 19:05:25 - mmengine - INFO - Epoch(train) [1][ 400/7116]  lr: 1.0000e-02  eta: 6:35:30  time: 1.0547  data_time: 0.8351  memory: 2254  grad_norm: 5.4966  loss: 6.8791  top1_acc: 0.0000  top5_acc: 0.0000  loss_cls: 6.8791
11/16 19:05:47 - mmengine - INFO - Epoch(train) [1][ 420/7116]  lr: 1.0000e-02  eta: 6:35:22  time: 1.1477  data_time: 0.9282  memory: 2254  grad_norm: 5.0410  loss: 6.9257  top1_acc: 0.0000  top5_acc: 0.0000  loss_cls: 6.9257
11/16 19:06:11 - mmengine - INFO - Epoch(train) [1][ 440/7116]  lr: 1.0000e-02  eta: 6:35:44  time: 1.1810  data_time: 0.9616  memory: 2254  grad_norm: 4.5357  loss: 6.8422  top1_acc: 0.0000  top5_acc: 0.0000  loss_cls: 6.8422
11/16 19:06:31 - mmengine - INFO - Epoch(train) [1][ 460/7116]  lr: 1.0000e-02  eta: 6:33:12  time: 0.9925  data_time: 0.7730  memory: 2254  grad_norm: 5.8627  loss: 6.6700  top1_acc: 0.0000  top5_acc: 0.0000  loss_cls: 6.6700
11/16 19:06:53 - mmengine - INFO - Epoch(train) [1][ 480/7116]  lr: 1.0000e-02  eta: 6:32:38  time: 1.1164  data_time: 0.8969  memory: 2254  grad_norm: 4.9159  loss: 7.1637  top1_acc: 0.0000  top5_acc: 0.0000  loss_cls: 7.1637
11/16 19:07:18 - mmengine - INFO - Epoch(train) [1][ 500/7116]  lr: 1.0000e-02  eta: 6:34:00  time: 1.2546  data_time: 1.0351  memory: 2254  grad_norm: 5.4462  loss: 6.9771  top1_acc: 0.0000  top5_acc: 0.0000  loss_cls: 6.9771
11/16 19:07:41 - mmengine - INFO - Epoch(train) [1][ 520/7116]  lr: 1.0000e-02  eta: 6:33:41  time: 1.1383  data_time: 0.9189  memory: 2254  grad_norm: 4.5115  loss: 7.0623  top1_acc: 0.0000  top5_acc: 0.2500  loss_cls: 7.0623
11/16 19:08:02 - mmengine - INFO - Epoch(train) [1][ 540/7116]  lr: 1.0000e-02  eta: 6:32:26  time: 1.0660  data_time: 0.8465  memory: 2254  grad_norm: 5.4803  loss: 7.0183  top1_acc: 0.0000  top5_acc: 0.0000  loss_cls: 7.0183
11/16 19:08:28 - mmengine - INFO - Epoch(train) [1][ 560/7116]  lr: 1.0000e-02  eta: 6:33:52  time: 1.2784  data_time: 1.0589  memory: 2254  grad_norm: 4.8063  loss: 6.9038  top1_acc: 0.0000  top5_acc: 0.0000  loss_cls: 6.9038
11/16 19:08:49 - mmengine - INFO - Epoch(train) [1][ 580/7116]  lr: 1.0000e-02  eta: 6:32:28  time: 1.0516  data_time: 0.8321  memory: 2254  grad_norm: 4.4156  loss: 7.2907  top1_acc: 0.0000  top5_acc: 0.0000  loss_cls: 7.2907
11/16 19:09:08 - mmengine - INFO - Epoch(train) [1][ 600/7116]  lr: 1.0000e-02  eta: 6:30:01  time: 0.9538  data_time: 0.7342  memory: 2254  grad_norm: 4.8618  loss: 6.8270  top1_acc: 0.0000  top5_acc: 0.2500  loss_cls: 6.8270
11/16 19:09:31 - mmengine - INFO - Epoch(train) [1][ 620/7116]  lr: 1.0000e-02  eta: 6:30:05  time: 1.1671  data_time: 0.9476  memory: 2254  grad_norm: 5.3059  loss: 6.7352  top1_acc: 0.0000  top5_acc: 0.0000  loss_cls: 6.7352
11/16 19:09:57 - mmengine - INFO - Epoch(train) [1][ 640/7116]  lr: 1.0000e-02  eta: 6:31:01  time: 1.2507  data_time: 1.0311  memory: 2254  grad_norm: 4.5785  loss: 6.8022  top1_acc: 0.0000  top5_acc: 0.0000  loss_cls: 6.8022
11/16 19:10:17 - mmengine - INFO - Epoch(train) [1][ 660/7116]  lr: 1.0000e-02  eta: 6:29:26  time: 1.0185  data_time: 0.7989  memory: 2254  grad_norm: 4.9073  loss: 6.7850  top1_acc: 0.0000  top5_acc: 0.0000  loss_cls: 6.7850
11/16 19:10:38 - mmengine - INFO - Epoch(train) [1][ 680/7116]  lr: 1.0000e-02  eta: 6:28:22  time: 1.0618  data_time: 0.8423  memory: 2254  grad_norm: 4.8308  loss: 6.5827  top1_acc: 0.2500  top5_acc: 0.5000  loss_cls: 6.5827
11/16 19:11:01 - mmengine - INFO - Epoch(train) [1][ 700/7116]  lr: 1.0000e-02  eta: 6:28:01  time: 1.1287  data_time: 0.9093  memory: 2254  grad_norm: 4.7825  loss: 6.4184  top1_acc: 0.2500  top5_acc: 0.2500  loss_cls: 6.4184
11/16 19:11:21 - mmengine - INFO - Epoch(train) [1][ 720/7116]  lr: 1.0000e-02  eta: 6:26:32  time: 1.0119  data_time: 0.7924  memory: 2254  grad_norm: 4.4865  loss: 6.7357  top1_acc: 0.0000  top5_acc: 0.2500  loss_cls: 6.7357
11/16 19:11:43 - mmengine - INFO - Epoch(train) [1][ 740/7116]  lr: 1.0000e-02  eta: 6:25:45  time: 1.0805  data_time: 0.8610  memory: 2254  grad_norm: 4.4423  loss: 6.9303  top1_acc: 0.0000  top5_acc: 0.0000  loss_cls: 6.9303
11/16 19:12:06 - mmengine - INFO - Epoch(train) [1][ 760/7116]  lr: 1.0000e-02  eta: 6:25:42  time: 1.1599  data_time: 0.9404  memory: 2254  grad_norm: 3.6833  loss: 6.8898  top1_acc: 0.0000  top5_acc: 0.0000  loss_cls: 6.8898
11/16 19:12:27 - mmengine - INFO - Epoch(train) [1][ 780/7116]  lr: 1.0000e-02  eta: 6:24:46  time: 1.0602  data_time: 0.8408  memory: 2254  grad_norm: 4.3926  loss: 6.7189  top1_acc: 0.0000  top5_acc: 0.0000  loss_cls: 6.7189
11/16 19:12:50 - mmengine - INFO - Epoch(train) [1][ 800/7116]  lr: 1.0000e-02  eta: 6:24:48  time: 1.1687  data_time: 0.9493  memory: 2254  grad_norm: 4.2473  loss: 7.0435  top1_acc: 0.0000  top5_acc: 0.0000  loss_cls: 7.0435
11/16 19:13:13 - mmengine - INFO - Epoch(train) [1][ 820/7116]  lr: 1.0000e-02  eta: 6:24:25  time: 1.1230  data_time: 0.9024  memory: 2254  grad_norm: 4.2765  loss: 6.6541  top1_acc: 0.0000  top5_acc: 0.0000  loss_cls: 6.6541
11/16 19:13:36 - mmengine - INFO - Epoch(train) [1][ 840/7116]  lr: 1.0000e-02  eta: 6:24:29  time: 1.1783  data_time: 0.9588  memory: 2254  grad_norm: 4.7751  loss: 6.7132  top1_acc: 0.0000  top5_acc: 0.0000  loss_cls: 6.7132
11/16 19:13:59 - mmengine - INFO - Epoch(train) [1][ 860/7116]  lr: 1.0000e-02  eta: 6:24:10  time: 1.1330  data_time: 0.9135  memory: 2254  grad_norm: 3.9017  loss: 6.8530  top1_acc: 0.0000  top5_acc: 0.0000  loss_cls: 6.8530
11/16 19:14:22 - mmengine - INFO - Epoch(train) [1][ 880/7116]  lr: 1.0000e-02  eta: 6:24:06  time: 1.1647  data_time: 0.9452  memory: 2254  grad_norm: 4.1185  loss: 6.8992  top1_acc: 0.0000  top5_acc: 0.0000  loss_cls: 6.8992
11/16 19:14:43 - mmengine - INFO - Epoch(train) [1][ 900/7116]  lr: 1.0000e-02  eta: 6:23:02  time: 1.0351  data_time: 0.8157  memory: 2254  grad_norm: 4.1206  loss: 6.7438  top1_acc: 0.0000  top5_acc: 0.0000  loss_cls: 6.7438
11/16 19:15:08 - mmengine - INFO - Epoch(train) [1][ 920/7116]  lr: 1.0000e-02  eta: 6:23:28  time: 1.2321  data_time: 1.0126  memory: 2254  grad_norm: 4.3573  loss: 6.6610  top1_acc: 0.0000  top5_acc: 0.0000  loss_cls: 6.6610
11/16 19:15:29 - mmengine - INFO - Epoch(train) [1][ 940/7116]  lr: 1.0000e-02  eta: 6:22:51  time: 1.0927  data_time: 0.8732  memory: 2254  grad_norm: 3.9350  loss: 6.9122  top1_acc: 0.0000  top5_acc: 0.0000  loss_cls: 6.9122
11/16 19:15:53 - mmengine - INFO - Epoch(train) [1][ 960/7116]  lr: 1.0000e-02  eta: 6:22:44  time: 1.1624  data_time: 0.9428  memory: 2254  grad_norm: 3.7732  loss: 6.8793  top1_acc: 0.0000  top5_acc: 0.0000  loss_cls: 6.8793
11/16 19:16:13 - mmengine - INFO - Epoch(train) [1][ 980/7116]  lr: 1.0000e-02  eta: 6:21:42  time: 1.0309  data_time: 0.8114  memory: 2254  grad_norm: 3.9882  loss: 6.7661  top1_acc: 0.0000  top5_acc: 0.0000  loss_cls: 6.7661
11/16 19:16:39 - mmengine - INFO - Exp name: x3d_s_epic100_13x6x1_rgb_pairs_20251116_185748
11/16 19:16:39 - mmengine - INFO - Epoch(train) [1][1000/7116]  lr: 1.0000e-02  eta: 6:22:21  time: 1.2757  data_time: 1.0562  memory: 2254  grad_norm: 4.0292  loss: 6.7249  top1_acc: 0.0000  top5_acc: 0.2500  loss_cls: 6.7249
11/16 19:17:01 - mmengine - INFO - Epoch(train) [1][1020/7116]  lr: 1.0000e-02  eta: 6:21:55  time: 1.1197  data_time: 0.9002  memory: 2254  grad_norm: 3.3960  loss: 6.7377  top1_acc: 0.0000  top5_acc: 0.2500  loss_cls: 6.7377
11/16 19:17:21 - mmengine - INFO - Epoch(train) [1][1040/7116]  lr: 1.0000e-02  eta: 6:20:38  time: 0.9876  data_time: 0.7681  memory: 2254  grad_norm: 4.1973  loss: 6.5248  top1_acc: 0.0000  top5_acc: 0.2500  loss_cls: 6.5248
11/16 19:17:43 - mmengine - INFO - Epoch(train) [1][1060/7116]  lr: 1.0000e-02  eta: 6:20:08  time: 1.1047  data_time: 0.8851  memory: 2254  grad_norm: 3.8470  loss: 6.7997  top1_acc: 0.0000  top5_acc: 0.0000  loss_cls: 6.7997
11/16 19:18:03 - mmengine - INFO - Epoch(train) [1][1080/7116]  lr: 1.0000e-02  eta: 6:18:49  time: 0.9748  data_time: 0.7554  memory: 2254  grad_norm: 3.8963  loss: 6.5209  top1_acc: 0.0000  top5_acc: 0.0000  loss_cls: 6.5209
11/16 19:18:23 - mmengine - INFO - Epoch(train) [1][1100/7116]  lr: 1.0000e-02  eta: 6:17:44  time: 1.0036  data_time: 0.7842  memory: 2254  grad_norm: 3.8470  loss: 6.6569  top1_acc: 0.0000  top5_acc: 0.2500  loss_cls: 6.6569
11/16 19:18:44 - mmengine - INFO - Epoch(train) [1][1120/7116]  lr: 1.0000e-02  eta: 6:17:00  time: 1.0618  data_time: 0.8424  memory: 2254  grad_norm: 3.2830  loss: 6.8151  top1_acc: 0.0000  top5_acc: 0.0000  loss_cls: 6.8151
11/16 19:19:07 - mmengine - INFO - Epoch(train) [1][1140/7116]  lr: 1.0000e-02  eta: 6:16:44  time: 1.1361  data_time: 0.9166  memory: 2254  grad_norm: 3.7834  loss: 6.6939  top1_acc: 0.2500  top5_acc: 0.2500  loss_cls: 6.6939
11/16 19:19:28 - mmengine - INFO - Epoch(train) [1][1160/7116]  lr: 1.0000e-02  eta: 6:16:10  time: 1.0833  data_time: 0.8638  memory: 2254  grad_norm: 3.6684  loss: 6.5143  top1_acc: 0.2500  top5_acc: 0.2500  loss_cls: 6.5143
11/16 19:19:48 - mmengine - INFO - Epoch(train) [1][1180/7116]  lr: 1.0000e-02  eta: 6:14:55  time: 0.9638  data_time: 0.7443  memory: 2254  grad_norm: 3.9702  loss: 6.5695  top1_acc: 0.0000  top5_acc: 0.0000  loss_cls: 6.5695
11/16 19:20:09 - mmengine - INFO - Epoch(train) [1][1200/7116]  lr: 1.0000e-02  eta: 6:14:20  time: 1.0802  data_time: 0.8601  memory: 2254  grad_norm: 3.4839  loss: 6.9149  top1_acc: 0.0000  top5_acc: 0.0000  loss_cls: 6.9149
11/16 19:20:32 - mmengine - INFO - Epoch(train) [1][1220/7116]  lr: 1.0000e-02  eta: 6:13:59  time: 1.1164  data_time: 0.8970  memory: 2254  grad_norm: 3.3013  loss: 6.7914  top1_acc: 0.2500  top5_acc: 0.2500  loss_cls: 6.7914
11/16 19:20:52 - mmengine - INFO - Epoch(train) [1][1240/7116]  lr: 1.0000e-02  eta: 6:12:59  time: 1.0008  data_time: 0.7814  memory: 2254  grad_norm: 3.8100  loss: 6.4807  top1_acc: 0.2500  top5_acc: 0.5000  loss_cls: 6.4807
11/16 19:21:13 - mmengine - INFO - Epoch(train) [1][1260/7116]  lr: 1.0000e-02  eta: 6:12:31  time: 1.0950  data_time: 0.8755  memory: 2254  grad_norm: 3.3994  loss: 6.8470  top1_acc: 0.0000  top5_acc: 0.0000  loss_cls: 6.8470
11/16 19:21:36 - mmengine - INFO - Epoch(train) [1][1280/7116]  lr: 1.0000e-02  eta: 6:12:17  time: 1.1365  data_time: 0.9170  memory: 2254  grad_norm: 3.0739  loss: 6.9295  top1_acc: 0.0000  top5_acc: 0.0000  loss_cls: 6.9295
11/16 19:21:56 - mmengine - INFO - Epoch(train) [1][1300/7116]  lr: 1.0000e-02  eta: 6:11:10  time: 0.9677  data_time: 0.7482  memory: 2254  grad_norm: 3.7219  loss: 6.4173  top1_acc: 0.0000  top5_acc: 0.0000  loss_cls: 6.4173
11/16 19:22:18 - mmengine - INFO - Epoch(train) [1][1320/7116]  lr: 1.0000e-02  eta: 6:10:47  time: 1.1111  data_time: 0.8917  memory: 2254  grad_norm: 3.6320  loss: 6.7562  top1_acc: 0.0000  top5_acc: 0.0000  loss_cls: 6.7562
11/16 19:22:42 - mmengine - INFO - Epoch(train) [1][1340/7116]  lr: 1.0000e-02  eta: 6:11:00  time: 1.2280  data_time: 1.0086  memory: 2254  grad_norm: 2.9694  loss: 7.0166  top1_acc: 0.0000  top5_acc: 0.0000  loss_cls: 7.0166
11/16 19:23:03 - mmengine - INFO - Epoch(train) [1][1360/7116]  lr: 1.0000e-02  eta: 6:10:21  time: 1.0567  data_time: 0.8373  memory: 2254  grad_norm: 3.0259  loss: 6.7906  top1_acc: 0.0000  top5_acc: 0.0000  loss_cls: 6.7906
11/16 19:23:30 - mmengine - INFO - Epoch(train) [1][1380/7116]  lr: 1.0000e-02  eta: 6:11:05  time: 1.3394  data_time: 1.1199  memory: 2254  grad_norm: 3.3274  loss: 6.7828  top1_acc: 0.0000  top5_acc: 0.0000  loss_cls: 6.7828
11/16 19:23:54 - mmengine - INFO - Epoch(train) [1][1400/7116]  lr: 1.0000e-02  eta: 6:11:00  time: 1.1745  data_time: 0.9552  memory: 2254  grad_norm: 3.4300  loss: 6.6478  top1_acc: 0.0000  top5_acc: 0.0000  loss_cls: 6.6478
11/16 19:24:15 - mmengine - INFO - Epoch(train) [1][1420/7116]  lr: 1.0000e-02  eta: 6:10:20  time: 1.0541  data_time: 0.8346  memory: 2254  grad_norm: 3.7291  loss: 6.4863  top1_acc: 0.0000  top5_acc: 0.0000  loss_cls: 6.4863
11/16 19:24:36 - mmengine - INFO - Epoch(train) [1][1440/7116]  lr: 1.0000e-02  eta: 6:09:41  time: 1.0533  data_time: 0.8339  memory: 2254  grad_norm: 3.1722  loss: 6.5458  top1_acc: 0.0000  top5_acc: 0.2500  loss_cls: 6.5458
11/16 19:24:59 - mmengine - INFO - Epoch(train) [1][1460/7116]  lr: 1.0000e-02  eta: 6:09:30  time: 1.1571  data_time: 0.9377  memory: 2254  grad_norm: 3.5534  loss: 6.5362  top1_acc: 0.0000  top5_acc: 0.2500  loss_cls: 6.5362
11/16 19:25:19 - mmengine - INFO - Epoch(train) [1][1480/7116]  lr: 1.0000e-02  eta: 6:08:35  time: 0.9912  data_time: 0.7692  memory: 2254  grad_norm: 3.3738  loss: 6.5920  top1_acc: 0.0000  top5_acc: 0.0000  loss_cls: 6.5920
11/16 19:25:40 - mmengine - INFO - Epoch(train) [1][1500/7116]  lr: 1.0000e-02  eta: 6:07:56  time: 1.0526  data_time: 0.8330  memory: 2254  grad_norm: 3.4107  loss: 6.6209  top1_acc: 0.0000  top5_acc: 0.0000  loss_cls: 6.6209
11/16 19:26:02 - mmengine - INFO - Epoch(train) [1][1520/7116]  lr: 1.0000e-02  eta: 6:07:30  time: 1.0962  data_time: 0.8767  memory: 2254  grad_norm: 3.0987  loss: 6.6001  top1_acc: 0.0000  top5_acc: 0.0000  loss_cls: 6.6001
11/16 19:26:26 - mmengine - INFO - Epoch(train) [1][1540/7116]  lr: 1.0000e-02  eta: 6:07:30  time: 1.1991  data_time: 0.9795  memory: 2254  grad_norm: 3.3001  loss: 6.6553  top1_acc: 0.0000  top5_acc: 0.0000  loss_cls: 6.6553
11/16 19:26:46 - mmengine - INFO - Epoch(train) [1][1560/7116]  lr: 1.0000e-02  eta: 6:06:42  time: 1.0097  data_time: 0.7901  memory: 2254  grad_norm: 2.8437  loss: 6.8452  top1_acc: 0.0000  top5_acc: 0.0000  loss_cls: 6.8452
11/16 19:27:10 - mmengine - INFO - Epoch(train) [1][1580/7116]  lr: 1.0000e-02  eta: 6:06:41  time: 1.1986  data_time: 0.9791  memory: 2254  grad_norm: 3.3654  loss: 6.6122  top1_acc: 0.0000  top5_acc: 0.0000  loss_cls: 6.6122
11/16 19:27:31 - mmengine - INFO - Epoch(train) [1][1600/7116]  lr: 1.0000e-02  eta: 6:05:59  time: 1.0315  data_time: 0.8119  memory: 2254  grad_norm: 3.2380  loss: 6.6356  top1_acc: 0.0000  top5_acc: 0.0000  loss_cls: 6.6356
11/16 19:27:53 - mmengine - INFO - Epoch(train) [1][1620/7116]  lr: 1.0000e-02  eta: 6:05:41  time: 1.1311  data_time: 0.9116  memory: 2254  grad_norm: 2.9983  loss: 6.6378  top1_acc: 0.0000  top5_acc: 0.2500  loss_cls: 6.6378
11/16 19:28:15 - mmengine - INFO - Epoch(train) [1][1640/7116]  lr: 1.0000e-02  eta: 6:05:08  time: 1.0686  data_time: 0.8491  memory: 2254  grad_norm: 3.1974  loss: 6.9330  top1_acc: 0.0000  top5_acc: 0.0000  loss_cls: 6.9330
11/16 19:28:36 - mmengine - INFO - Epoch(train) [1][1660/7116]  lr: 1.0000e-02  eta: 6:04:37  time: 1.0732  data_time: 0.8537  memory: 2254  grad_norm: 3.1773  loss: 6.2519  top1_acc: 0.0000  top5_acc: 0.2500  loss_cls: 6.2519
11/16 19:28:57 - mmengine - INFO - Epoch(train) [1][1680/7116]  lr: 1.0000e-02  eta: 6:04:04  time: 1.0673  data_time: 0.8479  memory: 2254  grad_norm: 3.6558  loss: 6.3470  top1_acc: 0.0000  top5_acc: 0.0000  loss_cls: 6.3470
11/16 19:29:18 - mmengine - INFO - Epoch(train) [1][1700/7116]  lr: 1.0000e-02  eta: 6:03:29  time: 1.0544  data_time: 0.8348  memory: 2254  grad_norm: 3.0379  loss: 6.9111  top1_acc: 0.0000  top5_acc: 0.0000  loss_cls: 6.9111
11/16 19:29:42 - mmengine - INFO - Epoch(train) [1][1720/7116]  lr: 1.0000e-02  eta: 6:03:23  time: 1.1792  data_time: 0.9597  memory: 2254  grad_norm: 2.7483  loss: 6.6905  top1_acc: 0.0000  top5_acc: 0.2500  loss_cls: 6.6905
11/16 19:30:01 - mmengine - INFO - Epoch(train) [1][1740/7116]  lr: 1.0000e-02  eta: 6:02:28  time: 0.9653  data_time: 0.7457  memory: 2254  grad_norm: 3.1756  loss: 6.7564  top1_acc: 0.0000  top5_acc: 0.0000  loss_cls: 6.7564
11/16 19:30:24 - mmengine - INFO - Epoch(train) [1][1760/7116]  lr: 1.0000e-02  eta: 6:02:13  time: 1.1423  data_time: 0.9227  memory: 2254  grad_norm: 3.0372  loss: 6.4966  top1_acc: 0.0000  top5_acc: 0.0000  loss_cls: 6.4966
11/16 19:30:43 - mmengine - INFO - Epoch(train) [1][1780/7116]  lr: 1.0000e-02  eta: 6:01:15  time: 0.9460  data_time: 0.7265  memory: 2254  grad_norm: 3.4795  loss: 6.6291  top1_acc: 0.0000  top5_acc: 0.0000  loss_cls: 6.6291
11/16 19:31:04 - mmengine - INFO - Epoch(train) [1][1800/7116]  lr: 1.0000e-02  eta: 6:00:38  time: 1.0422  data_time: 0.8228  memory: 2254  grad_norm: 2.9228  loss: 6.5733  top1_acc: 0.0000  top5_acc: 0.0000  loss_cls: 6.5733
11/16 19:31:25 - mmengine - INFO - Epoch(train) [1][1820/7116]  lr: 1.0000e-02  eta: 6:00:04  time: 1.0485  data_time: 0.8290  memory: 2254  grad_norm: 2.9501  loss: 6.6219  top1_acc: 0.0000  top5_acc: 0.2500  loss_cls: 6.6219
11/16 19:31:48 - mmengine - INFO - Epoch(train) [1][1840/7116]  lr: 1.0000e-02  eta: 5:59:52  time: 1.1563  data_time: 0.9368  memory: 2254  grad_norm: 3.0418  loss: 6.7752  top1_acc: 0.0000  top5_acc: 0.0000  loss_cls: 6.7752
11/16 19:32:08 - mmengine - INFO - Epoch(train) [1][1860/7116]  lr: 1.0000e-02  eta: 5:59:05  time: 0.9886  data_time: 0.7691  memory: 2254  grad_norm: 2.9044  loss: 6.7102  top1_acc: 0.0000  top5_acc: 0.0000  loss_cls: 6.7102
11/16 19:32:29 - mmengine - INFO - Epoch(train) [1][1880/7116]  lr: 1.0000e-02  eta: 5:58:36  time: 1.0715  data_time: 0.8521  memory: 2254  grad_norm: 3.0568  loss: 6.7068  top1_acc: 0.0000  top5_acc: 0.0000  loss_cls: 6.7068
11/16 19:32:50 - mmengine - INFO - Epoch(train) [1][1900/7116]  lr: 1.0000e-02  eta: 5:58:03  time: 1.0502  data_time: 0.8307  memory: 2254  grad_norm: 2.5591  loss: 6.9765  top1_acc: 0.0000  top5_acc: 0.0000  loss_cls: 6.9765
11/16 19:33:11 - mmengine - INFO - Epoch(train) [1][1920/7116]  lr: 1.0000e-02  eta: 5:57:26  time: 1.0310  data_time: 0.8116  memory: 2254  grad_norm: 3.0641  loss: 6.7536  top1_acc: 0.0000  top5_acc: 0.0000  loss_cls: 6.7536
11/16 19:33:33 - mmengine - INFO - Epoch(train) [1][1940/7116]  lr: 1.0000e-02  eta: 5:57:04  time: 1.1037  data_time: 0.8842  memory: 2254  grad_norm: 3.4864  loss: 5.9669  top1_acc: 0.0000  top5_acc: 0.0000  loss_cls: 5.9669
11/16 19:33:54 - mmengine - INFO - Epoch(train) [1][1960/7116]  lr: 1.0000e-02  eta: 5:56:36  time: 1.0763  data_time: 0.8567  memory: 2254  grad_norm: 2.9426  loss: 6.9317  top1_acc: 0.0000  top5_acc: 0.0000  loss_cls: 6.9317
11/16 19:34:15 - mmengine - INFO - Epoch(train) [1][1980/7116]  lr: 1.0000e-02  eta: 5:56:01  time: 1.0369  data_time: 0.8173  memory: 2254  grad_norm: 2.8324  loss: 6.4089  top1_acc: 0.0000  top5_acc: 0.0000  loss_cls: 6.4089
11/16 19:34:33 - mmengine - INFO - Exp name: x3d_s_epic100_13x6x1_rgb_pairs_20251116_185748
11/16 19:34:33 - mmengine - INFO - Epoch(train) [1][2000/7116]  lr: 1.0000e-02  eta: 5:54:57  time: 0.8849  data_time: 0.6654  memory: 2254  grad_norm: 3.4916  loss: 6.2446  top1_acc: 0.0000  top5_acc: 0.0000  loss_cls: 6.2446
11/16 19:34:57 - mmengine - INFO - Epoch(train) [1][2020/7116]  lr: 1.0000e-02  eta: 5:54:53  time: 1.1939  data_time: 0.9743  memory: 2254  grad_norm: 2.9837  loss: 6.5093  top1_acc: 0.0000  top5_acc: 0.2500  loss_cls: 6.5093
11/16 19:35:17 - mmengine - INFO - Epoch(train) [1][2040/7116]  lr: 1.0000e-02  eta: 5:54:09  time: 0.9879  data_time: 0.7685  memory: 2254  grad_norm: 3.0562  loss: 6.7491  top1_acc: 0.0000  top5_acc: 0.2500  loss_cls: 6.7491
11/16 19:35:39 - mmengine - INFO - Epoch(train) [1][2060/7116]  lr: 1.0000e-02  eta: 5:53:52  time: 1.1264  data_time: 0.9070  memory: 2254  grad_norm: 3.0079  loss: 6.5035  top1_acc: 0.0000  top5_acc: 0.0000  loss_cls: 6.5035
11/16 19:35:59 - mmengine - INFO - Epoch(train) [1][2080/7116]  lr: 1.0000e-02  eta: 5:53:13  time: 1.0116  data_time: 0.7921  memory: 2254  grad_norm: 3.0146  loss: 6.5514  top1_acc: 0.0000  top5_acc: 0.0000  loss_cls: 6.5514
11/16 19:36:21 - mmengine - INFO - Epoch(train) [1][2100/7116]  lr: 1.0000e-02  eta: 5:52:45  time: 1.0666  data_time: 0.8471  memory: 2254  grad_norm: 2.8615  loss: 6.7586  top1_acc: 0.0000  top5_acc: 0.0000  loss_cls: 6.7586
11/16 19:36:42 - mmengine - INFO - Epoch(train) [1][2120/7116]  lr: 1.0000e-02  eta: 5:52:18  time: 1.0697  data_time: 0.8502  memory: 2254  grad_norm: 2.5360  loss: 6.8880  top1_acc: 0.0000  top5_acc: 0.0000  loss_cls: 6.8880
11/16 19:37:06 - mmengine - INFO - Epoch(train) [1][2140/7116]  lr: 1.0000e-02  eta: 5:52:17  time: 1.2168  data_time: 0.9970  memory: 2254  grad_norm: 3.0157  loss: 6.5965  top1_acc: 0.0000  top5_acc: 0.0000  loss_cls: 6.5965
11/16 19:37:29 - mmengine - INFO - Epoch(train) [1][2160/7116]  lr: 1.0000e-02  eta: 5:51:57  time: 1.1114  data_time: 0.8917  memory: 2254  grad_norm: 2.7056  loss: 6.9223  top1_acc: 0.0000  top5_acc: 0.0000  loss_cls: 6.9223
11/16 19:37:49 - mmengine - INFO - Epoch(train) [1][2180/7116]  lr: 1.0000e-02  eta: 5:51:19  time: 1.0112  data_time: 0.7915  memory: 2254  grad_norm: 2.8664  loss: 6.5982  top1_acc: 0.0000  top5_acc: 0.0000  loss_cls: 6.5982
11/16 19:38:11 - mmengine - INFO - Epoch(train) [1][2200/7116]  lr: 1.0000e-02  eta: 5:50:58  time: 1.1047  data_time: 0.8850  memory: 2254  grad_norm: 3.0686  loss: 6.5004  top1_acc: 0.0000  top5_acc: 0.0000  loss_cls: 6.5004
11/16 19:38:37 - mmengine - INFO - Epoch(train) [1][2220/7116]  lr: 1.0000e-02  eta: 5:51:07  time: 1.2810  data_time: 1.0613  memory: 2254  grad_norm: 2.7012  loss: 7.0399  top1_acc: 0.0000  top5_acc: 0.0000  loss_cls: 7.0399
11/16 19:38:59 - mmengine - INFO - Epoch(train) [1][2240/7116]  lr: 1.0000e-02  eta: 5:50:50  time: 1.1272  data_time: 0.9076  memory: 2254  grad_norm: 2.8079  loss: 6.7374  top1_acc: 0.0000  top5_acc: 0.0000  loss_cls: 6.7374
11/16 19:39:26 - mmengine - INFO - Epoch(train) [1][2260/7116]  lr: 1.0000e-02  eta: 5:51:12  time: 1.3637  data_time: 1.1441  memory: 2254  grad_norm: 2.7341  loss: 6.6296  top1_acc: 0.0000  top5_acc: 0.0000  loss_cls: 6.6296
11/16 19:39:49 - mmengine - INFO - Epoch(train) [1][2280/7116]  lr: 1.0000e-02  eta: 5:50:58  time: 1.1509  data_time: 0.9312  memory: 2254  grad_norm: 3.1109  loss: 6.5434  top1_acc: 0.0000  top5_acc: 0.2500  loss_cls: 6.5434
11/16 19:40:10 - mmengine - INFO - Epoch(train) [1][2300/7116]  lr: 1.0000e-02  eta: 5:50:21  time: 1.0142  data_time: 0.7944  memory: 2254  grad_norm: 2.6846  loss: 6.7772  top1_acc: 0.0000  top5_acc: 0.0000  loss_cls: 6.7772
11/16 19:40:32 - mmengine - INFO - Epoch(train) [1][2320/7116]  lr: 1.0000e-02  eta: 5:50:04  time: 1.1365  data_time: 0.9169  memory: 2254  grad_norm: 3.0448  loss: 6.3327  top1_acc: 0.0000  top5_acc: 0.0000  loss_cls: 6.3327
11/16 19:40:55 - mmengine - INFO - Epoch(train) [1][2340/7116]  lr: 1.0000e-02  eta: 5:49:48  time: 1.1439  data_time: 0.9242  memory: 2254  grad_norm: 3.2484  loss: 6.7772  top1_acc: 0.0000  top5_acc: 0.0000  loss_cls: 6.7772
11/16 19:41:17 - mmengine - INFO - Epoch(train) [1][2360/7116]  lr: 1.0000e-02  eta: 5:49:23  time: 1.0872  data_time: 0.8674  memory: 2254  grad_norm: 2.4357  loss: 6.8617  top1_acc: 0.0000  top5_acc: 0.0000  loss_cls: 6.8617
11/16 19:41:45 - mmengine - INFO - Epoch(train) [1][2380/7116]  lr: 1.0000e-02  eta: 5:49:46  time: 1.3818  data_time: 1.1621  memory: 2254  grad_norm: 2.8340  loss: 6.8424  top1_acc: 0.0000  top5_acc: 0.0000  loss_cls: 6.8424
11/16 19:42:08 - mmengine - INFO - Epoch(train) [1][2400/7116]  lr: 1.0000e-02  eta: 5:49:30  time: 1.1467  data_time: 0.9270  memory: 2254  grad_norm: 2.6047  loss: 6.7865  top1_acc: 0.0000  top5_acc: 0.0000  loss_cls: 6.7865
11/16 19:42:30 - mmengine - INFO - Epoch(train) [1][2420/7116]  lr: 1.0000e-02  eta: 5:49:07  time: 1.1006  data_time: 0.8809  memory: 2254  grad_norm: 2.4975  loss: 6.7601  top1_acc: 0.0000  top5_acc: 0.0000  loss_cls: 6.7601
11/16 19:42:52 - mmengine - INFO - Epoch(train) [1][2440/7116]  lr: 1.0000e-02  eta: 5:48:45  time: 1.1074  data_time: 0.8876  memory: 2254  grad_norm: 2.9690  loss: 6.3561  top1_acc: 0.0000  top5_acc: 0.2500  loss_cls: 6.3561
11/16 19:43:12 - mmengine - INFO - Epoch(train) [1][2460/7116]  lr: 1.0000e-02  eta: 5:48:10  time: 1.0265  data_time: 0.8067  memory: 2254  grad_norm: 2.7367  loss: 6.8345  top1_acc: 0.2500  top5_acc: 0.2500  loss_cls: 6.8345
11/16 19:43:32 - mmengine - INFO - Epoch(train) [1][2480/7116]  lr: 1.0000e-02  eta: 5:47:29  time: 0.9817  data_time: 0.7619  memory: 2254  grad_norm: 2.7975  loss: 6.3814  top1_acc: 0.0000  top5_acc: 0.2500  loss_cls: 6.3814
11/16 19:43:54 - mmengine - INFO - Epoch(train) [1][2500/7116]  lr: 1.0000e-02  eta: 5:47:05  time: 1.0914  data_time: 0.8717  memory: 2254  grad_norm: 3.3731  loss: 6.1676  top1_acc: 0.0000  top5_acc: 0.0000  loss_cls: 6.1676
11/16 19:44:17 - mmengine - INFO - Epoch(train) [1][2520/7116]  lr: 1.0000e-02  eta: 5:46:52  time: 1.1663  data_time: 0.9466  memory: 2254  grad_norm: 2.7583  loss: 6.7515  top1_acc: 0.0000  top5_acc: 0.0000  loss_cls: 6.7515
11/16 19:44:37 - mmengine - INFO - Epoch(train) [1][2540/7116]  lr: 1.0000e-02  eta: 5:46:16  time: 1.0080  data_time: 0.7883  memory: 2254  grad_norm: 2.6886  loss: 6.2864  top1_acc: 0.0000  top5_acc: 0.0000  loss_cls: 6.2864
11/16 19:44:59 - mmengine - INFO - Epoch(train) [1][2560/7116]  lr: 1.0000e-02  eta: 5:45:48  time: 1.0681  data_time: 0.8484  memory: 2254  grad_norm: 3.2498  loss: 6.2109  top1_acc: 0.0000  top5_acc: 0.0000  loss_cls: 6.2109
11/16 19:45:21 - mmengine - INFO - Epoch(train) [1][2580/7116]  lr: 1.0000e-02  eta: 5:45:29  time: 1.1215  data_time: 0.9020  memory: 2254  grad_norm: 2.8775  loss: 6.4297  top1_acc: 0.0000  top5_acc: 0.0000  loss_cls: 6.4297
11/16 19:45:44 - mmengine - INFO - Epoch(train) [1][2600/7116]  lr: 1.0000e-02  eta: 5:45:14  time: 1.1591  data_time: 0.9394  memory: 2254  grad_norm: 2.8353  loss: 6.6067  top1_acc: 0.0000  top5_acc: 0.0000  loss_cls: 6.6067
11/16 19:46:08 - mmengine - INFO - Epoch(train) [1][2620/7116]  lr: 1.0000e-02  eta: 5:45:07  time: 1.2096  data_time: 0.9900  memory: 2254  grad_norm: 2.9633  loss: 6.4358  top1_acc: 0.0000  top5_acc: 0.0000  loss_cls: 6.4358
11/16 19:46:33 - mmengine - INFO - Epoch(train) [1][2640/7116]  lr: 1.0000e-02  eta: 5:45:05  time: 1.2483  data_time: 1.0287  memory: 2254  grad_norm: 2.4782  loss: 6.4628  top1_acc: 0.0000  top5_acc: 0.0000  loss_cls: 6.4628
11/16 19:46:55 - mmengine - INFO - Epoch(train) [1][2660/7116]  lr: 1.0000e-02  eta: 5:44:38  time: 1.0685  data_time: 0.8489  memory: 2254  grad_norm: 2.7884  loss: 6.5583  top1_acc: 0.0000  top5_acc: 0.0000  loss_cls: 6.5583
11/16 19:47:16 - mmengine - INFO - Epoch(train) [1][2680/7116]  lr: 1.0000e-02  eta: 5:44:07  time: 1.0415  data_time: 0.8219  memory: 2254  grad_norm: 2.9932  loss: 6.2561  top1_acc: 0.0000  top5_acc: 0.0000  loss_cls: 6.2561
11/16 19:47:38 - mmengine - INFO - Epoch(train) [1][2700/7116]  lr: 1.0000e-02  eta: 5:43:45  time: 1.1076  data_time: 0.8879  memory: 2254  grad_norm: 2.8229  loss: 6.6274  top1_acc: 0.0000  top5_acc: 0.0000  loss_cls: 6.6274
11/16 19:47:58 - mmengine - INFO - Epoch(train) [1][2720/7116]  lr: 1.0000e-02  eta: 5:43:12  time: 1.0288  data_time: 0.8090  memory: 2254  grad_norm: 2.7294  loss: 6.5886  top1_acc: 0.0000  top5_acc: 0.0000  loss_cls: 6.5886
11/16 19:48:24 - mmengine - INFO - Epoch(train) [1][2740/7116]  lr: 1.0000e-02  eta: 5:43:15  time: 1.2932  data_time: 1.0735  memory: 2254  grad_norm: 2.5725  loss: 6.4257  top1_acc: 0.0000  top5_acc: 0.0000  loss_cls: 6.4257
11/16 19:48:47 - mmengine - INFO - Epoch(train) [1][2760/7116]  lr: 1.0000e-02  eta: 5:42:56  time: 1.1253  data_time: 0.9056  memory: 2254  grad_norm: 2.7646  loss: 6.7974  top1_acc: 0.0000  top5_acc: 0.0000  loss_cls: 6.7974
11/16 19:49:06 - mmengine - INFO - Epoch(train) [1][2780/7116]  lr: 1.0000e-02  eta: 5:42:14  time: 0.9604  data_time: 0.7404  memory: 2254  grad_norm: 2.4577  loss: 6.7721  top1_acc: 0.0000  top5_acc: 0.0000  loss_cls: 6.7721
11/16 19:49:26 - mmengine - INFO - Epoch(train) [1][2800/7116]  lr: 1.0000e-02  eta: 5:41:36  time: 0.9884  data_time: 0.7688  memory: 2254  grad_norm: 2.6793  loss: 6.5576  top1_acc: 0.0000  top5_acc: 0.0000  loss_cls: 6.5576
11/16 19:49:48 - mmengine - INFO - Epoch(train) [1][2820/7116]  lr: 1.0000e-02  eta: 5:41:14  time: 1.1037  data_time: 0.8840  memory: 2254  grad_norm: 2.8570  loss: 6.7369  top1_acc: 0.0000  top5_acc: 0.0000  loss_cls: 6.7369
11/16 19:50:10 - mmengine - INFO - Epoch(train) [1][2840/7116]  lr: 1.0000e-02  eta: 5:40:56  time: 1.1355  data_time: 0.9159  memory: 2254  grad_norm: 2.6423  loss: 6.6240  top1_acc: 0.0000  top5_acc: 0.0000  loss_cls: 6.6240
11/16 19:50:33 - mmengine - INFO - Epoch(train) [1][2860/7116]  lr: 1.0000e-02  eta: 5:40:38  time: 1.1373  data_time: 0.9177  memory: 2254  grad_norm: 2.7123  loss: 6.7869  top1_acc: 0.0000  top5_acc: 0.0000  loss_cls: 6.7869
11/16 19:50:56 - mmengine - INFO - Epoch(train) [1][2880/7116]  lr: 1.0000e-02  eta: 5:40:21  time: 1.1479  data_time: 0.9283  memory: 2254  grad_norm: 2.6159  loss: 6.6426  top1_acc: 0.0000  top5_acc: 0.0000  loss_cls: 6.6426
11/16 19:51:21 - mmengine - INFO - Epoch(train) [1][2900/7116]  lr: 1.0000e-02  eta: 5:40:17  time: 1.2430  data_time: 1.0234  memory: 2254  grad_norm: 2.7396  loss: 6.5009  top1_acc: 0.0000  top5_acc: 0.0000  loss_cls: 6.5009
11/16 19:51:43 - mmengine - INFO - Epoch(train) [1][2920/7116]  lr: 1.0000e-02  eta: 5:39:52  time: 1.0875  data_time: 0.8677  memory: 2254  grad_norm: 2.9584  loss: 6.4663  top1_acc: 0.0000  top5_acc: 0.0000  loss_cls: 6.4663
11/16 19:52:03 - mmengine - INFO - Epoch(train) [1][2940/7116]  lr: 1.0000e-02  eta: 5:39:19  time: 1.0227  data_time: 0.8031  memory: 2254  grad_norm: 2.8619  loss: 6.4283  top1_acc: 0.0000  top5_acc: 0.0000  loss_cls: 6.4283
11/16 19:52:24 - mmengine - INFO - Epoch(train) [1][2960/7116]  lr: 1.0000e-02  eta: 5:38:48  time: 1.0308  data_time: 0.8111  memory: 2254  grad_norm: 2.8873  loss: 6.5679  top1_acc: 0.0000  top5_acc: 0.0000  loss_cls: 6.5679
11/16 19:52:46 - mmengine - INFO - Epoch(train) [1][2980/7116]  lr: 1.0000e-02  eta: 5:38:29  time: 1.1268  data_time: 0.9072  memory: 2254  grad_norm: 2.5544  loss: 6.4766  top1_acc: 0.2500  top5_acc: 0.2500  loss_cls: 6.4766
11/16 19:53:07 - mmengine - INFO - Exp name: x3d_s_epic100_13x6x1_rgb_pairs_20251116_185748
11/16 19:53:07 - mmengine - INFO - Epoch(train) [1][3000/7116]  lr: 1.0000e-02  eta: 5:37:57  time: 1.0267  data_time: 0.8071  memory: 2254  grad_norm: 2.7816  loss: 6.7363  top1_acc: 0.0000  top5_acc: 0.2500  loss_cls: 6.7363
11/16 19:53:26 - mmengine - INFO - Epoch(train) [1][3020/7116]  lr: 1.0000e-02  eta: 5:37:16  time: 0.9547  data_time: 0.7351  memory: 2254  grad_norm: 2.6930  loss: 6.4731  top1_acc: 0.0000  top5_acc: 0.0000  loss_cls: 6.4731
11/16 19:53:47 - mmengine - INFO - Epoch(train) [1][3040/7116]  lr: 1.0000e-02  eta: 5:36:47  time: 1.0424  data_time: 0.8228  memory: 2254  grad_norm: 2.8090  loss: 6.5172  top1_acc: 0.0000  top5_acc: 0.0000  loss_cls: 6.5172
11/16 19:54:06 - mmengine - INFO - Epoch(train) [1][3060/7116]  lr: 1.0000e-02  eta: 5:36:09  time: 0.9725  data_time: 0.7526  memory: 2254  grad_norm: 2.8208  loss: 6.3632  top1_acc: 0.0000  top5_acc: 0.0000  loss_cls: 6.3632
11/16 19:54:30 - mmengine - INFO - Epoch(train) [1][3080/7116]  lr: 1.0000e-02  eta: 5:35:58  time: 1.1913  data_time: 0.9717  memory: 2254  grad_norm: 2.8272  loss: 6.6039  top1_acc: 0.0000  top5_acc: 0.0000  loss_cls: 6.6039
11/16 19:54:55 - mmengine - INFO - Epoch(train) [1][3100/7116]  lr: 1.0000e-02  eta: 5:35:51  time: 1.2329  data_time: 1.0133  memory: 2254  grad_norm: 2.7467  loss: 6.4385  top1_acc: 0.0000  top5_acc: 0.0000  loss_cls: 6.4385
11/16 19:55:16 - mmengine - INFO - Epoch(train) [1][3120/7116]  lr: 1.0000e-02  eta: 5:35:23  time: 1.0544  data_time: 0.8348  memory: 2254  grad_norm: 2.7323  loss: 6.5128  top1_acc: 0.0000  top5_acc: 0.0000  loss_cls: 6.5128
11/16 19:55:34 - mmengine - INFO - Epoch(train) [1][3140/7116]  lr: 1.0000e-02  eta: 5:34:39  time: 0.9206  data_time: 0.7010  memory: 2254  grad_norm: 2.8528  loss: 6.4421  top1_acc: 0.0000  top5_acc: 0.0000  loss_cls: 6.4421
11/16 19:55:59 - mmengine - INFO - Epoch(train) [1][3160/7116]  lr: 1.0000e-02  eta: 5:34:30  time: 1.2156  data_time: 0.9959  memory: 2254  grad_norm: 2.7487  loss: 6.6135  top1_acc: 0.0000  top5_acc: 0.2500  loss_cls: 6.6135
11/16 19:56:21 - mmengine - INFO - Epoch(train) [1][3180/7116]  lr: 1.0000e-02  eta: 5:34:13  time: 1.1442  data_time: 0.9247  memory: 2254  grad_norm: 2.5100  loss: 6.4852  top1_acc: 0.0000  top5_acc: 0.2500  loss_cls: 6.4852
11/16 19:56:43 - mmengine - INFO - Epoch(train) [1][3200/7116]  lr: 1.0000e-02  eta: 5:33:50  time: 1.0972  data_time: 0.8776  memory: 2254  grad_norm: 3.0554  loss: 6.1722  top1_acc: 0.0000  top5_acc: 0.0000  loss_cls: 6.1722
11/16 19:57:05 - mmengine - INFO - Epoch(train) [1][3220/7116]  lr: 1.0000e-02  eta: 5:33:28  time: 1.1017  data_time: 0.8821  memory: 2254  grad_norm: 2.9592  loss: 6.6151  top1_acc: 0.0000  top5_acc: 0.5000  loss_cls: 6.6151
11/16 19:57:28 - mmengine - INFO - Epoch(train) [1][3240/7116]  lr: 1.0000e-02  eta: 5:33:07  time: 1.1134  data_time: 0.8939  memory: 2254  grad_norm: 2.6861  loss: 6.5087  top1_acc: 0.0000  top5_acc: 0.0000  loss_cls: 6.5087
11/16 19:57:47 - mmengine - INFO - Epoch(train) [1][3260/7116]  lr: 1.0000e-02  eta: 5:32:29  time: 0.9581  data_time: 0.7386  memory: 2254  grad_norm: 2.6294  loss: 6.4130  top1_acc: 0.0000  top5_acc: 0.0000  loss_cls: 6.4130
11/16 19:58:10 - mmengine - INFO - Epoch(train) [1][3280/7116]  lr: 1.0000e-02  eta: 5:32:15  time: 1.1791  data_time: 0.9596  memory: 2254  grad_norm: 2.8015  loss: 6.5042  top1_acc: 0.0000  top5_acc: 0.0000  loss_cls: 6.5042
11/16 19:58:33 - mmengine - INFO - Epoch(train) [1][3300/7116]  lr: 1.0000e-02  eta: 5:31:57  time: 1.1447  data_time: 0.9252  memory: 2254  grad_norm: 2.8457  loss: 6.5312  top1_acc: 0.0000  top5_acc: 0.0000  loss_cls: 6.5312
11/16 19:58:58 - mmengine - INFO - Epoch(train) [1][3320/7116]  lr: 1.0000e-02  eta: 5:31:50  time: 1.2419  data_time: 1.0224  memory: 2254  grad_norm: 2.5778  loss: 6.2503  top1_acc: 0.2500  top5_acc: 0.2500  loss_cls: 6.2503
11/16 19:59:20 - mmengine - INFO - Epoch(train) [1][3340/7116]  lr: 1.0000e-02  eta: 5:31:28  time: 1.1051  data_time: 0.8857  memory: 2254  grad_norm: 2.9211  loss: 6.3762  top1_acc: 0.0000  top5_acc: 0.0000  loss_cls: 6.3762
11/16 19:59:42 - mmengine - INFO - Epoch(train) [1][3360/7116]  lr: 1.0000e-02  eta: 5:31:06  time: 1.1045  data_time: 0.8851  memory: 2254  grad_norm: 2.7674  loss: 6.4431  top1_acc: 0.0000  top5_acc: 0.2500  loss_cls: 6.4431
11/16 20:00:07 - mmengine - INFO - Epoch(train) [1][3380/7116]  lr: 1.0000e-02  eta: 5:30:56  time: 1.2124  data_time: 0.9930  memory: 2254  grad_norm: 2.8348  loss: 6.3459  top1_acc: 0.0000  top5_acc: 0.0000  loss_cls: 6.3459
11/16 20:00:27 - mmengine - INFO - Epoch(train) [1][3400/7116]  lr: 1.0000e-02  eta: 5:30:27  time: 1.0388  data_time: 0.8194  memory: 2254  grad_norm: 2.4866  loss: 6.6376  top1_acc: 0.0000  top5_acc: 0.0000  loss_cls: 6.6376
11/16 20:00:52 - mmengine - INFO - Epoch(train) [1][3420/7116]  lr: 1.0000e-02  eta: 5:30:17  time: 1.2213  data_time: 1.0019  memory: 2254  grad_norm: 2.3218  loss: 6.7363  top1_acc: 0.0000  top5_acc: 0.0000  loss_cls: 6.7363
11/16 20:01:15 - mmengine - INFO - Epoch(train) [1][3440/7116]  lr: 1.0000e-02  eta: 5:30:02  time: 1.1787  data_time: 0.9592  memory: 2254  grad_norm: 2.5149  loss: 6.5219  top1_acc: 0.0000  top5_acc: 0.0000  loss_cls: 6.5219
11/16 20:01:37 - mmengine - INFO - Epoch(train) [1][3460/7116]  lr: 1.0000e-02  eta: 5:29:37  time: 1.0755  data_time: 0.8561  memory: 2254  grad_norm: 2.5070  loss: 6.4367  top1_acc: 0.0000  top5_acc: 0.0000  loss_cls: 6.4367
11/16 20:01:56 - mmengine - INFO - Epoch(train) [1][3480/7116]  lr: 1.0000e-02  eta: 5:28:58  time: 0.9445  data_time: 0.7250  memory: 2254  grad_norm: 2.6969  loss: 6.2865  top1_acc: 0.0000  top5_acc: 0.0000  loss_cls: 6.2865
11/16 20:02:15 - mmengine - INFO - Epoch(train) [1][3500/7116]  lr: 1.0000e-02  eta: 5:28:20  time: 0.9477  data_time: 0.7283  memory: 2254  grad_norm: 2.5683  loss: 6.6540  top1_acc: 0.0000  top5_acc: 0.0000  loss_cls: 6.6540
11/16 20:02:36 - mmengine - INFO - Epoch(train) [1][3520/7116]  lr: 1.0000e-02  eta: 5:27:56  time: 1.0812  data_time: 0.8618  memory: 2254  grad_norm: 2.5023  loss: 6.4196  top1_acc: 0.0000  top5_acc: 0.0000  loss_cls: 6.4196
11/16 20:03:00 - mmengine - INFO - Epoch(train) [1][3540/7116]  lr: 1.0000e-02  eta: 5:27:42  time: 1.1870  data_time: 0.9675  memory: 2254  grad_norm: 2.6062  loss: 6.6063  top1_acc: 0.0000  top5_acc: 0.0000  loss_cls: 6.6063
11/16 20:03:21 - mmengine - INFO - Epoch(train) [1][3560/7116]  lr: 1.0000e-02  eta: 5:27:15  time: 1.0509  data_time: 0.8315  memory: 2254  grad_norm: 2.6227  loss: 6.2351  top1_acc: 0.0000  top5_acc: 0.0000  loss_cls: 6.2351
11/16 20:03:45 - mmengine - INFO - Epoch(train) [1][3580/7116]  lr: 1.0000e-02  eta: 5:27:01  time: 1.1884  data_time: 0.9691  memory: 2254  grad_norm: 2.8396  loss: 6.4543  top1_acc: 0.0000  top5_acc: 0.0000  loss_cls: 6.4543
11/16 20:04:09 - mmengine - INFO - Epoch(train) [1][3600/7116]  lr: 1.0000e-02  eta: 5:26:47  time: 1.1890  data_time: 0.9697  memory: 2254  grad_norm: 2.2907  loss: 6.7804  top1_acc: 0.0000  top5_acc: 0.0000  loss_cls: 6.7804
11/16 20:04:32 - mmengine - INFO - Epoch(train) [1][3620/7116]  lr: 1.0000e-02  eta: 5:26:29  time: 1.1486  data_time: 0.9292  memory: 2254  grad_norm: 2.4081  loss: 6.5209  top1_acc: 0.0000  top5_acc: 0.0000  loss_cls: 6.5209
11/16 20:04:52 - mmengine - INFO - Epoch(train) [1][3640/7116]  lr: 1.0000e-02  eta: 5:25:59  time: 1.0187  data_time: 0.7992  memory: 2254  grad_norm: 2.7412  loss: 6.4455  top1_acc: 0.0000  top5_acc: 0.2500  loss_cls: 6.4455
11/16 20:05:15 - mmengine - INFO - Epoch(train) [1][3660/7116]  lr: 1.0000e-02  eta: 5:25:40  time: 1.1365  data_time: 0.9170  memory: 2254  grad_norm: 2.6278  loss: 6.5374  top1_acc: 0.0000  top5_acc: 0.0000  loss_cls: 6.5374
11/16 20:05:39 - mmengine - INFO - Epoch(train) [1][3680/7116]  lr: 1.0000e-02  eta: 5:25:30  time: 1.2273  data_time: 1.0078  memory: 2254  grad_norm: 2.3655  loss: 6.7895  top1_acc: 0.0000  top5_acc: 0.0000  loss_cls: 6.7895
11/16 20:06:03 - mmengine - INFO - Epoch(train) [1][3700/7116]  lr: 1.0000e-02  eta: 5:25:13  time: 1.1657  data_time: 0.9461  memory: 2254  grad_norm: 2.5949  loss: 6.2711  top1_acc: 0.0000  top5_acc: 0.5000  loss_cls: 6.2711
11/16 20:06:25 - mmengine - INFO - Epoch(train) [1][3720/7116]  lr: 1.0000e-02  eta: 5:24:53  time: 1.1217  data_time: 0.9016  memory: 2254  grad_norm: 2.8487  loss: 6.4371  top1_acc: 0.0000  top5_acc: 0.0000  loss_cls: 6.4371
11/16 20:06:48 - mmengine - INFO - Epoch(train) [1][3740/7116]  lr: 1.0000e-02  eta: 5:24:32  time: 1.1245  data_time: 0.9049  memory: 2254  grad_norm: 2.2791  loss: 6.7772  top1_acc: 0.0000  top5_acc: 0.0000  loss_cls: 6.7772
11/16 20:07:12 - mmengine - INFO - Epoch(train) [1][3760/7116]  lr: 1.0000e-02  eta: 5:24:22  time: 1.2344  data_time: 1.0149  memory: 2254  grad_norm: 2.4331  loss: 6.6180  top1_acc: 0.0000  top5_acc: 0.0000  loss_cls: 6.6180
11/16 20:07:36 - mmengine - INFO - Epoch(train) [1][3780/7116]  lr: 1.0000e-02  eta: 5:24:07  time: 1.1764  data_time: 0.9569  memory: 2254  grad_norm: 2.9411  loss: 6.6463  top1_acc: 0.0000  top5_acc: 0.0000  loss_cls: 6.6463
11/16 20:07:58 - mmengine - INFO - Epoch(train) [1][3800/7116]  lr: 1.0000e-02  eta: 5:23:43  time: 1.0940  data_time: 0.8733  memory: 2254  grad_norm: 2.4571  loss: 6.5966  top1_acc: 0.0000  top5_acc: 0.0000  loss_cls: 6.5966
11/16 20:08:22 - mmengine - INFO - Epoch(train) [1][3820/7116]  lr: 1.0000e-02  eta: 5:23:32  time: 1.2297  data_time: 1.0102  memory: 2254  grad_norm: 2.7776  loss: 6.3621  top1_acc: 0.0000  top5_acc: 0.2500  loss_cls: 6.3621
11/16 20:08:43 - mmengine - INFO - Epoch(train) [1][3840/7116]  lr: 1.0000e-02  eta: 5:23:03  time: 1.0256  data_time: 0.8060  memory: 2254  grad_norm: 2.6119  loss: 6.8568  top1_acc: 0.0000  top5_acc: 0.0000  loss_cls: 6.8568
11/16 20:09:07 - mmengine - INFO - Epoch(train) [1][3860/7116]  lr: 1.0000e-02  eta: 5:22:49  time: 1.1977  data_time: 0.9782  memory: 2254  grad_norm: 2.2625  loss: 6.7705  top1_acc: 0.0000  top5_acc: 0.0000  loss_cls: 6.7705
11/16 20:09:29 - mmengine - INFO - Epoch(train) [1][3880/7116]  lr: 1.0000e-02  eta: 5:22:25  time: 1.0910  data_time: 0.8715  memory: 2254  grad_norm: 3.0678  loss: 6.0045  top1_acc: 0.0000  top5_acc: 0.0000  loss_cls: 6.0045
11/16 20:09:51 - mmengine - INFO - Epoch(train) [1][3900/7116]  lr: 1.0000e-02  eta: 5:22:06  time: 1.1389  data_time: 0.9194  memory: 2254  grad_norm: 2.8373  loss: 6.5806  top1_acc: 0.0000  top5_acc: 0.0000  loss_cls: 6.5806
11/16 20:10:12 - mmengine - INFO - Epoch(train) [1][3920/7116]  lr: 1.0000e-02  eta: 5:21:36  time: 1.0213  data_time: 0.8018  memory: 2254  grad_norm: 2.2324  loss: 6.6610  top1_acc: 0.0000  top5_acc: 0.2500  loss_cls: 6.6610
11/16 20:10:31 - mmengine - INFO - Epoch(train) [1][3940/7116]  lr: 1.0000e-02  eta: 5:20:59  time: 0.9410  data_time: 0.7215  memory: 2254  grad_norm: 2.5699  loss: 6.4918  top1_acc: 0.0000  top5_acc: 0.0000  loss_cls: 6.4918
11/16 20:10:53 - mmengine - INFO - Epoch(train) [1][3960/7116]  lr: 1.0000e-02  eta: 5:20:38  time: 1.1178  data_time: 0.8982  memory: 2254  grad_norm: 2.5581  loss: 6.7060  top1_acc: 0.0000  top5_acc: 0.0000  loss_cls: 6.7060
11/16 20:11:14 - mmengine - INFO - Epoch(train) [1][3980/7116]  lr: 1.0000e-02  eta: 5:20:12  time: 1.0562  data_time: 0.8366  memory: 2254  grad_norm: 2.2728  loss: 6.5717  top1_acc: 0.0000  top5_acc: 0.0000  loss_cls: 6.5717
11/16 20:11:34 - mmengine - INFO - Exp name: x3d_s_epic100_13x6x1_rgb_pairs_20251116_185748
11/16 20:11:34 - mmengine - INFO - Epoch(train) [1][4000/7116]  lr: 1.0000e-02  eta: 5:19:41  time: 1.0034  data_time: 0.7838  memory: 2254  grad_norm: 2.7161  loss: 6.6233  top1_acc: 0.0000  top5_acc: 0.0000  loss_cls: 6.6233
11/16 20:11:58 - mmengine - INFO - Epoch(train) [1][4020/7116]  lr: 1.0000e-02  eta: 5:19:28  time: 1.2163  data_time: 0.9967  memory: 2254  grad_norm: 2.5560  loss: 6.3872  top1_acc: 0.0000  top5_acc: 0.0000  loss_cls: 6.3872
11/16 20:12:19 - mmengine - INFO - Epoch(train) [1][4040/7116]  lr: 1.0000e-02  eta: 5:19:01  time: 1.0532  data_time: 0.8338  memory: 2254  grad_norm: 2.5389  loss: 6.7280  top1_acc: 0.0000  top5_acc: 0.0000  loss_cls: 6.7280
11/16 20:12:43 - mmengine - INFO - Epoch(train) [1][4060/7116]  lr: 1.0000e-02  eta: 5:18:45  time: 1.1790  data_time: 0.9595  memory: 2254  grad_norm: 2.3260  loss: 6.4349  top1_acc: 0.0000  top5_acc: 0.0000  loss_cls: 6.4349
11/16 20:13:03 - mmengine - INFO - Epoch(train) [1][4080/7116]  lr: 1.0000e-02  eta: 5:18:14  time: 0.9967  data_time: 0.7771  memory: 2254  grad_norm: 2.4288  loss: 6.7858  top1_acc: 0.0000  top5_acc: 0.0000  loss_cls: 6.7858
11/16 20:13:24 - mmengine - INFO - Epoch(train) [1][4100/7116]  lr: 1.0000e-02  eta: 5:17:48  time: 1.0611  data_time: 0.8415  memory: 2254  grad_norm: 2.5318  loss: 6.5248  top1_acc: 0.0000  top5_acc: 0.0000  loss_cls: 6.5248
11/16 20:13:46 - mmengine - INFO - Epoch(train) [1][4120/7116]  lr: 1.0000e-02  eta: 5:17:24  time: 1.0769  data_time: 0.8574  memory: 2254  grad_norm: 2.5377  loss: 6.6342  top1_acc: 0.0000  top5_acc: 0.0000  loss_cls: 6.6342
11/16 20:14:08 - mmengine - INFO - Epoch(train) [1][4140/7116]  lr: 1.0000e-02  eta: 5:17:02  time: 1.1103  data_time: 0.8907  memory: 2254  grad_norm: 2.3088  loss: 6.6434  top1_acc: 0.2500  top5_acc: 0.2500  loss_cls: 6.6434
11/16 20:14:31 - mmengine - INFO - Epoch(train) [1][4160/7116]  lr: 1.0000e-02  eta: 5:16:42  time: 1.1372  data_time: 0.9177  memory: 2254  grad_norm: 2.3478  loss: 6.7679  top1_acc: 0.0000  top5_acc: 0.0000  loss_cls: 6.7679
11/16 20:14:52 - mmengine - INFO - Epoch(train) [1][4180/7116]  lr: 1.0000e-02  eta: 5:16:17  time: 1.0620  data_time: 0.8425  memory: 2254  grad_norm: 2.2394  loss: 6.5582  top1_acc: 0.0000  top5_acc: 0.0000  loss_cls: 6.5582
11/16 20:15:15 - mmengine - INFO - Epoch(train) [1][4200/7116]  lr: 1.0000e-02  eta: 5:15:59  time: 1.1593  data_time: 0.9398  memory: 2254  grad_norm: 2.6885  loss: 6.1968  top1_acc: 0.0000  top5_acc: 0.2500  loss_cls: 6.1968
11/16 20:15:39 - mmengine - INFO - Epoch(train) [1][4220/7116]  lr: 1.0000e-02  eta: 5:15:42  time: 1.1700  data_time: 0.9506  memory: 2254  grad_norm: 2.5529  loss: 6.7088  top1_acc: 0.0000  top5_acc: 0.2500  loss_cls: 6.7088
11/16 20:16:04 - mmengine - INFO - Epoch(train) [1][4240/7116]  lr: 1.0000e-02  eta: 5:15:32  time: 1.2556  data_time: 1.0360  memory: 2254  grad_norm: 2.2604  loss: 6.4874  top1_acc: 0.0000  top5_acc: 0.2500  loss_cls: 6.4874
11/16 20:16:25 - mmengine - INFO - Epoch(train) [1][4260/7116]  lr: 1.0000e-02  eta: 5:15:06  time: 1.0611  data_time: 0.8416  memory: 2254  grad_norm: 2.5489  loss: 6.5844  top1_acc: 0.0000  top5_acc: 0.2500  loss_cls: 6.5844
11/16 20:16:48 - mmengine - INFO - Epoch(train) [1][4280/7116]  lr: 1.0000e-02  eta: 5:14:50  time: 1.1777  data_time: 0.9581  memory: 2254  grad_norm: 2.2965  loss: 6.6087  top1_acc: 0.0000  top5_acc: 0.0000  loss_cls: 6.6087
11/16 20:17:09 - mmengine - INFO - Epoch(train) [1][4300/7116]  lr: 1.0000e-02  eta: 5:14:21  time: 1.0268  data_time: 0.8073  memory: 2254  grad_norm: 2.3387  loss: 6.5337  top1_acc: 0.0000  top5_acc: 0.0000  loss_cls: 6.5337
11/16 20:17:30 - mmengine - INFO - Epoch(train) [1][4320/7116]  lr: 1.0000e-02  eta: 5:13:55  time: 1.0532  data_time: 0.8336  memory: 2254  grad_norm: 2.3712  loss: 6.6755  top1_acc: 0.0000  top5_acc: 0.2500  loss_cls: 6.6755
11/16 20:17:51 - mmengine - INFO - Epoch(train) [1][4340/7116]  lr: 1.0000e-02  eta: 5:13:29  time: 1.0524  data_time: 0.8328  memory: 2254  grad_norm: 2.4727  loss: 6.3860  top1_acc: 0.0000  top5_acc: 0.0000  loss_cls: 6.3860
11/16 20:18:13 - mmengine - INFO - Epoch(train) [1][4360/7116]  lr: 1.0000e-02  eta: 5:13:04  time: 1.0738  data_time: 0.8542  memory: 2254  grad_norm: 2.7005  loss: 6.4523  top1_acc: 0.0000  top5_acc: 0.2500  loss_cls: 6.4523
11/16 20:18:33 - mmengine - INFO - Epoch(train) [1][4380/7116]  lr: 1.0000e-02  eta: 5:12:37  time: 1.0356  data_time: 0.8161  memory: 2254  grad_norm: 2.4843  loss: 6.2513  top1_acc: 0.0000  top5_acc: 0.0000  loss_cls: 6.2513
11/16 20:18:55 - mmengine - INFO - Epoch(train) [1][4400/7116]  lr: 1.0000e-02  eta: 5:12:12  time: 1.0751  data_time: 0.8555  memory: 2254  grad_norm: 2.5831  loss: 6.5173  top1_acc: 0.0000  top5_acc: 0.2500  loss_cls: 6.5173
11/16 20:19:16 - mmengine - INFO - Epoch(train) [1][4420/7116]  lr: 1.0000e-02  eta: 5:11:45  time: 1.0390  data_time: 0.8194  memory: 2254  grad_norm: 2.4550  loss: 6.3931  top1_acc: 0.2500  top5_acc: 0.2500  loss_cls: 6.3931
11/16 20:19:40 - mmengine - INFO - Epoch(train) [1][4440/7116]  lr: 1.0000e-02  eta: 5:11:31  time: 1.2104  data_time: 0.9909  memory: 2254  grad_norm: 2.4743  loss: 6.4970  top1_acc: 0.0000  top5_acc: 0.0000  loss_cls: 6.4970
11/16 20:20:00 - mmengine - INFO - Epoch(train) [1][4460/7116]  lr: 1.0000e-02  eta: 5:11:04  time: 1.0364  data_time: 0.8169  memory: 2254  grad_norm: 2.6220  loss: 6.1683  top1_acc: 0.0000  top5_acc: 0.0000  loss_cls: 6.1683
11/16 20:20:25 - mmengine - INFO - Epoch(train) [1][4480/7116]  lr: 1.0000e-02  eta: 5:10:51  time: 1.2260  data_time: 1.0063  memory: 2254  grad_norm: 2.7708  loss: 6.2069  top1_acc: 0.0000  top5_acc: 0.2500  loss_cls: 6.2069
11/16 20:20:46 - mmengine - INFO - Epoch(train) [1][4500/7116]  lr: 1.0000e-02  eta: 5:10:23  time: 1.0397  data_time: 0.8201  memory: 2254  grad_norm: 2.6793  loss: 6.1653  top1_acc: 0.0000  top5_acc: 0.0000  loss_cls: 6.1653
11/16 20:21:09 - mmengine - INFO - Epoch(train) [1][4520/7116]  lr: 1.0000e-02  eta: 5:10:04  time: 1.1404  data_time: 0.9208  memory: 2254  grad_norm: 2.4552  loss: 6.6749  top1_acc: 0.0000  top5_acc: 0.0000  loss_cls: 6.6749
11/16 20:21:30 - mmengine - INFO - Epoch(train) [1][4540/7116]  lr: 1.0000e-02  eta: 5:09:39  time: 1.0681  data_time: 0.8486  memory: 2254  grad_norm: 2.3426  loss: 6.6075  top1_acc: 0.0000  top5_acc: 0.0000  loss_cls: 6.6075
11/16 20:21:53 - mmengine - INFO - Epoch(train) [1][4560/7116]  lr: 1.0000e-02  eta: 5:09:20  time: 1.1525  data_time: 0.9329  memory: 2254  grad_norm: 2.4142  loss: 6.3745  top1_acc: 0.0000  top5_acc: 0.0000  loss_cls: 6.3745
11/16 20:22:14 - mmengine - INFO - Epoch(train) [1][4580/7116]  lr: 1.0000e-02  eta: 5:08:54  time: 1.0457  data_time: 0.8261  memory: 2254  grad_norm: 2.4404  loss: 6.5051  top1_acc: 0.2500  top5_acc: 0.2500  loss_cls: 6.5051
11/16 20:22:37 - mmengine - INFO - Epoch(train) [1][4600/7116]  lr: 1.0000e-02  eta: 5:08:34  time: 1.1290  data_time: 0.9095  memory: 2254  grad_norm: 2.4538  loss: 6.4658  top1_acc: 0.0000  top5_acc: 0.0000  loss_cls: 6.4658
11/16 20:22:57 - mmengine - INFO - Epoch(train) [1][4620/7116]  lr: 1.0000e-02  eta: 5:08:05  time: 1.0221  data_time: 0.8025  memory: 2254  grad_norm: 2.5408  loss: 6.4631  top1_acc: 0.0000  top5_acc: 0.2500  loss_cls: 6.4631
11/16 20:23:19 - mmengine - INFO - Epoch(train) [1][4640/7116]  lr: 1.0000e-02  eta: 5:07:41  time: 1.0766  data_time: 0.8571  memory: 2254  grad_norm: 2.5385  loss: 6.3003  top1_acc: 0.0000  top5_acc: 0.2500  loss_cls: 6.3003
11/16 20:23:40 - mmengine - INFO - Epoch(train) [1][4660/7116]  lr: 1.0000e-02  eta: 5:07:19  time: 1.0958  data_time: 0.8763  memory: 2254  grad_norm: 2.3729  loss: 6.2945  top1_acc: 0.0000  top5_acc: 0.0000  loss_cls: 6.2945
11/16 20:24:01 - mmengine - INFO - Epoch(train) [1][4680/7116]  lr: 1.0000e-02  eta: 5:06:51  time: 1.0331  data_time: 0.8136  memory: 2254  grad_norm: 2.7232  loss: 6.2046  top1_acc: 0.0000  top5_acc: 0.0000  loss_cls: 6.2046
11/16 20:24:24 - mmengine - INFO - Epoch(train) [1][4700/7116]  lr: 1.0000e-02  eta: 5:06:31  time: 1.1313  data_time: 0.9117  memory: 2254  grad_norm: 2.6271  loss: 6.2638  top1_acc: 0.0000  top5_acc: 0.0000  loss_cls: 6.2638
11/16 20:24:44 - mmengine - INFO - Epoch(train) [1][4720/7116]  lr: 1.0000e-02  eta: 5:06:01  time: 0.9924  data_time: 0.7729  memory: 2254  grad_norm: 2.5106  loss: 6.3941  top1_acc: 0.0000  top5_acc: 0.0000  loss_cls: 6.3941
11/16 20:25:05 - mmengine - INFO - Epoch(train) [1][4740/7116]  lr: 1.0000e-02  eta: 5:05:36  time: 1.0559  data_time: 0.8364  memory: 2254  grad_norm: 2.1884  loss: 6.6483  top1_acc: 0.0000  top5_acc: 0.0000  loss_cls: 6.6483
11/16 20:25:24 - mmengine - INFO - Epoch(train) [1][4760/7116]  lr: 1.0000e-02  eta: 5:05:05  time: 0.9867  data_time: 0.7673  memory: 2254  grad_norm: 2.5417  loss: 6.1937  top1_acc: 0.0000  top5_acc: 0.0000  loss_cls: 6.1937
11/16 20:25:46 - mmengine - INFO - Epoch(train) [1][4780/7116]  lr: 1.0000e-02  eta: 5:04:40  time: 1.0566  data_time: 0.8372  memory: 2254  grad_norm: 2.6815  loss: 6.4841  top1_acc: 0.0000  top5_acc: 0.0000  loss_cls: 6.4841
11/16 20:26:08 - mmengine - INFO - Epoch(train) [1][4800/7116]  lr: 1.0000e-02  eta: 5:04:19  time: 1.1132  data_time: 0.8933  memory: 2254  grad_norm: 2.0705  loss: 6.5857  top1_acc: 0.0000  top5_acc: 0.0000  loss_cls: 6.5857
11/16 20:26:30 - mmengine - INFO - Epoch(train) [1][4820/7116]  lr: 1.0000e-02  eta: 5:03:56  time: 1.0960  data_time: 0.8762  memory: 2254  grad_norm: 2.3822  loss: 6.6220  top1_acc: 0.0000  top5_acc: 0.0000  loss_cls: 6.6220
11/16 20:26:53 - mmengine - INFO - Epoch(train) [1][4840/7116]  lr: 1.0000e-02  eta: 5:03:37  time: 1.1515  data_time: 0.9319  memory: 2254  grad_norm: 2.2645  loss: 6.8028  top1_acc: 0.0000  top5_acc: 0.0000  loss_cls: 6.8028
11/16 20:27:15 - mmengine - INFO - Epoch(train) [1][4860/7116]  lr: 1.0000e-02  eta: 5:03:16  time: 1.1101  data_time: 0.8906  memory: 2254  grad_norm: 2.2841  loss: 6.6240  top1_acc: 0.0000  top5_acc: 0.0000  loss_cls: 6.6240
11/16 20:27:37 - mmengine - INFO - Epoch(train) [1][4880/7116]  lr: 1.0000e-02  eta: 5:02:54  time: 1.1033  data_time: 0.8837  memory: 2254  grad_norm: 2.2798  loss: 6.5969  top1_acc: 0.0000  top5_acc: 0.2500  loss_cls: 6.5969
11/16 20:27:59 - mmengine - INFO - Epoch(train) [1][4900/7116]  lr: 1.0000e-02  eta: 5:02:30  time: 1.0745  data_time: 0.8550  memory: 2254  grad_norm: 2.3514  loss: 6.4805  top1_acc: 0.0000  top5_acc: 0.0000  loss_cls: 6.4805
11/16 20:28:20 - mmengine - INFO - Epoch(train) [1][4920/7116]  lr: 1.0000e-02  eta: 5:02:05  time: 1.0676  data_time: 0.8480  memory: 2254  grad_norm: 2.3870  loss: 6.5223  top1_acc: 0.0000  top5_acc: 0.0000  loss_cls: 6.5223
11/16 20:28:42 - mmengine - INFO - Epoch(train) [1][4940/7116]  lr: 1.0000e-02  eta: 5:01:42  time: 1.0863  data_time: 0.8667  memory: 2254  grad_norm: 2.2247  loss: 6.7469  top1_acc: 0.0000  top5_acc: 0.0000  loss_cls: 6.7469
11/16 20:29:04 - mmengine - INFO - Epoch(train) [1][4960/7116]  lr: 1.0000e-02  eta: 5:01:19  time: 1.0982  data_time: 0.8787  memory: 2254  grad_norm: 2.5120  loss: 6.2204  top1_acc: 0.0000  top5_acc: 0.2500  loss_cls: 6.2204
11/16 20:29:25 - mmengine - INFO - Epoch(train) [1][4980/7116]  lr: 1.0000e-02  eta: 5:00:54  time: 1.0490  data_time: 0.8295  memory: 2254  grad_norm: 2.5627  loss: 6.4561  top1_acc: 0.0000  top5_acc: 0.0000  loss_cls: 6.4561
11/16 20:29:48 - mmengine - INFO - Exp name: x3d_s_epic100_13x6x1_rgb_pairs_20251116_185748
11/16 20:29:48 - mmengine - INFO - Epoch(train) [1][5000/7116]  lr: 1.0000e-02  eta: 5:00:38  time: 1.1912  data_time: 0.9717  memory: 2254  grad_norm: 2.3859  loss: 6.3239  top1_acc: 0.0000  top5_acc: 0.0000  loss_cls: 6.3239
11/16 20:30:12 - mmengine - INFO - Epoch(train) [1][5020/7116]  lr: 1.0000e-02  eta: 5:00:20  time: 1.1673  data_time: 0.9478  memory: 2254  grad_norm: 2.4353  loss: 6.3525  top1_acc: 0.0000  top5_acc: 0.0000  loss_cls: 6.3525
11/16 20:30:33 - mmengine - INFO - Epoch(train) [1][5040/7116]  lr: 1.0000e-02  eta: 4:59:56  time: 1.0848  data_time: 0.8653  memory: 2254  grad_norm: 2.3664  loss: 6.7127  top1_acc: 0.0000  top5_acc: 0.0000  loss_cls: 6.7127
11/16 20:30:54 - mmengine - INFO - Epoch(train) [1][5060/7116]  lr: 1.0000e-02  eta: 4:59:29  time: 1.0159  data_time: 0.7964  memory: 2254  grad_norm: 2.2925  loss: 6.3472  top1_acc: 0.0000  top5_acc: 0.0000  loss_cls: 6.3472
11/16 20:31:15 - mmengine - INFO - Epoch(train) [1][5080/7116]  lr: 1.0000e-02  eta: 4:59:04  time: 1.0555  data_time: 0.8359  memory: 2254  grad_norm: 2.3396  loss: 6.6317  top1_acc: 0.0000  top5_acc: 0.0000  loss_cls: 6.6317
11/16 20:31:38 - mmengine - INFO - Epoch(train) [1][5100/7116]  lr: 1.0000e-02  eta: 4:58:43  time: 1.1351  data_time: 0.9156  memory: 2254  grad_norm: 2.2908  loss: 6.5128  top1_acc: 0.0000  top5_acc: 0.0000  loss_cls: 6.5128
11/16 20:32:02 - mmengine - INFO - Epoch(train) [1][5120/7116]  lr: 1.0000e-02  eta: 4:58:30  time: 1.2396  data_time: 1.0200  memory: 2254  grad_norm: 2.3603  loss: 6.7846  top1_acc: 0.0000  top5_acc: 0.2500  loss_cls: 6.7846
11/16 20:32:27 - mmengine - INFO - Epoch(train) [1][5140/7116]  lr: 1.0000e-02  eta: 4:58:15  time: 1.2091  data_time: 0.9895  memory: 2254  grad_norm: 2.3177  loss: 6.4361  top1_acc: 0.0000  top5_acc: 0.0000  loss_cls: 6.4361
11/16 20:32:47 - mmengine - INFO - Epoch(train) [1][5160/7116]  lr: 1.0000e-02  eta: 4:57:49  time: 1.0450  data_time: 0.8253  memory: 2254  grad_norm: 2.2858  loss: 6.6620  top1_acc: 0.0000  top5_acc: 0.0000  loss_cls: 6.6620
11/16 20:33:09 - mmengine - INFO - Epoch(train) [1][5180/7116]  lr: 1.0000e-02  eta: 4:57:26  time: 1.0924  data_time: 0.8727  memory: 2254  grad_norm: 2.2602  loss: 6.8072  top1_acc: 0.0000  top5_acc: 0.0000  loss_cls: 6.8072
11/16 20:33:33 - mmengine - INFO - Epoch(train) [1][5200/7116]  lr: 1.0000e-02  eta: 4:57:08  time: 1.1677  data_time: 0.9480  memory: 2254  grad_norm: 2.0420  loss: 6.5235  top1_acc: 0.0000  top5_acc: 0.0000  loss_cls: 6.5235
11/16 20:33:53 - mmengine - INFO - Epoch(train) [1][5220/7116]  lr: 1.0000e-02  eta: 4:56:40  time: 1.0068  data_time: 0.7872  memory: 2254  grad_norm: 2.3849  loss: 6.4303  top1_acc: 0.0000  top5_acc: 0.0000  loss_cls: 6.4303
11/16 20:34:17 - mmengine - INFO - Epoch(train) [1][5240/7116]  lr: 1.0000e-02  eta: 4:56:25  time: 1.2254  data_time: 1.0057  memory: 2254  grad_norm: 2.4065  loss: 6.4505  top1_acc: 0.0000  top5_acc: 0.0000  loss_cls: 6.4505
11/16 20:34:38 - mmengine - INFO - Epoch(train) [1][5260/7116]  lr: 1.0000e-02  eta: 4:55:58  time: 1.0201  data_time: 0.8004  memory: 2254  grad_norm: 2.5140  loss: 6.7427  top1_acc: 0.0000  top5_acc: 0.0000  loss_cls: 6.7427
11/16 20:35:02 - mmengine - INFO - Epoch(train) [1][5280/7116]  lr: 1.0000e-02  eta: 4:55:43  time: 1.2115  data_time: 0.9919  memory: 2254  grad_norm: 1.9688  loss: 6.7419  top1_acc: 0.0000  top5_acc: 0.0000  loss_cls: 6.7419
11/16 20:35:23 - mmengine - INFO - Epoch(train) [1][5300/7116]  lr: 1.0000e-02  eta: 4:55:17  time: 1.0481  data_time: 0.8284  memory: 2254  grad_norm: 2.1449  loss: 6.6916  top1_acc: 0.0000  top5_acc: 0.2500  loss_cls: 6.6916
11/16 20:35:44 - mmengine - INFO - Epoch(train) [1][5320/7116]  lr: 1.0000e-02  eta: 4:54:51  time: 1.0405  data_time: 0.8209  memory: 2254  grad_norm: 2.3554  loss: 6.3876  top1_acc: 0.0000  top5_acc: 0.0000  loss_cls: 6.3876
11/16 20:36:08 - mmengine - INFO - Epoch(train) [1][5340/7116]  lr: 1.0000e-02  eta: 4:54:35  time: 1.1972  data_time: 0.9774  memory: 2254  grad_norm: 2.3482  loss: 6.3486  top1_acc: 0.5000  top5_acc: 0.7500  loss_cls: 6.3486
11/16 20:36:28 - mmengine - INFO - Epoch(train) [1][5360/7116]  lr: 1.0000e-02  eta: 4:54:09  time: 1.0386  data_time: 0.8189  memory: 2254  grad_norm: 2.6339  loss: 6.6997  top1_acc: 0.0000  top5_acc: 0.0000  loss_cls: 6.6997
11/16 20:36:48 - mmengine - INFO - Epoch(train) [1][5380/7116]  lr: 1.0000e-02  eta: 4:53:39  time: 0.9824  data_time: 0.7627  memory: 2254  grad_norm: 2.1889  loss: 6.2669  top1_acc: 0.0000  top5_acc: 0.0000  loss_cls: 6.2669
11/16 20:37:12 - mmengine - INFO - Epoch(train) [1][5400/7116]  lr: 1.0000e-02  eta: 4:53:23  time: 1.2006  data_time: 0.9810  memory: 2254  grad_norm: 2.3072  loss: 6.5705  top1_acc: 0.0000  top5_acc: 0.0000  loss_cls: 6.5705
11/16 20:37:34 - mmengine - INFO - Epoch(train) [1][5420/7116]  lr: 1.0000e-02  eta: 4:53:00  time: 1.0818  data_time: 0.8620  memory: 2254  grad_norm: 2.3107  loss: 6.4839  top1_acc: 0.0000  top5_acc: 0.0000  loss_cls: 6.4839
11/16 20:37:57 - mmengine - INFO - Epoch(train) [1][5440/7116]  lr: 1.0000e-02  eta: 4:52:42  time: 1.1821  data_time: 0.9626  memory: 2254  grad_norm: 2.0962  loss: 6.6491  top1_acc: 0.0000  top5_acc: 0.0000  loss_cls: 6.6491
11/16 20:38:20 - mmengine - INFO - Epoch(train) [1][5460/7116]  lr: 1.0000e-02  eta: 4:52:21  time: 1.1169  data_time: 0.8974  memory: 2254  grad_norm: 2.1302  loss: 6.5807  top1_acc: 0.0000  top5_acc: 0.0000  loss_cls: 6.5807
11/16 20:38:45 - mmengine - INFO - Epoch(train) [1][5480/7116]  lr: 1.0000e-02  eta: 4:52:08  time: 1.2648  data_time: 1.0451  memory: 2254  grad_norm: 2.4740  loss: 6.5428  top1_acc: 0.0000  top5_acc: 0.0000  loss_cls: 6.5428
11/16 20:39:08 - mmengine - INFO - Epoch(train) [1][5500/7116]  lr: 1.0000e-02  eta: 4:51:49  time: 1.1620  data_time: 0.9420  memory: 2254  grad_norm: 2.0723  loss: 6.6188  top1_acc: 0.0000  top5_acc: 0.0000  loss_cls: 6.6188
11/16 20:39:33 - mmengine - INFO - Epoch(train) [1][5520/7116]  lr: 1.0000e-02  eta: 4:51:35  time: 1.2369  data_time: 1.0168  memory: 2254  grad_norm: 2.2860  loss: 6.3313  top1_acc: 0.2500  top5_acc: 0.2500  loss_cls: 6.3313
11/16 20:39:56 - mmengine - INFO - Epoch(train) [1][5540/7116]  lr: 1.0000e-02  eta: 4:51:15  time: 1.1530  data_time: 0.9330  memory: 2254  grad_norm: 2.5893  loss: 6.3433  top1_acc: 0.0000  top5_acc: 0.2500  loss_cls: 6.3433
11/16 20:40:19 - mmengine - INFO - Epoch(train) [1][5560/7116]  lr: 1.0000e-02  eta: 4:50:56  time: 1.1455  data_time: 0.9255  memory: 2254  grad_norm: 2.3512  loss: 6.5135  top1_acc: 0.0000  top5_acc: 0.0000  loss_cls: 6.5135
11/16 20:40:39 - mmengine - INFO - Epoch(train) [1][5580/7116]  lr: 1.0000e-02  eta: 4:50:28  time: 1.0182  data_time: 0.7982  memory: 2254  grad_norm: 2.2886  loss: 6.2775  top1_acc: 0.0000  top5_acc: 0.0000  loss_cls: 6.2775
11/16 20:41:05 - mmengine - INFO - Epoch(train) [1][5600/7116]  lr: 1.0000e-02  eta: 4:50:16  time: 1.2808  data_time: 1.0608  memory: 2254  grad_norm: 2.5827  loss: 6.4476  top1_acc: 0.0000  top5_acc: 0.0000  loss_cls: 6.4476
11/16 20:41:24 - mmengine - INFO - Epoch(train) [1][5620/7116]  lr: 1.0000e-02  eta: 4:49:45  time: 0.9377  data_time: 0.7178  memory: 2254  grad_norm: 2.3007  loss: 6.2335  top1_acc: 0.0000  top5_acc: 0.0000  loss_cls: 6.2335
11/16 20:41:43 - mmengine - INFO - Epoch(train) [1][5640/7116]  lr: 1.0000e-02  eta: 4:49:15  time: 0.9778  data_time: 0.7579  memory: 2254  grad_norm: 2.3701  loss: 6.6937  top1_acc: 0.0000  top5_acc: 0.0000  loss_cls: 6.6937
11/16 20:42:05 - mmengine - INFO - Epoch(train) [1][5660/7116]  lr: 1.0000e-02  eta: 4:48:54  time: 1.1085  data_time: 0.8885  memory: 2254  grad_norm: 1.9898  loss: 6.5243  top1_acc: 0.0000  top5_acc: 0.0000  loss_cls: 6.5243
11/16 20:42:28 - mmengine - INFO - Epoch(train) [1][5680/7116]  lr: 1.0000e-02  eta: 4:48:34  time: 1.1430  data_time: 0.9230  memory: 2254  grad_norm: 2.6090  loss: 6.2576  top1_acc: 0.0000  top5_acc: 0.0000  loss_cls: 6.2576
11/16 20:42:51 - mmengine - INFO - Epoch(train) [1][5700/7116]  lr: 1.0000e-02  eta: 4:48:12  time: 1.1211  data_time: 0.9012  memory: 2254  grad_norm: 2.2953  loss: 6.4183  top1_acc: 0.0000  top5_acc: 0.0000  loss_cls: 6.4183
11/16 20:43:12 - mmengine - INFO - Epoch(train) [1][5720/7116]  lr: 1.0000e-02  eta: 4:47:48  time: 1.0552  data_time: 0.8351  memory: 2254  grad_norm: 2.1260  loss: 6.8499  top1_acc: 0.0000  top5_acc: 0.0000  loss_cls: 6.8499
11/16 20:43:32 - mmengine - INFO - Epoch(train) [1][5740/7116]  lr: 1.0000e-02  eta: 4:47:21  time: 1.0228  data_time: 0.8027  memory: 2254  grad_norm: 2.2348  loss: 6.4032  top1_acc: 0.0000  top5_acc: 0.0000  loss_cls: 6.4032
11/16 20:43:57 - mmengine - INFO - Epoch(train) [1][5760/7116]  lr: 1.0000e-02  eta: 4:47:07  time: 1.2578  data_time: 1.0378  memory: 2254  grad_norm: 2.3411  loss: 6.3496  top1_acc: 0.0000  top5_acc: 0.0000  loss_cls: 6.3496
11/16 20:44:22 - mmengine - INFO - Epoch(train) [1][5780/7116]  lr: 1.0000e-02  eta: 4:46:52  time: 1.2373  data_time: 1.0172  memory: 2254  grad_norm: 2.2632  loss: 6.4013  top1_acc: 0.0000  top5_acc: 0.2500  loss_cls: 6.4013
11/16 20:44:43 - mmengine - INFO - Epoch(train) [1][5800/7116]  lr: 1.0000e-02  eta: 4:46:26  time: 1.0319  data_time: 0.8118  memory: 2254  grad_norm: 2.4784  loss: 6.4917  top1_acc: 0.0000  top5_acc: 0.0000  loss_cls: 6.4917
11/16 20:45:06 - mmengine - INFO - Epoch(train) [1][5820/7116]  lr: 1.0000e-02  eta: 4:46:07  time: 1.1589  data_time: 0.9390  memory: 2254  grad_norm: 2.3246  loss: 6.5355  top1_acc: 0.0000  top5_acc: 0.0000  loss_cls: 6.5355
11/16 20:45:27 - mmengine - INFO - Epoch(train) [1][5840/7116]  lr: 1.0000e-02  eta: 4:45:43  time: 1.0637  data_time: 0.8437  memory: 2254  grad_norm: 2.3399  loss: 6.4072  top1_acc: 0.0000  top5_acc: 0.0000  loss_cls: 6.4072
11/16 20:45:53 - mmengine - INFO - Epoch(train) [1][5860/7116]  lr: 1.0000e-02  eta: 4:45:29  time: 1.2735  data_time: 1.0536  memory: 2254  grad_norm: 2.2757  loss: 6.4005  top1_acc: 0.2500  top5_acc: 0.2500  loss_cls: 6.4005
11/16 20:46:15 - mmengine - INFO - Epoch(train) [1][5880/7116]  lr: 1.0000e-02  eta: 4:45:08  time: 1.1193  data_time: 0.8993  memory: 2254  grad_norm: 2.2021  loss: 6.4473  top1_acc: 0.0000  top5_acc: 0.2500  loss_cls: 6.4473
11/16 20:46:37 - mmengine - INFO - Epoch(train) [1][5900/7116]  lr: 1.0000e-02  eta: 4:44:46  time: 1.1065  data_time: 0.8865  memory: 2254  grad_norm: 2.2656  loss: 6.6260  top1_acc: 0.0000  top5_acc: 0.0000  loss_cls: 6.6260
11/16 20:47:02 - mmengine - INFO - Epoch(train) [1][5920/7116]  lr: 1.0000e-02  eta: 4:44:30  time: 1.2360  data_time: 1.0161  memory: 2254  grad_norm: 2.1213  loss: 6.4377  top1_acc: 0.0000  top5_acc: 0.5000  loss_cls: 6.4377
11/16 20:47:22 - mmengine - INFO - Epoch(train) [1][5940/7116]  lr: 1.0000e-02  eta: 4:44:02  time: 0.9821  data_time: 0.7621  memory: 2254  grad_norm: 2.2966  loss: 6.4294  top1_acc: 0.0000  top5_acc: 0.0000  loss_cls: 6.4294
11/16 20:47:43 - mmengine - INFO - Epoch(train) [1][5960/7116]  lr: 1.0000e-02  eta: 4:43:39  time: 1.0951  data_time: 0.8751  memory: 2254  grad_norm: 2.3966  loss: 6.1089  top1_acc: 0.0000  top5_acc: 0.0000  loss_cls: 6.1089
11/16 20:48:04 - mmengine - INFO - Epoch(train) [1][5980/7116]  lr: 1.0000e-02  eta: 4:43:14  time: 1.0469  data_time: 0.8269  memory: 2254  grad_norm: 2.4089  loss: 6.5291  top1_acc: 0.0000  top5_acc: 0.0000  loss_cls: 6.5291
11/16 20:48:28 - mmengine - INFO - Exp name: x3d_s_epic100_13x6x1_rgb_pairs_20251116_185748
11/16 20:48:28 - mmengine - INFO - Epoch(train) [1][6000/7116]  lr: 1.0000e-02  eta: 4:42:55  time: 1.1591  data_time: 0.9391  memory: 2254  grad_norm: 2.3497  loss: 6.1973  top1_acc: 0.0000  top5_acc: 0.2500  loss_cls: 6.1973
11/16 20:48:55 - mmengine - INFO - Epoch(train) [1][6020/7116]  lr: 1.0000e-02  eta: 4:42:45  time: 1.3589  data_time: 1.1389  memory: 2254  grad_norm: 2.4151  loss: 6.1958  top1_acc: 0.2500  top5_acc: 0.2500  loss_cls: 6.1958
11/16 20:49:14 - mmengine - INFO - Epoch(train) [1][6040/7116]  lr: 1.0000e-02  eta: 4:42:17  time: 0.9787  data_time: 0.7585  memory: 2254  grad_norm: 2.5623  loss: 6.4433  top1_acc: 0.0000  top5_acc: 0.0000  loss_cls: 6.4433
11/16 20:49:38 - mmengine - INFO - Epoch(train) [1][6060/7116]  lr: 1.0000e-02  eta: 4:41:58  time: 1.1761  data_time: 0.9560  memory: 2254  grad_norm: 2.3929  loss: 6.1123  top1_acc: 0.0000  top5_acc: 0.0000  loss_cls: 6.1123
11/16 20:50:00 - mmengine - INFO - Epoch(train) [1][6080/7116]  lr: 1.0000e-02  eta: 4:41:35  time: 1.0956  data_time: 0.8754  memory: 2254  grad_norm: 2.3246  loss: 6.6662  top1_acc: 0.0000  top5_acc: 0.2500  loss_cls: 6.6662
11/16 20:50:19 - mmengine - INFO - Epoch(train) [1][6100/7116]  lr: 1.0000e-02  eta: 4:41:07  time: 0.9729  data_time: 0.7528  memory: 2254  grad_norm: 2.2198  loss: 6.4299  top1_acc: 0.0000  top5_acc: 0.2500  loss_cls: 6.4299
11/16 20:50:42 - mmengine - INFO - Epoch(train) [1][6120/7116]  lr: 1.0000e-02  eta: 4:40:47  time: 1.1494  data_time: 0.9294  memory: 2254  grad_norm: 2.3519  loss: 6.2128  top1_acc: 0.0000  top5_acc: 0.0000  loss_cls: 6.2128
11/16 20:51:04 - mmengine - INFO - Epoch(train) [1][6140/7116]  lr: 1.0000e-02  eta: 4:40:23  time: 1.0769  data_time: 0.8568  memory: 2254  grad_norm: 2.3864  loss: 6.7346  top1_acc: 0.0000  top5_acc: 0.0000  loss_cls: 6.7346
11/16 20:51:31 - mmengine - INFO - Epoch(train) [1][6160/7116]  lr: 1.0000e-02  eta: 4:40:13  time: 1.3425  data_time: 1.1224  memory: 2254  grad_norm: 2.0072  loss: 6.5148  top1_acc: 0.0000  top5_acc: 0.0000  loss_cls: 6.5148
11/16 20:51:55 - mmengine - INFO - Epoch(train) [1][6180/7116]  lr: 1.0000e-02  eta: 4:39:56  time: 1.2145  data_time: 0.9944  memory: 2254  grad_norm: 2.0665  loss: 6.8278  top1_acc: 0.0000  top5_acc: 0.0000  loss_cls: 6.8278
11/16 20:52:17 - mmengine - INFO - Epoch(train) [1][6200/7116]  lr: 1.0000e-02  eta: 4:39:33  time: 1.0927  data_time: 0.8725  memory: 2254  grad_norm: 2.0357  loss: 6.4123  top1_acc: 0.0000  top5_acc: 0.5000  loss_cls: 6.4123
11/16 20:52:36 - mmengine - INFO - Epoch(train) [1][6220/7116]  lr: 1.0000e-02  eta: 4:39:04  time: 0.9648  data_time: 0.7447  memory: 2254  grad_norm: 2.3765  loss: 6.4006  top1_acc: 0.0000  top5_acc: 0.0000  loss_cls: 6.4006
11/16 20:52:57 - mmengine - INFO - Epoch(train) [1][6240/7116]  lr: 1.0000e-02  eta: 4:38:39  time: 1.0561  data_time: 0.8360  memory: 2254  grad_norm: 2.1135  loss: 6.6231  top1_acc: 0.0000  top5_acc: 0.2500  loss_cls: 6.6231
11/16 20:53:21 - mmengine - INFO - Epoch(train) [1][6260/7116]  lr: 1.0000e-02  eta: 4:38:21  time: 1.1856  data_time: 0.9655  memory: 2254  grad_norm: 2.1537  loss: 6.7137  top1_acc: 0.2500  top5_acc: 0.5000  loss_cls: 6.7137
11/16 20:53:42 - mmengine - INFO - Epoch(train) [1][6280/7116]  lr: 1.0000e-02  eta: 4:37:57  time: 1.0668  data_time: 0.8465  memory: 2254  grad_norm: 2.0830  loss: 6.5069  top1_acc: 0.0000  top5_acc: 0.0000  loss_cls: 6.5069
11/16 20:54:06 - mmengine - INFO - Epoch(train) [1][6300/7116]  lr: 1.0000e-02  eta: 4:37:39  time: 1.2005  data_time: 0.9804  memory: 2254  grad_norm: 2.2383  loss: 6.2961  top1_acc: 0.0000  top5_acc: 0.2500  loss_cls: 6.2961
11/16 20:54:26 - mmengine - INFO - Epoch(train) [1][6320/7116]  lr: 1.0000e-02  eta: 4:37:11  time: 0.9737  data_time: 0.7536  memory: 2254  grad_norm: 2.3897  loss: 6.5863  top1_acc: 0.2500  top5_acc: 0.2500  loss_cls: 6.5863
11/16 20:54:47 - mmengine - INFO - Epoch(train) [1][6340/7116]  lr: 1.0000e-02  eta: 4:36:46  time: 1.0591  data_time: 0.8390  memory: 2254  grad_norm: 2.1810  loss: 6.3345  top1_acc: 0.0000  top5_acc: 0.0000  loss_cls: 6.3345
11/16 20:55:07 - mmengine - INFO - Epoch(train) [1][6360/7116]  lr: 1.0000e-02  eta: 4:36:19  time: 1.0060  data_time: 0.7858  memory: 2254  grad_norm: 1.9882  loss: 6.7388  top1_acc: 0.0000  top5_acc: 0.0000  loss_cls: 6.7388
11/16 20:55:30 - mmengine - INFO - Epoch(train) [1][6380/7116]  lr: 1.0000e-02  eta: 4:36:00  time: 1.1540  data_time: 0.9339  memory: 2254  grad_norm: 2.0763  loss: 6.6172  top1_acc: 0.0000  top5_acc: 0.0000  loss_cls: 6.6172
11/16 20:55:54 - mmengine - INFO - Epoch(train) [1][6400/7116]  lr: 1.0000e-02  eta: 4:35:40  time: 1.1722  data_time: 0.9521  memory: 2254  grad_norm: 1.9897  loss: 6.9325  top1_acc: 0.0000  top5_acc: 0.0000  loss_cls: 6.9325
11/16 20:56:14 - mmengine - INFO - Epoch(train) [1][6420/7116]  lr: 1.0000e-02  eta: 4:35:15  time: 1.0243  data_time: 0.8042  memory: 2254  grad_norm: 2.0459  loss: 6.4815  top1_acc: 0.0000  top5_acc: 0.0000  loss_cls: 6.4815
11/16 20:56:34 - mmengine - INFO - Epoch(train) [1][6440/7116]  lr: 1.0000e-02  eta: 4:34:48  time: 1.0118  data_time: 0.7917  memory: 2254  grad_norm: 2.2434  loss: 6.3500  top1_acc: 0.0000  top5_acc: 0.0000  loss_cls: 6.3500
11/16 20:56:54 - mmengine - INFO - Epoch(train) [1][6460/7116]  lr: 1.0000e-02  eta: 4:34:21  time: 1.0047  data_time: 0.7845  memory: 2254  grad_norm: 2.1320  loss: 6.4715  top1_acc: 0.0000  top5_acc: 0.0000  loss_cls: 6.4715
11/16 20:57:18 - mmengine - INFO - Epoch(train) [1][6480/7116]  lr: 1.0000e-02  eta: 4:34:02  time: 1.1597  data_time: 0.9396  memory: 2254  grad_norm: 2.1438  loss: 6.8134  top1_acc: 0.0000  top5_acc: 0.0000  loss_cls: 6.8134
11/16 20:57:41 - mmengine - INFO - Epoch(train) [1][6500/7116]  lr: 1.0000e-02  eta: 4:33:43  time: 1.1836  data_time: 0.9634  memory: 2254  grad_norm: 2.0300  loss: 6.5658  top1_acc: 0.0000  top5_acc: 0.0000  loss_cls: 6.5658
11/16 20:58:04 - mmengine - INFO - Epoch(train) [1][6520/7116]  lr: 1.0000e-02  eta: 4:33:23  time: 1.1597  data_time: 0.9394  memory: 2254  grad_norm: 2.0926  loss: 6.5829  top1_acc: 0.0000  top5_acc: 0.2500  loss_cls: 6.5829
11/16 20:58:26 - mmengine - INFO - Epoch(train) [1][6540/7116]  lr: 1.0000e-02  eta: 4:32:59  time: 1.0615  data_time: 0.8414  memory: 2254  grad_norm: 2.2356  loss: 6.2224  top1_acc: 0.0000  top5_acc: 0.0000  loss_cls: 6.2224
11/16 20:58:45 - mmengine - INFO - Epoch(train) [1][6560/7116]  lr: 1.0000e-02  eta: 4:32:31  time: 0.9665  data_time: 0.7463  memory: 2254  grad_norm: 2.4064  loss: 6.2373  top1_acc: 0.0000  top5_acc: 0.2500  loss_cls: 6.2373
11/16 20:59:05 - mmengine - INFO - Epoch(train) [1][6580/7116]  lr: 1.0000e-02  eta: 4:32:03  time: 0.9839  data_time: 0.7637  memory: 2254  grad_norm: 2.3170  loss: 6.6130  top1_acc: 0.0000  top5_acc: 0.0000  loss_cls: 6.6130
11/16 20:59:28 - mmengine - INFO - Epoch(train) [1][6600/7116]  lr: 1.0000e-02  eta: 4:31:44  time: 1.1707  data_time: 0.9505  memory: 2254  grad_norm: 2.0067  loss: 6.4158  top1_acc: 0.0000  top5_acc: 0.0000  loss_cls: 6.4158
11/16 20:59:48 - mmengine - INFO - Epoch(train) [1][6620/7116]  lr: 1.0000e-02  eta: 4:31:17  time: 1.0043  data_time: 0.7841  memory: 2254  grad_norm: 2.2090  loss: 6.5116  top1_acc: 0.0000  top5_acc: 0.0000  loss_cls: 6.5116
11/16 21:00:10 - mmengine - INFO - Epoch(train) [1][6640/7116]  lr: 1.0000e-02  eta: 4:30:54  time: 1.0872  data_time: 0.8670  memory: 2254  grad_norm: 2.1083  loss: 6.8429  top1_acc: 0.2500  top5_acc: 0.2500  loss_cls: 6.8429
11/16 21:00:32 - mmengine - INFO - Epoch(train) [1][6660/7116]  lr: 1.0000e-02  eta: 4:30:33  time: 1.1132  data_time: 0.8930  memory: 2254  grad_norm: 1.9788  loss: 6.4065  top1_acc: 0.0000  top5_acc: 0.0000  loss_cls: 6.4065
11/16 21:00:55 - mmengine - INFO - Epoch(train) [1][6680/7116]  lr: 1.0000e-02  eta: 4:30:12  time: 1.1373  data_time: 0.9171  memory: 2254  grad_norm: 2.3855  loss: 6.5772  top1_acc: 0.0000  top5_acc: 0.0000  loss_cls: 6.5772
11/16 21:01:23 - mmengine - INFO - Epoch(train) [1][6700/7116]  lr: 1.0000e-02  eta: 4:30:03  time: 1.4089  data_time: 1.1887  memory: 2254  grad_norm: 1.8840  loss: 6.6897  top1_acc: 0.0000  top5_acc: 0.2500  loss_cls: 6.6897
11/16 21:01:43 - mmengine - INFO - Epoch(train) [1][6720/7116]  lr: 1.0000e-02  eta: 4:29:36  time: 0.9937  data_time: 0.7736  memory: 2254  grad_norm: 2.0993  loss: 6.3128  top1_acc: 0.0000  top5_acc: 0.2500  loss_cls: 6.3128
11/16 21:02:06 - mmengine - INFO - Epoch(train) [1][6740/7116]  lr: 1.0000e-02  eta: 4:29:17  time: 1.1727  data_time: 0.9525  memory: 2254  grad_norm: 2.2368  loss: 6.6552  top1_acc: 0.0000  top5_acc: 0.0000  loss_cls: 6.6552
11/16 21:02:26 - mmengine - INFO - Epoch(train) [1][6760/7116]  lr: 1.0000e-02  eta: 4:28:49  time: 0.9752  data_time: 0.7550  memory: 2254  grad_norm: 1.9618  loss: 6.7584  top1_acc: 0.0000  top5_acc: 0.0000  loss_cls: 6.7584
11/16 21:02:46 - mmengine - INFO - Epoch(train) [1][6780/7116]  lr: 1.0000e-02  eta: 4:28:23  time: 1.0159  data_time: 0.7957  memory: 2254  grad_norm: 2.1664  loss: 6.4095  top1_acc: 0.0000  top5_acc: 0.0000  loss_cls: 6.4095
11/16 21:03:09 - mmengine - INFO - Epoch(train) [1][6800/7116]  lr: 1.0000e-02  eta: 4:28:03  time: 1.1488  data_time: 0.9286  memory: 2254  grad_norm: 2.1159  loss: 6.4976  top1_acc: 0.0000  top5_acc: 0.0000  loss_cls: 6.4976
11/16 21:03:31 - mmengine - INFO - Epoch(train) [1][6820/7116]  lr: 1.0000e-02  eta: 4:27:41  time: 1.1142  data_time: 0.8939  memory: 2254  grad_norm: 2.3220  loss: 6.2000  top1_acc: 0.2500  top5_acc: 0.2500  loss_cls: 6.2000
11/16 21:03:56 - mmengine - INFO - Epoch(train) [1][6840/7116]  lr: 1.0000e-02  eta: 4:27:24  time: 1.2141  data_time: 0.9938  memory: 2254  grad_norm: 2.3238  loss: 6.4467  top1_acc: 0.0000  top5_acc: 0.0000  loss_cls: 6.4467
11/16 21:04:12 - mmengine - INFO - Epoch(train) [1][6860/7116]  lr: 1.0000e-02  eta: 4:26:49  time: 0.8142  data_time: 0.5940  memory: 2254  grad_norm: 2.3157  loss: 6.0798  top1_acc: 0.0000  top5_acc: 0.2500  loss_cls: 6.0798
11/16 21:04:34 - mmengine - INFO - Epoch(train) [1][6880/7116]  lr: 1.0000e-02  eta: 4:26:27  time: 1.1068  data_time: 0.8866  memory: 2254  grad_norm: 2.5595  loss: 6.2714  top1_acc: 0.0000  top5_acc: 0.0000  loss_cls: 6.2714
11/16 21:04:54 - mmengine - INFO - Epoch(train) [1][6900/7116]  lr: 1.0000e-02  eta: 4:26:00  time: 0.9913  data_time: 0.7711  memory: 2254  grad_norm: 2.1770  loss: 6.4112  top1_acc: 0.0000  top5_acc: 0.2500  loss_cls: 6.4112
11/16 21:05:15 - mmengine - INFO - Epoch(train) [1][6920/7116]  lr: 1.0000e-02  eta: 4:25:37  time: 1.0725  data_time: 0.8523  memory: 2254  grad_norm: 2.2791  loss: 6.4974  top1_acc: 0.0000  top5_acc: 0.0000  loss_cls: 6.4974
11/16 21:05:38 - mmengine - INFO - Epoch(train) [1][6940/7116]  lr: 1.0000e-02  eta: 4:25:16  time: 1.1317  data_time: 0.9114  memory: 2254  grad_norm: 2.1154  loss: 6.5323  top1_acc: 0.0000  top5_acc: 0.2500  loss_cls: 6.5323
11/16 21:06:00 - mmengine - INFO - Epoch(train) [1][6960/7116]  lr: 1.0000e-02  eta: 4:24:54  time: 1.1098  data_time: 0.8896  memory: 2254  grad_norm: 2.3514  loss: 6.2545  top1_acc: 0.0000  top5_acc: 0.0000  loss_cls: 6.2545
11/16 21:06:21 - mmengine - INFO - Epoch(train) [1][6980/7116]  lr: 1.0000e-02  eta: 4:24:29  time: 1.0227  data_time: 0.8026  memory: 2254  grad_norm: 2.3008  loss: 6.3383  top1_acc: 0.0000  top5_acc: 0.0000  loss_cls: 6.3383
11/16 21:06:41 - mmengine - INFO - Exp name: x3d_s_epic100_13x6x1_rgb_pairs_20251116_185748
11/16 21:06:41 - mmengine - INFO - Epoch(train) [1][7000/7116]  lr: 1.0000e-02  eta: 4:24:02  time: 0.9890  data_time: 0.7688  memory: 2254  grad_norm: 2.1917  loss: 6.5528  top1_acc: 0.0000  top5_acc: 0.0000  loss_cls: 6.5528
11/16 21:07:04 - mmengine - INFO - Epoch(train) [1][7020/7116]  lr: 1.0000e-02  eta: 4:23:43  time: 1.1934  data_time: 0.9732  memory: 2254  grad_norm: 1.9037  loss: 6.9446  top1_acc: 0.2500  top5_acc: 0.2500  loss_cls: 6.9446
11/16 21:07:27 - mmengine - INFO - Epoch(train) [1][7040/7116]  lr: 1.0000e-02  eta: 4:23:23  time: 1.1546  data_time: 0.9343  memory: 2254  grad_norm: 2.0019  loss: 6.4444  top1_acc: 0.0000  top5_acc: 0.0000  loss_cls: 6.4444
11/16 21:07:49 - mmengine - INFO - Epoch(train) [1][7060/7116]  lr: 1.0000e-02  eta: 4:23:00  time: 1.0782  data_time: 0.8581  memory: 2254  grad_norm: 2.0496  loss: 6.5796  top1_acc: 0.0000  top5_acc: 0.2500  loss_cls: 6.5796
11/16 21:08:12 - mmengine - INFO - Epoch(train) [1][7080/7116]  lr: 1.0000e-02  eta: 4:22:40  time: 1.1569  data_time: 0.9372  memory: 2254  grad_norm: 2.2170  loss: 6.3976  top1_acc: 0.0000  top5_acc: 0.2500  loss_cls: 6.3976
11/16 21:08:32 - mmengine - INFO - Epoch(train) [1][7100/7116]  lr: 1.0000e-02  eta: 4:22:13  time: 0.9906  data_time: 0.7704  memory: 2254  grad_norm: 2.1273  loss: 6.7323  top1_acc: 0.0000  top5_acc: 0.0000  loss_cls: 6.7323
11/16 21:08:50 - mmengine - INFO - Exp name: x3d_s_epic100_13x6x1_rgb_pairs_20251116_185748
11/16 21:08:50 - mmengine - INFO - Epoch(train) [1][7116/7116]  lr: 1.0000e-02  eta: 4:21:57  time: 1.0608  data_time: 0.8417  memory: 2254  grad_norm: 2.1220  loss: 6.5963  top1_acc: 0.0000  top5_acc: 0.0000  loss_cls: 6.5963
11/16 21:08:50 - mmengine - INFO - Saving checkpoint at 1 epochs
11/16 21:09:18 - mmengine - INFO - Epoch(val) [1][  20/7116]    eta: 2:43:40  time: 1.3840  data_time: 1.3239  memory: 352  
11/16 21:09:46 - mmengine - INFO - Epoch(val) [1][  40/7116]    eta: 2:41:46  time: 1.3595  data_time: 1.3062  memory: 352  
11/16 21:10:13 - mmengine - INFO - Epoch(val) [1][  60/7116]    eta: 2:40:41  time: 1.3560  data_time: 1.3027  memory: 352  
11/16 21:10:40 - mmengine - INFO - Epoch(val) [1][  80/7116]    eta: 2:40:07  time: 1.3626  data_time: 1.3093  memory: 352  
11/16 21:10:52 - mmengine - INFO - Epoch(val) [1][ 100/7116]    eta: 2:21:47  time: 0.6010  data_time: 0.5477  memory: 352  
11/16 21:11:02 - mmengine - INFO - Epoch(val) [1][ 120/7116]    eta: 2:07:13  time: 0.4839  data_time: 0.4307  memory: 352  
11/16 21:11:10 - mmengine - INFO - Epoch(val) [1][ 140/7116]    eta: 1:55:50  time: 0.4271  data_time: 0.3738  memory: 352  
11/16 21:11:34 - mmengine - INFO - Epoch(val) [1][ 160/7116]    eta: 1:58:04  time: 1.1735  data_time: 1.1202  memory: 352  
11/16 21:11:57 - mmengine - INFO - Epoch(val) [1][ 180/7116]    eta: 1:59:47  time: 1.1786  data_time: 1.1253  memory: 352  
11/16 21:12:21 - mmengine - INFO - Epoch(val) [1][ 200/7116]    eta: 2:01:03  time: 1.1758  data_time: 1.1225  memory: 352  
11/16 21:12:36 - mmengine - INFO - Epoch(val) [1][ 220/7116]    eta: 1:57:36  time: 0.7548  data_time: 0.7015  memory: 352  
11/16 21:12:48 - mmengine - INFO - Epoch(val) [1][ 240/7116]    eta: 1:53:25  time: 0.6196  data_time: 0.5664  memory: 352  
11/16 21:13:09 - mmengine - INFO - Epoch(val) [1][ 260/7116]    eta: 1:53:26  time: 1.0293  data_time: 0.9761  memory: 352  
