
Lmod is automatically replacing "cluster/wice/gpu_a100" with
"cluster/genius/superdome".

/data/leuven/380/vsc38053/miniconda3/envs/mmaction_clean/lib/python3.10/site-packages/torch/nn/modules/conv.py:605: UserWarning: Applied workaround for CuDNN issue, install nvrtc.so (Triggered internally at ../aten/src/ATen/native/cudnn/Conv_v8.cpp:80.)
  return F.conv3d(
[mov,mp4,m4a,3gp,3g2,mj2 @ 0x8f33a00] Referenced QT chapter track not found
[mov,mp4,m4a,3gp,3g2,mj2 @ 0x8f33a00] Referenced QT chapter track not found
[mov,mp4,m4a,3gp,3g2,mj2 @ 0x8f33a00] Referenced QT chapter track not found
[mov,mp4,m4a,3gp,3g2,mj2 @ 0x8f33a00] Referenced QT chapter track not found
[mov,mp4,m4a,3gp,3g2,mj2 @ 0x8f33a00] Referenced QT chapter track not found
[mov,mp4,m4a,3gp,3g2,mj2 @ 0x8f33a00] Referenced QT chapter track not found
[mov,mp4,m4a,3gp,3g2,mj2 @ 0x8f33a00] Referenced QT chapter track not found
[mov,mp4,m4a,3gp,3g2,mj2 @ 0x8f33a00] Referenced QT chapter track not found
[mov,mp4,m4a,3gp,3g2,mj2 @ 0x8f33a00] Referenced QT chapter track not found
[mov,mp4,m4a,3gp,3g2,mj2 @ 0x8f33a00] Referenced QT chapter track not found
[mov,mp4,m4a,3gp,3g2,mj2 @ 0x9290380] Referenced QT chapter track not found
[mov,mp4,m4a,3gp,3g2,mj2 @ 0x8f33a00] Referenced QT chapter track not found
[mov,mp4,m4a,3gp,3g2,mj2 @ 0x8f33a00] Referenced QT chapter track not found
[mov,mp4,m4a,3gp,3g2,mj2 @ 0x8f33a00] Referenced QT chapter track not found
[mov,mp4,m4a,3gp,3g2,mj2 @ 0x8f33a00] Referenced QT chapter track not found
[mov,mp4,m4a,3gp,3g2,mj2 @ 0x8f33a00] Referenced QT chapter track not found
[mov,mp4,m4a,3gp,3g2,mj2 @ 0x8f33a00] Referenced QT chapter track not found
[mov,mp4,m4a,3gp,3g2,mj2 @ 0x8f33a00] Referenced QT chapter track not found
[mov,mp4,m4a,3gp,3g2,mj2 @ 0x8f33a00] Referenced QT chapter track not found
[mov,mp4,m4a,3gp,3g2,mj2 @ 0x8f33a00] Referenced QT chapter track not found
[mov,mp4,m4a,3gp,3g2,mj2 @ 0x8f33a00] Referenced QT chapter track not found
[mov,mp4,m4a,3gp,3g2,mj2 @ 0xda11180] Referenced QT chapter track not found
[mov,mp4,m4a,3gp,3g2,mj2 @ 0x8f33a00] Referenced QT chapter track not found
[mov,mp4,m4a,3gp,3g2,mj2 @ 0x8f33a00] Referenced QT chapter track not found
[mov,mp4,m4a,3gp,3g2,mj2 @ 0x8f33a00] Referenced QT chapter track not found
[mov,mp4,m4a,3gp,3g2,mj2 @ 0x8f33a00] Referenced QT chapter track not found
[mov,mp4,m4a,3gp,3g2,mj2 @ 0x8f33a00] Referenced QT chapter track not found
[mov,mp4,m4a,3gp,3g2,mj2 @ 0x8f33a00] Referenced QT chapter track not found
[mov,mp4,m4a,3gp,3g2,mj2 @ 0x8f33a00] Referenced QT chapter track not found
[mov,mp4,m4a,3gp,3g2,mj2 @ 0x8f33a00] Referenced QT chapter track not found
[mov,mp4,m4a,3gp,3g2,mj2 @ 0x8f33a00] Referenced QT chapter track not found
[mov,mp4,m4a,3gp,3g2,mj2 @ 0x8f33a00] Referenced QT chapter track not found
[mov,mp4,m4a,3gp,3g2,mj2 @ 0x8f33a00] Referenced QT chapter track not found
[mov,mp4,m4a,3gp,3g2,mj2 @ 0x8f33a00] Referenced QT chapter track not found
[mov,mp4,m4a,3gp,3g2,mj2 @ 0x8f33a00] Referenced QT chapter track not found
[mov,mp4,m4a,3gp,3g2,mj2 @ 0x8f33a00] Referenced QT chapter track not found
[mov,mp4,m4a,3gp,3g2,mj2 @ 0x8f33a00] Referenced QT chapter track not found
[mov,mp4,m4a,3gp,3g2,mj2 @ 0x8f33a00] Referenced QT chapter track not found
[mov,mp4,m4a,3gp,3g2,mj2 @ 0x8f33a00] Referenced QT chapter track not found
[mov,mp4,m4a,3gp,3g2,mj2 @ 0x8f33a00] Referenced QT chapter track not found
[mov,mp4,m4a,3gp,3g2,mj2 @ 0x8f33a00] Referenced QT chapter track not found
[mov,mp4,m4a,3gp,3g2,mj2 @ 0x8f33a00] Referenced QT chapter track not found
[mov,mp4,m4a,3gp,3g2,mj2 @ 0x8f33a00] Referenced QT chapter track not found
[mov,mp4,m4a,3gp,3g2,mj2 @ 0x8f33a00] Referenced QT chapter track not found
[mov,mp4,m4a,3gp,3g2,mj2 @ 0x8f33a00] Referenced QT chapter track not found
[mov,mp4,m4a,3gp,3g2,mj2 @ 0x8f33a00] Referenced QT chapter track not found
[mov,mp4,m4a,3gp,3g2,mj2 @ 0x8f33a00] Referenced QT chapter track not found
[mov,mp4,m4a,3gp,3g2,mj2 @ 0x8f33a00] Referenced QT chapter track not found
[mov,mp4,m4a,3gp,3g2,mj2 @ 0x8f33a00] Referenced QT chapter track not found
[mov,mp4,m4a,3gp,3g2,mj2 @ 0x8f33a00] Referenced QT chapter track not found
[mov,mp4,m4a,3gp,3g2,mj2 @ 0x8f33a00] Referenced QT chapter track not found
[mov,mp4,m4a,3gp,3g2,mj2 @ 0x8f33a00] Referenced QT chapter track not found
[mov,mp4,m4a,3gp,3g2,mj2 @ 0x8f33a00] Referenced QT chapter track not found
[mov,mp4,m4a,3gp,3g2,mj2 @ 0x8f33a00] Referenced QT chapter track not found
[mov,mp4,m4a,3gp,3g2,mj2 @ 0x8f33a00] Referenced QT chapter track not found
[mov,mp4,m4a,3gp,3g2,mj2 @ 0x8f33a00] Referenced QT chapter track not found
[mov,mp4,m4a,3gp,3g2,mj2 @ 0x8f33a00] Referenced QT chapter track not found
[mov,mp4,m4a,3gp,3g2,mj2 @ 0x8f33a00] Referenced QT chapter track not found
[mov,mp4,m4a,3gp,3g2,mj2 @ 0x8f33a00] Referenced QT chapter track not found
[mov,mp4,m4a,3gp,3g2,mj2 @ 0x8f33a00] Referenced QT chapter track not found
[mov,mp4,m4a,3gp,3g2,mj2 @ 0x928f240] Referenced QT chapter track not found
[mov,mp4,m4a,3gp,3g2,mj2 @ 0x8f33a00] Referenced QT chapter track not found
[mov,mp4,m4a,3gp,3g2,mj2 @ 0x8f33a00] Referenced QT chapter track not found
[mov,mp4,m4a,3gp,3g2,mj2 @ 0x8f33a00] Referenced QT chapter track not found
[mov,mp4,m4a,3gp,3g2,mj2 @ 0x8f33a00] Referenced QT chapter track not found
[mov,mp4,m4a,3gp,3g2,mj2 @ 0x8f33a00] Referenced QT chapter track not found
[mov,mp4,m4a,3gp,3g2,mj2 @ 0x8f33a00] Referenced QT chapter track not found
[mov,mp4,m4a,3gp,3g2,mj2 @ 0xae6eb80] Referenced QT chapter track not found
[mov,mp4,m4a,3gp,3g2,mj2 @ 0x8f33a00] Referenced QT chapter track not found
[mov,mp4,m4a,3gp,3g2,mj2 @ 0x8f33a00] Referenced QT chapter track not found
[mov,mp4,m4a,3gp,3g2,mj2 @ 0x8f33a00] Referenced QT chapter track not found
[mov,mp4,m4a,3gp,3g2,mj2 @ 0x8f33a00] Referenced QT chapter track not found
[mov,mp4,m4a,3gp,3g2,mj2 @ 0x8f33a00] Referenced QT chapter track not found
[mov,mp4,m4a,3gp,3g2,mj2 @ 0x8f33a00] Referenced QT chapter track not found
[mov,mp4,m4a,3gp,3g2,mj2 @ 0x8f33a00] Referenced QT chapter track not found
slurmstepd: error: *** JOB 65554662 ON k28g32 CANCELLED AT 2025-12-09T08:06:12 DUE TO TIME LIMIT ***
