SLURM_JOB_ID: 65450770
SLURM_JOB_USER: vsc38053
SLURM_JOB_ACCOUNT: lp_edu_rdlab
SLURM_JOB_NAME: x3d_epic_wice
SLURM_CLUSTER_NAME: wice
SLURM_JOB_PARTITION: interactive
SLURM_NNODES: 1
SLURM_NODELIST: k28i14
SLURM_JOB_CPUS_PER_NODE: 4
SLURM_JOB_GPUS: 1
Date: Sun Nov 16 16:39:22 CET 2025
Walltime: 00-12:00:00
========================================================================
11/16 16:39:34 - mmengine - INFO - 
------------------------------------------------------------
System environment:
    sys.platform: linux
    Python: 3.10.19 (main, Oct 21 2025, 16:43:05) [GCC 11.2.0]
    CUDA available: True
    MUSA available: False
    numpy_random_seed: 1126081257
    GPU 0: NVIDIA A100 80GB PCIe MIG 1g.10gb
    CUDA_HOME: None
    GCC: gcc (GCC) 8.5.0 20210514 (Red Hat 8.5.0-28)
    PyTorch: 2.9.1+cu128
    PyTorch compiling details: PyTorch built with:
  - GCC 13.3
  - C++ Version: 201703
  - Intel(R) oneAPI Math Kernel Library Version 2024.2-Product Build 20240605 for Intel(R) 64 architecture applications
  - Intel(R) MKL-DNN v3.7.1 (Git Hash 8d263e693366ef8db40acc569cc7d8edf644556d)
  - OpenMP 201511 (a.k.a. OpenMP 4.5)
  - LAPACK is enabled (usually provided by MKL)
  - NNPACK is enabled
  - CPU capability usage: AVX512
  - CUDA Runtime 12.8
  - NVCC architecture flags: -gencode;arch=compute_70,code=sm_70;-gencode;arch=compute_75,code=sm_75;-gencode;arch=compute_80,code=sm_80;-gencode;arch=compute_86,code=sm_86;-gencode;arch=compute_90,code=sm_90;-gencode;arch=compute_100,code=sm_100;-gencode;arch=compute_120,code=sm_120
  - CuDNN 91.0.2  (built against CUDA 12.9)
    - Built with CuDNN 90.8
  - Magma 2.6.1
  - Build settings: BLAS_INFO=mkl, BUILD_TYPE=Release, COMMIT_SHA=5811a8d7da873dd699ff6687092c225caffcf1bb, CUDA_VERSION=12.8, CUDNN_VERSION=9.8.0, CXX_COMPILER=/opt/rh/gcc-toolset-13/root/usr/bin/c++, CXX_FLAGS= -fvisibility-inlines-hidden -DUSE_PTHREADPOOL -DNDEBUG -DUSE_KINETO -DLIBKINETO_NOROCTRACER -DLIBKINETO_NOXPUPTI=ON -DUSE_FBGEMM -DUSE_PYTORCH_QNNPACK -DUSE_XNNPACK -DSYMBOLICATE_MOBILE_DEBUG_HANDLE -O2 -fPIC -DC10_NODEPRECATED -Wall -Wextra -Werror=return-type -Werror=non-virtual-dtor -Werror=range-loop-construct -Werror=bool-operation -Wnarrowing -Wno-missing-field-initializers -Wno-unknown-pragmas -Wno-unused-parameter -Wno-strict-overflow -Wno-strict-aliasing -Wno-stringop-overflow -Wsuggest-override -Wno-psabi -Wno-error=old-style-cast -faligned-new -Wno-maybe-uninitialized -fno-math-errno -fno-trapping-math -Werror=format -Wno-dangling-reference -Wno-error=dangling-reference -Wno-stringop-overflow, LAPACK_INFO=mkl, PERF_WITH_AVX=1, PERF_WITH_AVX2=1, TORCH_VERSION=2.9.1, USE_CUDA=ON, USE_CUDNN=ON, USE_CUSPARSELT=1, USE_GFLAGS=OFF, USE_GLOG=OFF, USE_GLOO=ON, USE_MKL=ON, USE_MKLDNN=ON, USE_MPI=OFF, USE_NCCL=1, USE_NNPACK=ON, USE_OPENMP=ON, USE_ROCM=OFF, USE_ROCM_KERNEL_ASSERT=OFF, USE_XCCL=OFF, USE_XPU=OFF, 

    TorchVision: 0.24.1+cu128
    OpenCV: 4.12.0
    MMEngine: 0.10.7

Runtime environment:
    cudnn_benchmark: False
    mp_cfg: {'mp_start_method': 'fork', 'opencv_num_threads': 0}
    dist_cfg: {'backend': 'nccl'}
    seed: 1126081257
    diff_rank_seed: False
    deterministic: False
    Distributed launcher: none
    Distributed training: False
    GPU number: 1
------------------------------------------------------------

11/16 16:39:34 - mmengine - INFO - Config:
ann_file_test = '/data/leuven/380/vsc38053/RD_Project/epic-kitchens-data/epic100_val_action_list.txt'
ann_file_train = '/data/leuven/380/vsc38053/RD_Project/epic-kitchens-data/epic100_train_action_list.txt'
ann_file_val = '/data/leuven/380/vsc38053/RD_Project/epic-kitchens-data/epic100_val_action_list.txt'
data_root = '/data/leuven/380/vsc38053/RD_Project/epic-kitchens-data/videos_640x360'
data_root_val = '/data/leuven/380/vsc38053/RD_Project/epic-kitchens-data/videos_640x360'
dataset_type = 'VideoDataset'
default_hooks = dict(
    checkpoint=dict(interval=1, save_best='auto', type='CheckpointHook'),
    logger=dict(ignore_last=False, interval=20, type='LoggerHook'),
    param_scheduler=dict(type='ParamSchedulerHook'),
    runtime_info=dict(type='RuntimeInfoHook'),
    sampler_seed=dict(type='DistSamplerSeedHook'),
    sync_buffers=dict(type='SyncBuffersHook'),
    timer=dict(type='IterTimerHook'))
default_scope = 'mmaction'
env_cfg = dict(
    cudnn_benchmark=False,
    dist_cfg=dict(backend='nccl'),
    mp_cfg=dict(mp_start_method='fork', opencv_num_threads=0))
launcher = 'none'
load_from = None
log_level = 'INFO'
log_processor = dict(by_epoch=True, type='LogProcessor', window_size=20)
model = dict(
    backbone=dict(gamma_b=2.25, gamma_d=2.2, gamma_w=1.0, type='X3D'),
    cls_head=dict(
        average_clips='prob',
        dropout_ratio=0.5,
        fc1_bias=False,
        in_channels=432,
        num_classes=2349,
        spatial_type='avg',
        type='X3DHead'),
    data_preprocessor=dict(
        format_shape='NCTHW',
        mean=[
            114.75,
            114.75,
            114.75,
        ],
        std=[
            57.38,
            57.38,
            57.38,
        ],
        type='ActionDataPreprocessor'),
    test_cfg=None,
    train_cfg=None,
    type='Recognizer3D')
optim_wrapper = dict(
    clip_grad=dict(max_norm=40, norm_type=2),
    optimizer=dict(lr=0.01, momentum=0.9, type='SGD', weight_decay=0.0001))
param_scheduler = [
    dict(T_max=30, by_epoch=True, eta_min=0.0, type='CosineAnnealingLR'),
]
randomness = dict(deterministic=False, diff_rank_seed=False, seed=None)
resume = False
test_cfg = dict(type='TestLoop')
test_dataloader = dict(
    batch_size=1,
    dataset=dict(
        ann_file=
        '/data/leuven/380/vsc38053/RD_Project/epic-kitchens-data/epic100_val_action_list.txt',
        data_prefix=dict(
            video=
            '/data/leuven/380/vsc38053/RD_Project/epic-kitchens-data/videos_640x360'
        ),
        pipeline=[
            dict(type='DecordInit'),
            dict(
                clip_len=13,
                frame_interval=6,
                num_clips=10,
                test_mode=True,
                type='SampleFrames'),
            dict(type='DecordDecode'),
            dict(scale=(
                -1,
                182,
            ), type='Resize'),
            dict(crop_size=182, type='ThreeCrop'),
            dict(input_format='NCTHW', type='FormatShape'),
            dict(type='PackActionInputs'),
        ],
        test_mode=True,
        type='VideoDataset'),
    num_workers=2,
    persistent_workers=False,
    sampler=dict(shuffle=False, type='DefaultSampler'))
test_evaluator = dict(type='AccMetric')
test_pipeline = [
    dict(type='DecordInit'),
    dict(
        clip_len=13,
        frame_interval=6,
        num_clips=10,
        test_mode=True,
        type='SampleFrames'),
    dict(type='DecordDecode'),
    dict(scale=(
        -1,
        182,
    ), type='Resize'),
    dict(crop_size=182, type='ThreeCrop'),
    dict(input_format='NCTHW', type='FormatShape'),
    dict(type='PackActionInputs'),
]
train_cfg = dict(
    max_epochs=3, type='EpochBasedTrainLoop', val_begin=1, val_interval=1)
train_dataloader = dict(
    batch_size=4,
    dataset=dict(
        ann_file=
        '/data/leuven/380/vsc38053/RD_Project/epic-kitchens-data/epic100_train_action_list.txt',
        data_prefix=dict(
            video=
            '/data/leuven/380/vsc38053/RD_Project/epic-kitchens-data/videos_640x360'
        ),
        pipeline=[
            dict(type='DecordInit'),
            dict(
                clip_len=13,
                frame_interval=6,
                num_clips=1,
                type='SampleFrames'),
            dict(type='DecordDecode'),
            dict(scale=(
                -1,
                182,
            ), type='Resize'),
            dict(
                area_range=(
                    0.8,
                    1.0,
                ),
                aspect_ratio_range=(
                    0.75,
                    1.3333333333333333,
                ),
                type='RandomResizedCrop'),
            dict(keep_ratio=False, scale=(
                182,
                182,
            ), type='Resize'),
            dict(flip_ratio=0.5, type='Flip'),
            dict(input_format='NCTHW', type='FormatShape'),
            dict(type='PackActionInputs'),
        ],
        type='VideoDataset'),
    num_workers=2,
    persistent_workers=False,
    sampler=dict(shuffle=True, type='DefaultSampler'))
train_pipeline = [
    dict(type='DecordInit'),
    dict(clip_len=13, frame_interval=6, num_clips=1, type='SampleFrames'),
    dict(type='DecordDecode'),
    dict(scale=(
        -1,
        182,
    ), type='Resize'),
    dict(
        area_range=(
            0.8,
            1.0,
        ),
        aspect_ratio_range=(
            0.75,
            1.3333333333333333,
        ),
        type='RandomResizedCrop'),
    dict(keep_ratio=False, scale=(
        182,
        182,
    ), type='Resize'),
    dict(flip_ratio=0.5, type='Flip'),
    dict(input_format='NCTHW', type='FormatShape'),
    dict(type='PackActionInputs'),
]
val_cfg = dict(type='ValLoop')
val_dataloader = dict(
    batch_size=4,
    dataset=dict(
        ann_file=
        '/data/leuven/380/vsc38053/RD_Project/epic-kitchens-data/epic100_val_action_list.txt',
        data_prefix=dict(
            video=
            '/data/leuven/380/vsc38053/RD_Project/epic-kitchens-data/videos_640x360'
        ),
        pipeline=[
            dict(type='DecordInit'),
            dict(
                clip_len=13,
                frame_interval=6,
                num_clips=1,
                test_mode=True,
                type='SampleFrames'),
            dict(type='DecordDecode'),
            dict(scale=(
                -1,
                182,
            ), type='Resize'),
            dict(crop_size=182, type='CenterCrop'),
            dict(input_format='NCTHW', type='FormatShape'),
            dict(type='PackActionInputs'),
        ],
        test_mode=True,
        type='VideoDataset'),
    num_workers=2,
    persistent_workers=False,
    sampler=dict(shuffle=False, type='DefaultSampler'))
val_evaluator = dict(type='AccMetric')
val_pipeline = [
    dict(type='DecordInit'),
    dict(
        clip_len=13,
        frame_interval=6,
        num_clips=1,
        test_mode=True,
        type='SampleFrames'),
    dict(type='DecordDecode'),
    dict(scale=(
        -1,
        182,
    ), type='Resize'),
    dict(crop_size=182, type='CenterCrop'),
    dict(input_format='NCTHW', type='FormatShape'),
    dict(type='PackActionInputs'),
]
vis_backends = [
    dict(type='LocalVisBackend'),
]
visualizer = dict(
    type='ActionVisualizer', vis_backends=[
        dict(type='LocalVisBackend'),
    ])
work_dir = './work_dirs/x3d_s_epic100_13x6x1_rgb'

11/16 16:39:35 - mmengine - INFO - Distributed training is not used, all SyncBatchNorm (SyncBN) layers in the model will be automatically reverted to BatchNormXd layers if they are used.
11/16 16:39:35 - mmengine - INFO - Hooks will be executed in the following order:
before_run:
(VERY_HIGH   ) RuntimeInfoHook                    
(BELOW_NORMAL) LoggerHook                         
 -------------------- 
before_train:
(VERY_HIGH   ) RuntimeInfoHook                    
(NORMAL      ) IterTimerHook                      
(VERY_LOW    ) CheckpointHook                     
 -------------------- 
before_train_epoch:
(VERY_HIGH   ) RuntimeInfoHook                    
(NORMAL      ) IterTimerHook                      
(NORMAL      ) DistSamplerSeedHook                
 -------------------- 
before_train_iter:
(VERY_HIGH   ) RuntimeInfoHook                    
(NORMAL      ) IterTimerHook                      
 -------------------- 
after_train_iter:
(VERY_HIGH   ) RuntimeInfoHook                    
(NORMAL      ) IterTimerHook                      
(BELOW_NORMAL) LoggerHook                         
(LOW         ) ParamSchedulerHook                 
(VERY_LOW    ) CheckpointHook                     
 -------------------- 
after_train_epoch:
(NORMAL      ) IterTimerHook                      
(NORMAL      ) SyncBuffersHook                    
(LOW         ) ParamSchedulerHook                 
(VERY_LOW    ) CheckpointHook                     
 -------------------- 
before_val:
(VERY_HIGH   ) RuntimeInfoHook                    
 -------------------- 
before_val_epoch:
(NORMAL      ) IterTimerHook                      
(NORMAL      ) SyncBuffersHook                    
 -------------------- 
before_val_iter:
(NORMAL      ) IterTimerHook                      
 -------------------- 
after_val_iter:
(NORMAL      ) IterTimerHook                      
(BELOW_NORMAL) LoggerHook                         
 -------------------- 
after_val_epoch:
(VERY_HIGH   ) RuntimeInfoHook                    
(NORMAL      ) IterTimerHook                      
(BELOW_NORMAL) LoggerHook                         
(LOW         ) ParamSchedulerHook                 
(VERY_LOW    ) CheckpointHook                     
 -------------------- 
after_val:
(VERY_HIGH   ) RuntimeInfoHook                    
 -------------------- 
after_train:
(VERY_HIGH   ) RuntimeInfoHook                    
(VERY_LOW    ) CheckpointHook                     
 -------------------- 
before_test:
(VERY_HIGH   ) RuntimeInfoHook                    
 -------------------- 
before_test_epoch:
(NORMAL      ) IterTimerHook                      
 -------------------- 
before_test_iter:
(NORMAL      ) IterTimerHook                      
 -------------------- 
after_test_iter:
(NORMAL      ) IterTimerHook                      
(BELOW_NORMAL) LoggerHook                         
 -------------------- 
after_test_epoch:
(VERY_HIGH   ) RuntimeInfoHook                    
(NORMAL      ) IterTimerHook                      
(BELOW_NORMAL) LoggerHook                         
 -------------------- 
after_test:
(VERY_HIGH   ) RuntimeInfoHook                    
 -------------------- 
after_run:
(BELOW_NORMAL) LoggerHook                         
 -------------------- 
11/16 16:39:36 - mmengine - WARNING - "FileClient" will be deprecated in future. Please use io functions in https://mmengine.readthedocs.io/en/latest/api/fileio.html#file-io
11/16 16:39:36 - mmengine - WARNING - "HardDiskBackend" is the alias of "LocalBackend" and the former will be deprecated in future.
11/16 16:39:36 - mmengine - INFO - Checkpoints will be saved to /vsc-hard-mounts/leuven-data/380/vsc38053/RD_Project/mmaction2/work_dirs/x3d_s_epic100_13x6x1_rgb.
11/16 16:40:20 - mmengine - INFO - Epoch(train) [1][  20/7116]  lr: 1.0000e-02  eta: 13:04:21  time: 2.2066  data_time: 1.8650  memory: 2146  grad_norm: 2.7113  loss: 7.7326  top1_acc: 0.0000  top5_acc: 0.0000  loss_cls: 7.7326
11/16 16:40:59 - mmengine - INFO - Epoch(train) [1][  40/7116]  lr: 1.0000e-02  eta: 12:19:28  time: 1.9579  data_time: 1.7365  memory: 2146  grad_norm: 4.4329  loss: 7.5501  top1_acc: 0.0000  top5_acc: 0.0000  loss_cls: 7.5501
11/16 16:41:28 - mmengine - INFO - Epoch(train) [1][  60/7116]  lr: 1.0000e-02  eta: 11:04:54  time: 1.4576  data_time: 1.2363  memory: 2146  grad_norm: 7.3161  loss: 7.1195  top1_acc: 0.0000  top5_acc: 0.0000  loss_cls: 7.1195
11/16 16:41:56 - mmengine - INFO - Epoch(train) [1][  80/7116]  lr: 1.0000e-02  eta: 10:20:22  time: 1.3785  data_time: 1.1571  memory: 2146  grad_norm: 7.0449  loss: 7.1509  top1_acc: 0.0000  top5_acc: 0.0000  loss_cls: 7.1509
11/16 16:42:22 - mmengine - INFO - Epoch(train) [1][ 100/7116]  lr: 1.0000e-02  eta: 9:49:10  time: 1.3180  data_time: 1.0967  memory: 2146  grad_norm: 5.5154  loss: 7.2179  top1_acc: 0.0000  top5_acc: 0.0000  loss_cls: 7.2179
11/16 16:42:49 - mmengine - INFO - Epoch(train) [1][ 120/7116]  lr: 1.0000e-02  eta: 9:29:15  time: 1.3354  data_time: 1.1139  memory: 2146  grad_norm: 6.1138  loss: 7.0324  top1_acc: 0.0000  top5_acc: 0.0000  loss_cls: 7.0324
11/16 16:43:15 - mmengine - INFO - Epoch(train) [1][ 140/7116]  lr: 1.0000e-02  eta: 9:13:42  time: 1.3117  data_time: 1.0902  memory: 2146  grad_norm: 5.6983  loss: 6.9952  top1_acc: 0.0000  top5_acc: 0.0000  loss_cls: 6.9952
11/16 16:43:44 - mmengine - INFO - Epoch(train) [1][ 160/7116]  lr: 1.0000e-02  eta: 9:07:52  time: 1.4459  data_time: 1.2243  memory: 2146  grad_norm: 6.3415  loss: 6.7221  top1_acc: 0.0000  top5_acc: 0.2500  loss_cls: 6.7221
11/16 16:44:12 - mmengine - INFO - Epoch(train) [1][ 180/7116]  lr: 1.0000e-02  eta: 9:00:16  time: 1.3709  data_time: 1.1495  memory: 2146  grad_norm: 6.1319  loss: 6.7873  top1_acc: 0.0000  top5_acc: 0.2500  loss_cls: 6.7873
11/16 16:44:39 - mmengine - INFO - Epoch(train) [1][ 200/7116]  lr: 1.0000e-02  eta: 8:54:13  time: 1.3741  data_time: 1.1522  memory: 2146  grad_norm: 6.2169  loss: 6.8068  top1_acc: 0.0000  top5_acc: 0.0000  loss_cls: 6.8068
11/16 16:45:06 - mmengine - INFO - Epoch(train) [1][ 220/7116]  lr: 1.0000e-02  eta: 8:47:54  time: 1.3346  data_time: 1.1131  memory: 2146  grad_norm: 5.9233  loss: 6.9502  top1_acc: 0.0000  top5_acc: 0.0000  loss_cls: 6.9502
11/16 16:45:33 - mmengine - INFO - Epoch(train) [1][ 240/7116]  lr: 1.0000e-02  eta: 8:43:04  time: 1.3509  data_time: 1.1290  memory: 2146  grad_norm: 5.6099  loss: 6.8992  top1_acc: 0.0000  top5_acc: 0.0000  loss_cls: 6.8992
11/16 16:46:06 - mmengine - INFO - Epoch(train) [1][ 260/7116]  lr: 1.0000e-02  eta: 8:47:31  time: 1.6698  data_time: 1.4484  memory: 2146  grad_norm: 5.4517  loss: 6.9973  top1_acc: 0.0000  top5_acc: 0.0000  loss_cls: 6.9973
11/16 16:46:34 - mmengine - INFO - Epoch(train) [1][ 280/7116]  lr: 1.0000e-02  eta: 8:43:53  time: 1.3764  data_time: 1.1550  memory: 2146  grad_norm: 5.8638  loss: 6.7238  top1_acc: 0.0000  top5_acc: 0.0000  loss_cls: 6.7238
11/16 16:46:59 - mmengine - INFO - Epoch(train) [1][ 300/7116]  lr: 1.0000e-02  eta: 8:38:04  time: 1.2642  data_time: 1.0427  memory: 2146  grad_norm: 5.5480  loss: 6.9392  top1_acc: 0.0000  top5_acc: 0.5000  loss_cls: 6.9392
11/16 16:47:26 - mmengine - INFO - Epoch(train) [1][ 320/7116]  lr: 1.0000e-02  eta: 8:34:37  time: 1.3418  data_time: 1.1202  memory: 2146  grad_norm: 5.7278  loss: 6.7559  top1_acc: 0.0000  top5_acc: 0.0000  loss_cls: 6.7559
11/16 16:47:53 - mmengine - INFO - Epoch(train) [1][ 340/7116]  lr: 1.0000e-02  eta: 8:32:06  time: 1.3699  data_time: 1.1483  memory: 2146  grad_norm: 5.0052  loss: 7.1041  top1_acc: 0.0000  top5_acc: 0.0000  loss_cls: 7.1041
11/16 16:48:20 - mmengine - INFO - Epoch(train) [1][ 360/7116]  lr: 1.0000e-02  eta: 8:29:14  time: 1.3407  data_time: 1.1192  memory: 2146  grad_norm: 5.2920  loss: 6.7041  top1_acc: 0.0000  top5_acc: 0.2500  loss_cls: 6.7041
11/16 16:48:45 - mmengine - INFO - Epoch(train) [1][ 380/7116]  lr: 1.0000e-02  eta: 8:24:26  time: 1.2208  data_time: 0.9994  memory: 2146  grad_norm: 5.5565  loss: 6.9084  top1_acc: 0.0000  top5_acc: 0.2500  loss_cls: 6.9084
11/16 16:49:10 - mmengine - INFO - Epoch(train) [1][ 400/7116]  lr: 1.0000e-02  eta: 8:20:59  time: 1.2733  data_time: 1.0518  memory: 2146  grad_norm: 5.5981  loss: 6.7829  top1_acc: 0.0000  top5_acc: 0.0000  loss_cls: 6.7829
11/16 16:49:34 - mmengine - INFO - Epoch(train) [1][ 420/7116]  lr: 1.0000e-02  eta: 8:16:30  time: 1.1943  data_time: 0.9729  memory: 2146  grad_norm: 4.8425  loss: 6.9994  top1_acc: 0.0000  top5_acc: 0.0000  loss_cls: 6.9994
11/16 16:50:06 - mmengine - INFO - Epoch(train) [1][ 440/7116]  lr: 1.0000e-02  eta: 8:18:37  time: 1.5872  data_time: 1.3658  memory: 2146  grad_norm: 5.5419  loss: 6.9548  top1_acc: 0.0000  top5_acc: 0.0000  loss_cls: 6.9548
11/16 16:50:33 - mmengine - INFO - Epoch(train) [1][ 460/7116]  lr: 1.0000e-02  eta: 8:16:49  time: 1.3433  data_time: 1.1219  memory: 2146  grad_norm: 4.5118  loss: 6.9266  top1_acc: 0.0000  top5_acc: 0.0000  loss_cls: 6.9266
11/16 16:51:04 - mmengine - INFO - Epoch(train) [1][ 480/7116]  lr: 1.0000e-02  eta: 8:18:27  time: 1.5725  data_time: 1.3513  memory: 2146  grad_norm: 5.0803  loss: 6.7979  top1_acc: 0.0000  top5_acc: 0.0000  loss_cls: 6.7979
11/16 16:51:32 - mmengine - INFO - Epoch(train) [1][ 500/7116]  lr: 1.0000e-02  eta: 8:17:30  time: 1.3991  data_time: 1.1779  memory: 2146  grad_norm: 4.6453  loss: 7.1064  top1_acc: 0.2500  top5_acc: 0.2500  loss_cls: 7.1064
11/16 16:52:01 - mmengine - INFO - Epoch(train) [1][ 520/7116]  lr: 1.0000e-02  eta: 8:17:37  time: 1.4764  data_time: 1.2549  memory: 2146  grad_norm: 4.8749  loss: 6.7270  top1_acc: 0.0000  top5_acc: 0.2500  loss_cls: 6.7270
11/16 16:52:31 - mmengine - INFO - Epoch(train) [1][ 540/7116]  lr: 1.0000e-02  eta: 8:17:22  time: 1.4521  data_time: 1.2306  memory: 2146  grad_norm: 4.8989  loss: 6.5676  top1_acc: 0.0000  top5_acc: 0.0000  loss_cls: 6.5676
11/16 16:53:01 - mmengine - INFO - Epoch(train) [1][ 560/7116]  lr: 1.0000e-02  eta: 8:17:48  time: 1.5072  data_time: 1.2858  memory: 2146  grad_norm: 4.8560  loss: 6.8515  top1_acc: 0.0000  top5_acc: 0.0000  loss_cls: 6.8515
11/16 16:53:32 - mmengine - INFO - Epoch(train) [1][ 580/7116]  lr: 1.0000e-02  eta: 8:18:37  time: 1.5450  data_time: 1.3237  memory: 2146  grad_norm: 4.7831  loss: 6.6431  top1_acc: 0.0000  top5_acc: 0.0000  loss_cls: 6.6431
11/16 16:54:00 - mmengine - INFO - Epoch(train) [1][ 600/7116]  lr: 1.0000e-02  eta: 8:18:06  time: 1.4384  data_time: 1.2172  memory: 2146  grad_norm: 4.8736  loss: 6.9098  top1_acc: 0.0000  top5_acc: 0.0000  loss_cls: 6.9098
11/16 16:54:32 - mmengine - INFO - Epoch(train) [1][ 620/7116]  lr: 1.0000e-02  eta: 8:19:05  time: 1.5713  data_time: 1.3481  memory: 2146  grad_norm: 4.8666  loss: 6.5930  top1_acc: 0.0000  top5_acc: 0.0000  loss_cls: 6.5930
11/16 16:55:01 - mmengine - INFO - Epoch(train) [1][ 640/7116]  lr: 1.0000e-02  eta: 8:18:45  time: 1.4581  data_time: 1.2361  memory: 2146  grad_norm: 4.5987  loss: 6.8776  top1_acc: 0.0000  top5_acc: 0.0000  loss_cls: 6.8776
11/16 16:55:31 - mmengine - INFO - Epoch(train) [1][ 660/7116]  lr: 1.0000e-02  eta: 8:18:43  time: 1.4879  data_time: 1.2666  memory: 2146  grad_norm: 4.3050  loss: 6.9506  top1_acc: 0.0000  top5_acc: 0.0000  loss_cls: 6.9506
11/16 16:55:58 - mmengine - INFO - Epoch(train) [1][ 680/7116]  lr: 1.0000e-02  eta: 8:17:28  time: 1.3716  data_time: 1.1503  memory: 2146  grad_norm: 4.5569  loss: 6.5376  top1_acc: 0.0000  top5_acc: 0.2500  loss_cls: 6.5376
11/16 16:56:24 - mmengine - INFO - Epoch(train) [1][ 700/7116]  lr: 1.0000e-02  eta: 8:15:23  time: 1.2806  data_time: 1.0595  memory: 2146  grad_norm: 4.3763  loss: 6.5666  top1_acc: 0.2500  top5_acc: 0.2500  loss_cls: 6.5666
11/16 16:56:50 - mmengine - INFO - Epoch(train) [1][ 720/7116]  lr: 1.0000e-02  eta: 8:13:50  time: 1.3280  data_time: 1.1071  memory: 2146  grad_norm: 4.7623  loss: 6.6766  top1_acc: 0.0000  top5_acc: 0.0000  loss_cls: 6.6766
11/16 16:57:17 - mmengine - INFO - Epoch(train) [1][ 740/7116]  lr: 1.0000e-02  eta: 8:12:33  time: 1.3488  data_time: 1.1269  memory: 2146  grad_norm: 4.1889  loss: 6.7745  top1_acc: 0.0000  top5_acc: 0.0000  loss_cls: 6.7745
11/16 16:57:47 - mmengine - INFO - Epoch(train) [1][ 760/7116]  lr: 1.0000e-02  eta: 8:12:23  time: 1.4685  data_time: 1.2473  memory: 2146  grad_norm: 3.7302  loss: 6.8614  top1_acc: 0.0000  top5_acc: 0.2500  loss_cls: 6.8614
11/16 16:58:14 - mmengine - INFO - Epoch(train) [1][ 780/7116]  lr: 1.0000e-02  eta: 8:11:28  time: 1.3862  data_time: 1.1650  memory: 2146  grad_norm: 4.8670  loss: 6.5883  top1_acc: 0.0000  top5_acc: 0.0000  loss_cls: 6.5883
11/16 16:58:45 - mmengine - INFO - Epoch(train) [1][ 800/7116]  lr: 1.0000e-02  eta: 8:11:41  time: 1.5141  data_time: 1.2928  memory: 2146  grad_norm: 4.0164  loss: 6.7356  top1_acc: 0.0000  top5_acc: 0.2500  loss_cls: 6.7356
11/16 16:59:11 - mmengine - INFO - Epoch(train) [1][ 820/7116]  lr: 1.0000e-02  eta: 8:10:05  time: 1.3020  data_time: 1.0801  memory: 2146  grad_norm: 4.3755  loss: 6.7162  top1_acc: 0.0000  top5_acc: 0.0000  loss_cls: 6.7162
11/16 16:59:37 - mmengine - INFO - Epoch(train) [1][ 840/7116]  lr: 1.0000e-02  eta: 8:08:43  time: 1.3237  data_time: 1.1025  memory: 2146  grad_norm: 4.1286  loss: 6.5663  top1_acc: 0.0000  top5_acc: 0.0000  loss_cls: 6.5663
11/16 17:00:11 - mmengine - INFO - Epoch(train) [1][ 860/7116]  lr: 1.0000e-02  eta: 8:10:13  time: 1.6772  data_time: 1.4562  memory: 2146  grad_norm: 4.6952  loss: 6.2929  top1_acc: 0.0000  top5_acc: 0.2500  loss_cls: 6.2929
11/16 17:00:38 - mmengine - INFO - Epoch(train) [1][ 880/7116]  lr: 1.0000e-02  eta: 8:09:08  time: 1.3589  data_time: 1.1374  memory: 2146  grad_norm: 4.0629  loss: 6.8306  top1_acc: 0.0000  top5_acc: 0.0000  loss_cls: 6.8306
11/16 17:01:04 - mmengine - INFO - Epoch(train) [1][ 900/7116]  lr: 1.0000e-02  eta: 8:07:47  time: 1.3182  data_time: 1.0973  memory: 2146  grad_norm: 3.8719  loss: 6.9575  top1_acc: 0.0000  top5_acc: 0.0000  loss_cls: 6.9575
11/16 17:01:30 - mmengine - INFO - Epoch(train) [1][ 920/7116]  lr: 1.0000e-02  eta: 8:06:13  time: 1.2847  data_time: 1.0639  memory: 2146  grad_norm: 4.3402  loss: 6.6124  top1_acc: 0.0000  top5_acc: 0.0000  loss_cls: 6.6124
11/16 17:02:00 - mmengine - INFO - Epoch(train) [1][ 940/7116]  lr: 1.0000e-02  eta: 8:06:07  time: 1.4801  data_time: 1.2594  memory: 2146  grad_norm: 3.7023  loss: 6.8242  top1_acc: 0.0000  top5_acc: 0.0000  loss_cls: 6.8242
11/16 17:02:28 - mmengine - INFO - Epoch(train) [1][ 960/7116]  lr: 1.0000e-02  eta: 8:05:28  time: 1.4050  data_time: 1.1837  memory: 2146  grad_norm: 4.2919  loss: 6.7257  top1_acc: 0.0000  top5_acc: 0.0000  loss_cls: 6.7257
11/16 17:02:56 - mmengine - INFO - Epoch(train) [1][ 980/7116]  lr: 1.0000e-02  eta: 8:05:05  time: 1.4398  data_time: 1.2183  memory: 2146  grad_norm: 4.0650  loss: 6.4044  top1_acc: 0.0000  top5_acc: 0.0000  loss_cls: 6.4044
11/16 17:03:26 - mmengine - INFO - Exp name: x3d_s_epic100_13x6x1_rgb_20251116_163932
11/16 17:03:26 - mmengine - INFO - Epoch(train) [1][1000/7116]  lr: 1.0000e-02  eta: 8:05:05  time: 1.5014  data_time: 1.2804  memory: 2146  grad_norm: 3.8397  loss: 6.7709  top1_acc: 0.2500  top5_acc: 0.2500  loss_cls: 6.7709
11/16 17:03:52 - mmengine - INFO - Epoch(train) [1][1020/7116]  lr: 1.0000e-02  eta: 8:03:39  time: 1.2848  data_time: 1.0638  memory: 2146  grad_norm: 4.0018  loss: 6.7826  top1_acc: 0.0000  top5_acc: 0.2500  loss_cls: 6.7826
11/16 17:04:17 - mmengine - INFO - Epoch(train) [1][1040/7116]  lr: 1.0000e-02  eta: 8:02:00  time: 1.2478  data_time: 1.0266  memory: 2146  grad_norm: 4.0892  loss: 6.6541  top1_acc: 0.0000  top5_acc: 0.0000  loss_cls: 6.6541
11/16 17:04:48 - mmengine - INFO - Epoch(train) [1][1060/7116]  lr: 1.0000e-02  eta: 8:02:13  time: 1.5325  data_time: 1.3102  memory: 2146  grad_norm: 3.8280  loss: 6.6896  top1_acc: 0.0000  top5_acc: 0.0000  loss_cls: 6.6896
11/16 17:05:17 - mmengine - INFO - Epoch(train) [1][1080/7116]  lr: 1.0000e-02  eta: 8:02:02  time: 1.4719  data_time: 1.2509  memory: 2146  grad_norm: 3.6405  loss: 6.6939  top1_acc: 0.0000  top5_acc: 0.0000  loss_cls: 6.6939
11/16 17:05:40 - mmengine - INFO - Epoch(train) [1][1100/7116]  lr: 1.0000e-02  eta: 7:59:53  time: 1.1550  data_time: 0.9317  memory: 2146  grad_norm: 3.6531  loss: 6.7460  top1_acc: 0.0000  top5_acc: 0.0000  loss_cls: 6.7460
11/16 17:06:12 - mmengine - INFO - Epoch(train) [1][1120/7116]  lr: 1.0000e-02  eta: 8:00:27  time: 1.5961  data_time: 1.3737  memory: 2146  grad_norm: 3.4432  loss: 6.9058  top1_acc: 0.0000  top5_acc: 0.0000  loss_cls: 6.9058
11/16 17:06:43 - mmengine - INFO - Epoch(train) [1][1140/7116]  lr: 1.0000e-02  eta: 8:00:38  time: 1.5342  data_time: 1.3130  memory: 2146  grad_norm: 3.4066  loss: 6.7697  top1_acc: 0.0000  top5_acc: 0.0000  loss_cls: 6.7697
11/16 17:07:11 - mmengine - INFO - Epoch(train) [1][1160/7116]  lr: 1.0000e-02  eta: 8:00:05  time: 1.4142  data_time: 1.1926  memory: 2146  grad_norm: 3.7460  loss: 6.4716  top1_acc: 0.0000  top5_acc: 0.0000  loss_cls: 6.4716
11/16 17:07:44 - mmengine - INFO - Epoch(train) [1][1180/7116]  lr: 1.0000e-02  eta: 8:00:46  time: 1.6317  data_time: 1.4102  memory: 2146  grad_norm: 3.9801  loss: 6.5710  top1_acc: 0.0000  top5_acc: 0.0000  loss_cls: 6.5710
11/16 17:08:08 - mmengine - INFO - Epoch(train) [1][1200/7116]  lr: 1.0000e-02  eta: 7:58:58  time: 1.1940  data_time: 0.9714  memory: 2146  grad_norm: 3.4450  loss: 6.7350  top1_acc: 0.0000  top5_acc: 0.0000  loss_cls: 6.7350
11/16 17:08:32 - mmengine - INFO - Epoch(train) [1][1220/7116]  lr: 1.0000e-02  eta: 7:57:26  time: 1.2346  data_time: 1.0114  memory: 2146  grad_norm: 3.5580  loss: 6.6023  top1_acc: 0.0000  top5_acc: 0.0000  loss_cls: 6.6023
11/16 17:09:02 - mmengine - INFO - Epoch(train) [1][1240/7116]  lr: 1.0000e-02  eta: 7:57:17  time: 1.4826  data_time: 1.2603  memory: 2146  grad_norm: 3.6183  loss: 6.6645  top1_acc: 0.0000  top5_acc: 0.0000  loss_cls: 6.6645
11/16 17:09:25 - mmengine - INFO - Epoch(train) [1][1260/7116]  lr: 1.0000e-02  eta: 7:55:26  time: 1.1646  data_time: 0.9406  memory: 2146  grad_norm: 3.4032  loss: 6.6997  top1_acc: 0.0000  top5_acc: 0.5000  loss_cls: 6.6997
11/16 17:09:54 - mmengine - INFO - Epoch(train) [1][1280/7116]  lr: 1.0000e-02  eta: 7:55:00  time: 1.4290  data_time: 1.2076  memory: 2146  grad_norm: 3.6399  loss: 6.6102  top1_acc: 0.0000  top5_acc: 0.0000  loss_cls: 6.6102
11/16 17:10:19 - mmengine - INFO - Epoch(train) [1][1300/7116]  lr: 1.0000e-02  eta: 7:53:35  time: 1.2363  data_time: 1.0143  memory: 2146  grad_norm: 3.6650  loss: 6.6155  top1_acc: 0.0000  top5_acc: 0.0000  loss_cls: 6.6155
11/16 17:10:46 - mmengine - INFO - Epoch(train) [1][1320/7116]  lr: 1.0000e-02  eta: 7:52:54  time: 1.3745  data_time: 1.1520  memory: 2146  grad_norm: 3.4703  loss: 6.6693  top1_acc: 0.0000  top5_acc: 0.0000  loss_cls: 6.6693
11/16 17:11:19 - mmengine - INFO - Epoch(train) [1][1340/7116]  lr: 1.0000e-02  eta: 7:53:35  time: 1.6485  data_time: 1.4269  memory: 2146  grad_norm: 3.5497  loss: 6.5999  top1_acc: 0.0000  top5_acc: 0.0000  loss_cls: 6.5999
11/16 17:11:52 - mmengine - INFO - Epoch(train) [1][1360/7116]  lr: 1.0000e-02  eta: 7:54:15  time: 1.6525  data_time: 1.4312  memory: 2146  grad_norm: 3.3607  loss: 6.7830  top1_acc: 0.0000  top5_acc: 0.0000  loss_cls: 6.7830
11/16 17:12:17 - mmengine - INFO - Epoch(train) [1][1380/7116]  lr: 1.0000e-02  eta: 7:52:50  time: 1.2309  data_time: 1.0088  memory: 2146  grad_norm: 3.7938  loss: 6.3793  top1_acc: 0.2500  top5_acc: 0.2500  loss_cls: 6.3793
11/16 17:12:39 - mmengine - INFO - Epoch(train) [1][1400/7116]  lr: 1.0000e-02  eta: 7:50:53  time: 1.1090  data_time: 0.8859  memory: 2146  grad_norm: 3.3620  loss: 6.6776  top1_acc: 0.0000  top5_acc: 0.0000  loss_cls: 6.6776
11/16 17:13:08 - mmengine - INFO - Epoch(train) [1][1420/7116]  lr: 1.0000e-02  eta: 7:50:38  time: 1.4625  data_time: 1.2405  memory: 2146  grad_norm: 3.2276  loss: 6.7675  top1_acc: 0.0000  top5_acc: 0.0000  loss_cls: 6.7675
11/16 17:13:41 - mmengine - INFO - Epoch(train) [1][1440/7116]  lr: 1.0000e-02  eta: 7:51:17  time: 1.6615  data_time: 1.4406  memory: 2146  grad_norm: 3.2878  loss: 6.5858  top1_acc: 0.0000  top5_acc: 0.0000  loss_cls: 6.5858
11/16 17:14:08 - mmengine - INFO - Epoch(train) [1][1460/7116]  lr: 1.0000e-02  eta: 7:50:23  time: 1.3266  data_time: 1.1046  memory: 2146  grad_norm: 3.3485  loss: 6.6779  top1_acc: 0.0000  top5_acc: 0.0000  loss_cls: 6.6779
11/16 17:14:32 - mmengine - INFO - Epoch(train) [1][1480/7116]  lr: 1.0000e-02  eta: 7:48:55  time: 1.1982  data_time: 0.9770  memory: 2146  grad_norm: 3.4517  loss: 6.6285  top1_acc: 0.0000  top5_acc: 0.0000  loss_cls: 6.6285
11/16 17:15:06 - mmengine - INFO - Epoch(train) [1][1500/7116]  lr: 1.0000e-02  eta: 7:49:48  time: 1.7244  data_time: 1.5014  memory: 2146  grad_norm: 3.4133  loss: 6.4921  top1_acc: 0.0000  top5_acc: 0.0000  loss_cls: 6.4921
11/16 17:15:32 - mmengine - INFO - Epoch(train) [1][1520/7116]  lr: 1.0000e-02  eta: 7:48:44  time: 1.2827  data_time: 1.0597  memory: 2146  grad_norm: 3.6695  loss: 6.4556  top1_acc: 0.0000  top5_acc: 0.0000  loss_cls: 6.4556
11/16 17:15:57 - mmengine - INFO - Epoch(train) [1][1540/7116]  lr: 1.0000e-02  eta: 7:47:25  time: 1.2217  data_time: 0.9978  memory: 2146  grad_norm: 3.2961  loss: 6.7365  top1_acc: 0.0000  top5_acc: 0.0000  loss_cls: 6.7365
11/16 17:16:22 - mmengine - INFO - Epoch(train) [1][1560/7116]  lr: 1.0000e-02  eta: 7:46:16  time: 1.2528  data_time: 1.0308  memory: 2146  grad_norm: 3.1111  loss: 6.5700  top1_acc: 0.0000  top5_acc: 0.2500  loss_cls: 6.5700
11/16 17:16:49 - mmengine - INFO - Epoch(train) [1][1580/7116]  lr: 1.0000e-02  eta: 7:45:32  time: 1.3514  data_time: 1.1294  memory: 2146  grad_norm: 3.4670  loss: 6.4425  top1_acc: 0.0000  top5_acc: 0.0000  loss_cls: 6.4425
11/16 17:17:24 - mmengine - INFO - Epoch(train) [1][1600/7116]  lr: 1.0000e-02  eta: 7:46:33  time: 1.7781  data_time: 1.5546  memory: 2146  grad_norm: 3.6082  loss: 6.3138  top1_acc: 0.0000  top5_acc: 0.0000  loss_cls: 6.3138
11/16 17:17:53 - mmengine - INFO - Epoch(train) [1][1620/7116]  lr: 1.0000e-02  eta: 7:46:13  time: 1.4505  data_time: 1.2287  memory: 2146  grad_norm: 3.4701  loss: 6.6687  top1_acc: 0.0000  top5_acc: 0.0000  loss_cls: 6.6687
11/16 17:18:16 - mmengine - INFO - Epoch(train) [1][1640/7116]  lr: 1.0000e-02  eta: 7:44:41  time: 1.1543  data_time: 0.9311  memory: 2146  grad_norm: 3.1997  loss: 6.3749  top1_acc: 0.0000  top5_acc: 0.0000  loss_cls: 6.3749
11/16 17:18:43 - mmengine - INFO - Epoch(train) [1][1660/7116]  lr: 1.0000e-02  eta: 7:43:59  time: 1.3534  data_time: 1.1304  memory: 2146  grad_norm: 3.2563  loss: 7.0014  top1_acc: 0.0000  top5_acc: 0.2500  loss_cls: 7.0014
11/16 17:19:09 - mmengine - INFO - Epoch(train) [1][1680/7116]  lr: 1.0000e-02  eta: 7:42:59  time: 1.2808  data_time: 1.0597  memory: 2146  grad_norm: 2.6624  loss: 6.8104  top1_acc: 0.0000  top5_acc: 0.2500  loss_cls: 6.8104
11/16 17:19:38 - mmengine - INFO - Epoch(train) [1][1700/7116]  lr: 1.0000e-02  eta: 7:42:41  time: 1.4580  data_time: 1.2359  memory: 2146  grad_norm: 3.2064  loss: 6.6852  top1_acc: 0.0000  top5_acc: 0.0000  loss_cls: 6.6852
11/16 17:20:08 - mmengine - INFO - Epoch(train) [1][1720/7116]  lr: 1.0000e-02  eta: 7:42:28  time: 1.4789  data_time: 1.2563  memory: 2146  grad_norm: 3.2534  loss: 6.7083  top1_acc: 0.0000  top5_acc: 0.0000  loss_cls: 6.7083
11/16 17:20:35 - mmengine - INFO - Epoch(train) [1][1740/7116]  lr: 1.0000e-02  eta: 7:41:54  time: 1.3892  data_time: 1.1670  memory: 2146  grad_norm: 3.2401  loss: 6.4474  top1_acc: 0.0000  top5_acc: 0.0000  loss_cls: 6.4474
11/16 17:21:02 - mmengine - INFO - Epoch(train) [1][1760/7116]  lr: 1.0000e-02  eta: 7:41:06  time: 1.3252  data_time: 1.1023  memory: 2146  grad_norm: 3.3321  loss: 6.5938  top1_acc: 0.0000  top5_acc: 0.2500  loss_cls: 6.5938
11/16 17:21:34 - mmengine - INFO - Epoch(train) [1][1780/7116]  lr: 1.0000e-02  eta: 7:41:17  time: 1.5910  data_time: 1.3699  memory: 2146  grad_norm: 3.1389  loss: 6.7571  top1_acc: 0.0000  top5_acc: 0.0000  loss_cls: 6.7571
11/16 17:22:00 - mmengine - INFO - Epoch(train) [1][1800/7116]  lr: 1.0000e-02  eta: 7:40:27  time: 1.3135  data_time: 1.0925  memory: 2146  grad_norm: 2.7848  loss: 6.8244  top1_acc: 0.0000  top5_acc: 0.0000  loss_cls: 6.8244
11/16 17:22:23 - mmengine - INFO - Epoch(train) [1][1820/7116]  lr: 1.0000e-02  eta: 7:39:06  time: 1.1685  data_time: 0.9442  memory: 2146  grad_norm: 3.1442  loss: 6.5471  top1_acc: 0.0000  top5_acc: 0.0000  loss_cls: 6.5471
11/16 17:22:53 - mmengine - INFO - Epoch(train) [1][1840/7116]  lr: 1.0000e-02  eta: 7:38:52  time: 1.4777  data_time: 1.2533  memory: 2146  grad_norm: 3.2142  loss: 6.3639  top1_acc: 0.0000  top5_acc: 0.0000  loss_cls: 6.3639
11/16 17:23:22 - mmengine - INFO - Epoch(train) [1][1860/7116]  lr: 1.0000e-02  eta: 7:38:37  time: 1.4704  data_time: 1.2476  memory: 2146  grad_norm: 3.5270  loss: 6.4375  top1_acc: 0.0000  top5_acc: 0.0000  loss_cls: 6.4375
11/16 17:23:56 - mmengine - INFO - Epoch(train) [1][1880/7116]  lr: 1.0000e-02  eta: 7:39:03  time: 1.6762  data_time: 1.4541  memory: 2146  grad_norm: 2.9816  loss: 6.6498  top1_acc: 0.0000  top5_acc: 0.5000  loss_cls: 6.6498
11/16 17:24:22 - mmengine - INFO - Epoch(train) [1][1900/7116]  lr: 1.0000e-02  eta: 7:38:16  time: 1.3213  data_time: 1.0994  memory: 2146  grad_norm: 3.3967  loss: 6.4834  top1_acc: 0.0000  top5_acc: 0.2500  loss_cls: 6.4834
11/16 17:24:53 - mmengine - INFO - Epoch(train) [1][1920/7116]  lr: 1.0000e-02  eta: 7:38:10  time: 1.5261  data_time: 1.3042  memory: 2146  grad_norm: 3.0468  loss: 6.7381  top1_acc: 0.0000  top5_acc: 0.0000  loss_cls: 6.7381
11/16 17:25:22 - mmengine - INFO - Epoch(train) [1][1940/7116]  lr: 1.0000e-02  eta: 7:37:52  time: 1.4663  data_time: 1.2435  memory: 2146  grad_norm: 3.1184  loss: 6.5875  top1_acc: 0.0000  top5_acc: 0.2500  loss_cls: 6.5875
11/16 17:25:47 - mmengine - INFO - Epoch(train) [1][1960/7116]  lr: 1.0000e-02  eta: 7:36:48  time: 1.2341  data_time: 1.0127  memory: 2146  grad_norm: 2.9297  loss: 6.6557  top1_acc: 0.0000  top5_acc: 0.0000  loss_cls: 6.6557
11/16 17:26:09 - mmengine - INFO - Epoch(train) [1][1980/7116]  lr: 1.0000e-02  eta: 7:35:22  time: 1.1204  data_time: 0.8984  memory: 2146  grad_norm: 3.3239  loss: 6.5873  top1_acc: 0.0000  top5_acc: 0.0000  loss_cls: 6.5873
11/16 17:26:35 - mmengine - INFO - Exp name: x3d_s_epic100_13x6x1_rgb_20251116_163932
11/16 17:26:35 - mmengine - INFO - Epoch(train) [1][2000/7116]  lr: 1.0000e-02  eta: 7:34:32  time: 1.2995  data_time: 1.0763  memory: 2146  grad_norm: 2.8164  loss: 6.6096  top1_acc: 0.0000  top5_acc: 0.0000  loss_cls: 6.6096
11/16 17:27:00 - mmengine - INFO - Epoch(train) [1][2020/7116]  lr: 1.0000e-02  eta: 7:33:33  time: 1.2479  data_time: 1.0261  memory: 2146  grad_norm: 3.6781  loss: 6.3526  top1_acc: 0.0000  top5_acc: 0.0000  loss_cls: 6.3526
11/16 17:27:36 - mmengine - INFO - Epoch(train) [1][2040/7116]  lr: 1.0000e-02  eta: 7:34:15  time: 1.7767  data_time: 1.5550  memory: 2146  grad_norm: 2.9949  loss: 6.5745  top1_acc: 0.0000  top5_acc: 0.0000  loss_cls: 6.5745
11/16 17:28:04 - mmengine - INFO - Epoch(train) [1][2060/7116]  lr: 1.0000e-02  eta: 7:33:49  time: 1.4212  data_time: 1.2002  memory: 2146  grad_norm: 2.9458  loss: 6.7820  top1_acc: 0.0000  top5_acc: 0.0000  loss_cls: 6.7820
11/16 17:28:37 - mmengine - INFO - Epoch(train) [1][2080/7116]  lr: 1.0000e-02  eta: 7:34:04  time: 1.6458  data_time: 1.4231  memory: 2146  grad_norm: 3.1059  loss: 6.6471  top1_acc: 0.0000  top5_acc: 0.2500  loss_cls: 6.6471
11/16 17:29:03 - mmengine - INFO - Epoch(train) [1][2100/7116]  lr: 1.0000e-02  eta: 7:33:11  time: 1.2833  data_time: 1.0611  memory: 2146  grad_norm: 2.8712  loss: 6.4926  top1_acc: 0.0000  top5_acc: 0.2500  loss_cls: 6.4926
11/16 17:29:28 - mmengine - INFO - Epoch(train) [1][2120/7116]  lr: 1.0000e-02  eta: 7:32:18  time: 1.2719  data_time: 1.0504  memory: 2146  grad_norm: 3.2197  loss: 6.3851  top1_acc: 0.0000  top5_acc: 0.0000  loss_cls: 6.3851
11/16 17:29:58 - mmengine - INFO - Epoch(train) [1][2140/7116]  lr: 1.0000e-02  eta: 7:32:03  time: 1.4873  data_time: 1.2659  memory: 2146  grad_norm: 3.1443  loss: 6.2492  top1_acc: 0.0000  top5_acc: 0.0000  loss_cls: 6.2492
11/16 17:30:26 - mmengine - INFO - Epoch(train) [1][2160/7116]  lr: 1.0000e-02  eta: 7:31:33  time: 1.4030  data_time: 1.1804  memory: 2146  grad_norm: 3.0967  loss: 6.9443  top1_acc: 0.0000  top5_acc: 0.0000  loss_cls: 6.9443
11/16 17:30:51 - mmengine - INFO - Epoch(train) [1][2180/7116]  lr: 1.0000e-02  eta: 7:30:35  time: 1.2420  data_time: 1.0175  memory: 2146  grad_norm: 3.0262  loss: 6.3344  top1_acc: 0.0000  top5_acc: 0.0000  loss_cls: 6.3344
11/16 17:31:20 - mmengine - INFO - Epoch(train) [1][2200/7116]  lr: 1.0000e-02  eta: 7:30:18  time: 1.4724  data_time: 1.2508  memory: 2146  grad_norm: 3.2660  loss: 6.4104  top1_acc: 0.0000  top5_acc: 0.0000  loss_cls: 6.4104
11/16 17:31:45 - mmengine - INFO - Epoch(train) [1][2220/7116]  lr: 1.0000e-02  eta: 7:29:17  time: 1.2247  data_time: 1.0013  memory: 2146  grad_norm: 2.8839  loss: 6.5661  top1_acc: 0.0000  top5_acc: 0.2500  loss_cls: 6.5661
11/16 17:32:17 - mmengine - INFO - Epoch(train) [1][2240/7116]  lr: 1.0000e-02  eta: 7:29:24  time: 1.6128  data_time: 1.3917  memory: 2146  grad_norm: 3.1642  loss: 6.2735  top1_acc: 0.0000  top5_acc: 0.2500  loss_cls: 6.2735
11/16 17:32:42 - mmengine - INFO - Epoch(train) [1][2260/7116]  lr: 1.0000e-02  eta: 7:28:29  time: 1.2560  data_time: 1.0346  memory: 2146  grad_norm: 2.8841  loss: 6.8511  top1_acc: 0.0000  top5_acc: 0.0000  loss_cls: 6.8511
11/16 17:33:10 - mmengine - INFO - Epoch(train) [1][2280/7116]  lr: 1.0000e-02  eta: 7:27:54  time: 1.3696  data_time: 1.1463  memory: 2146  grad_norm: 2.7401  loss: 6.5849  top1_acc: 0.0000  top5_acc: 0.2500  loss_cls: 6.5849
11/16 17:33:36 - mmengine - INFO - Epoch(train) [1][2300/7116]  lr: 1.0000e-02  eta: 7:27:09  time: 1.3057  data_time: 1.0822  memory: 2146  grad_norm: 3.0228  loss: 6.6767  top1_acc: 0.0000  top5_acc: 0.2500  loss_cls: 6.6767
11/16 17:34:04 - mmengine - INFO - Epoch(train) [1][2320/7116]  lr: 1.0000e-02  eta: 7:26:42  time: 1.4127  data_time: 1.1909  memory: 2146  grad_norm: 3.0594  loss: 6.3558  top1_acc: 0.0000  top5_acc: 0.2500  loss_cls: 6.3558
11/16 17:34:30 - mmengine - INFO - Epoch(train) [1][2340/7116]  lr: 1.0000e-02  eta: 7:25:58  time: 1.3144  data_time: 1.0926  memory: 2146  grad_norm: 3.1022  loss: 6.6594  top1_acc: 0.0000  top5_acc: 0.2500  loss_cls: 6.6594
11/16 17:34:54 - mmengine - INFO - Epoch(train) [1][2360/7116]  lr: 1.0000e-02  eta: 7:24:57  time: 1.2022  data_time: 0.9809  memory: 2146  grad_norm: 3.0970  loss: 6.3734  top1_acc: 0.0000  top5_acc: 0.2500  loss_cls: 6.3734
11/16 17:35:20 - mmengine - INFO - Epoch(train) [1][2380/7116]  lr: 1.0000e-02  eta: 7:24:12  time: 1.3021  data_time: 1.0794  memory: 2146  grad_norm: 2.7850  loss: 6.7230  top1_acc: 0.0000  top5_acc: 0.0000  loss_cls: 6.7230
11/16 17:35:52 - mmengine - INFO - Epoch(train) [1][2400/7116]  lr: 1.0000e-02  eta: 7:24:12  time: 1.5834  data_time: 1.3606  memory: 2146  grad_norm: 3.1155  loss: 6.2825  top1_acc: 0.0000  top5_acc: 0.2500  loss_cls: 6.2825
11/16 17:36:21 - mmengine - INFO - Epoch(train) [1][2420/7116]  lr: 1.0000e-02  eta: 7:23:50  time: 1.4456  data_time: 1.2237  memory: 2146  grad_norm: 3.1408  loss: 6.7286  top1_acc: 0.0000  top5_acc: 0.2500  loss_cls: 6.7286
11/16 17:36:47 - mmengine - INFO - Epoch(train) [1][2440/7116]  lr: 1.0000e-02  eta: 7:23:03  time: 1.2846  data_time: 1.0612  memory: 2146  grad_norm: 2.6257  loss: 6.7979  top1_acc: 0.0000  top5_acc: 0.2500  loss_cls: 6.7979
11/16 17:37:13 - mmengine - INFO - Epoch(train) [1][2460/7116]  lr: 1.0000e-02  eta: 7:22:24  time: 1.3344  data_time: 1.1132  memory: 2146  grad_norm: 2.8019  loss: 6.6207  top1_acc: 0.0000  top5_acc: 0.2500  loss_cls: 6.6207
11/16 17:37:43 - mmengine - INFO - Epoch(train) [1][2480/7116]  lr: 1.0000e-02  eta: 7:22:11  time: 1.5051  data_time: 1.2841  memory: 2146  grad_norm: 3.0046  loss: 6.4012  top1_acc: 0.0000  top5_acc: 0.2500  loss_cls: 6.4012
11/16 17:38:13 - mmengine - INFO - Epoch(train) [1][2500/7116]  lr: 1.0000e-02  eta: 7:21:56  time: 1.4922  data_time: 1.2706  memory: 2146  grad_norm: 2.9839  loss: 6.7898  top1_acc: 0.0000  top5_acc: 0.0000  loss_cls: 6.7898
11/16 17:38:37 - mmengine - INFO - Epoch(train) [1][2520/7116]  lr: 1.0000e-02  eta: 7:20:58  time: 1.2054  data_time: 0.9829  memory: 2146  grad_norm: 2.4850  loss: 6.5052  top1_acc: 0.0000  top5_acc: 0.0000  loss_cls: 6.5052
11/16 17:39:00 - mmengine - INFO - Epoch(train) [1][2540/7116]  lr: 1.0000e-02  eta: 7:19:51  time: 1.1439  data_time: 0.9222  memory: 2146  grad_norm: 3.0500  loss: 6.5812  top1_acc: 0.0000  top5_acc: 0.0000  loss_cls: 6.5812
