/data/leuven/380/vsc38053/miniconda3/envs/mmaction_clean/lib/python3.10/site-packages/mmengine/optim/optimizer/zero_optimizer.py:11: DeprecationWarning: `TorchScript` support for functional optimizers is deprecated and will be removed in a future PyTorch release. Consider using the `torch.compile` optimizer instead.
  from torch.distributed.optim import \
/data/leuven/380/vsc38053/miniconda3/envs/mmaction_clean/lib/python3.10/site-packages/mmcv/cnn/bricks/transformer.py:33: UserWarning: Fail to import ``MultiScaleDeformableAttention`` from ``mmcv.ops.multi_scale_deform_attn``, You should install ``mmcv`` rather than ``mmcv-lite`` if you need this module. 
  warnings.warn('Fail to import ``MultiScaleDeformableAttention`` from '
Traceback (most recent call last):
  File "/vsc-hard-mounts/leuven-data/380/vsc38053/RD_Project/mmaction2/tools/train.py", line 143, in <module>
    main()
  File "/vsc-hard-mounts/leuven-data/380/vsc38053/RD_Project/mmaction2/tools/train.py", line 132, in main
    runner = Runner.from_cfg(cfg)
  File "/data/leuven/380/vsc38053/miniconda3/envs/mmaction_clean/lib/python3.10/site-packages/mmengine/runner/runner.py", line 462, in from_cfg
    runner = cls(
  File "/data/leuven/380/vsc38053/miniconda3/envs/mmaction_clean/lib/python3.10/site-packages/mmengine/runner/runner.py", line 431, in __init__
    self.model = self.wrap_model(
  File "/data/leuven/380/vsc38053/miniconda3/envs/mmaction_clean/lib/python3.10/site-packages/mmengine/runner/runner.py", line 881, in wrap_model
    model = revert_sync_batchnorm(model)
  File "/data/leuven/380/vsc38053/miniconda3/envs/mmaction_clean/lib/python3.10/site-packages/mmengine/model/utils.py", line 174, in revert_sync_batchnorm
    from mmcv.ops import SyncBatchNorm
  File "/data/leuven/380/vsc38053/miniconda3/envs/mmaction_clean/lib/python3.10/site-packages/mmcv/ops/__init__.py", line 3, in <module>
    from .active_rotated_filter import active_rotated_filter
  File "/data/leuven/380/vsc38053/miniconda3/envs/mmaction_clean/lib/python3.10/site-packages/mmcv/ops/active_rotated_filter.py", line 10, in <module>
    ext_module = ext_loader.load_ext(
  File "/data/leuven/380/vsc38053/miniconda3/envs/mmaction_clean/lib/python3.10/site-packages/mmcv/utils/ext_loader.py", line 13, in load_ext
    ext = importlib.import_module('mmcv.' + name)
  File "/data/leuven/380/vsc38053/miniconda3/envs/mmaction_clean/lib/python3.10/importlib/__init__.py", line 126, in import_module
    return _bootstrap._gcd_import(name[level:], package, level)
ImportError: /data/leuven/380/vsc38053/miniconda3/envs/mmaction_clean/lib/python3.10/site-packages/mmcv/_ext.cpython-310-x86_64-linux-gnu.so: undefined symbol: _ZN3c105ErrorC2ENS_14SourceLocationENSt7__cxx1112basic_stringIcSt11char_traitsIcESaIcEEE
